2019-03-15 09:55:59.281 INFO  --- [StartupInfoLogger.java:50][restartedMain] - Starting MyApplication on DESKTOP-BHGM3HS with PID 11328 (D:\projects\hr_and_project_outsourcing_platform\src\web\hpos\back\target\classes started by hasee in D:\projects\hr_and_project_outsourcing_platform\src\web\hpos\back)
2019-03-15 09:55:59.288 INFO  --- [SpringApplication.java:675][restartedMain] - No active profile set, falling back to default profiles: default
2019-03-15 09:56:16.266 INFO  --- [StartupInfoLogger.java:59][restartedMain] - Started MyApplication in 18.849 seconds (JVM running for 28.28)
2019-03-15 09:56:39.602 INFO  --- [HikariDataSource.java:110][http-nio-8080-exec-1] - HikariPool-1 - Starting...
2019-03-15 09:56:39.848 INFO  --- [HikariDataSource.java:123][http-nio-8080-exec-1] - HikariPool-1 - Start completed.
2019-03-15 09:56:39.859 DEBUG --- [BaseJdbcLogger.java:159][http-nio-8080-exec-1] - ==>  Preparing: SELECT u.id userId, u.username username, u.password password, u.nickname nickName FROM sys_user u WHERE u.username = ? AND u.password = ? AND u.delete_status = '1' 
2019-03-15 09:56:39.899 DEBUG --- [BaseJdbcLogger.java:159][http-nio-8080-exec-1] - ==> Parameters: admin(String), 123456(String)
2019-03-15 09:56:39.946 DEBUG --- [BaseJdbcLogger.java:159][http-nio-8080-exec-1] - <==      Total: 1
2019-03-15 09:56:40.372 DEBUG --- [BaseJdbcLogger.java:159][http-nio-8080-exec-2] - ==>  Preparing: SELECT u.id userId, u.nickname nickname, u.role_id roleId, r.role_name roleName, p.menu_code menuCode, p.permission_code permissionCode FROM sys_user u LEFT JOIN sys_role r ON r.id = u.role_id LEFT JOIN sys_role_permission rp ON u.role_id = rp.role_id LEFT JOIN sys_permission p ON rp.permission_id = p.id AND rp.delete_status = '1' WHERE u.username = ? AND u.delete_status = '1' 
2019-03-15 09:56:40.373 DEBUG --- [BaseJdbcLogger.java:159][http-nio-8080-exec-2] - ==> Parameters: admin(String)
2019-03-15 09:56:40.377 DEBUG --- [BaseJdbcLogger.java:159][http-nio-8080-exec-2] - <==      Total: 1
2019-03-15 09:56:40.420 DEBUG --- [BaseJdbcLogger.java:159][http-nio-8080-exec-2] - ==>  Preparing: SELECT p.menu_code menuCode FROM sys_permission p ORDER BY p.id 
2019-03-15 09:56:40.421 DEBUG --- [BaseJdbcLogger.java:159][http-nio-8080-exec-2] - ==> Parameters: 
2019-03-15 09:56:40.423 DEBUG --- [BaseJdbcLogger.java:159][http-nio-8080-exec-2] - <==      Total: 10
2019-03-15 09:56:40.426 DEBUG --- [BaseJdbcLogger.java:159][http-nio-8080-exec-2] - ==>  Preparing: SELECT p.permission_code permissionCode FROM sys_permission p ORDER BY p.id 
2019-03-15 09:56:40.427 DEBUG --- [BaseJdbcLogger.java:159][http-nio-8080-exec-2] - ==> Parameters: 
2019-03-15 09:56:40.430 DEBUG --- [BaseJdbcLogger.java:159][http-nio-8080-exec-2] - <==      Total: 10
2019-03-15 09:57:11.983 DEBUG --- [BaseJdbcLogger.java:159][http-nio-8080-exec-3] - ==>  Preparing: SELECT u.id userId, u.nickname nickname, u.role_id roleId, r.role_name roleName, p.menu_code menuCode, p.permission_code permissionCode FROM sys_user u LEFT JOIN sys_role r ON r.id = u.role_id LEFT JOIN sys_role_permission rp ON u.role_id = rp.role_id LEFT JOIN sys_permission p ON rp.permission_id = p.id AND rp.delete_status = '1' WHERE u.username = ? AND u.delete_status = '1' 
2019-03-15 09:57:11.986 DEBUG --- [BaseJdbcLogger.java:159][http-nio-8080-exec-3] - ==> Parameters: admin(String)
2019-03-15 09:57:11.990 DEBUG --- [BaseJdbcLogger.java:159][http-nio-8080-exec-3] - <==      Total: 1
2019-03-15 09:57:11.992 DEBUG --- [BaseJdbcLogger.java:159][http-nio-8080-exec-3] - ==>  Preparing: SELECT p.menu_code menuCode FROM sys_permission p ORDER BY p.id 
2019-03-15 09:57:11.994 DEBUG --- [BaseJdbcLogger.java:159][http-nio-8080-exec-3] - ==> Parameters: 
2019-03-15 09:57:11.998 DEBUG --- [BaseJdbcLogger.java:159][http-nio-8080-exec-3] - <==      Total: 10
2019-03-15 09:57:11.999 DEBUG --- [BaseJdbcLogger.java:159][http-nio-8080-exec-3] - ==>  Preparing: SELECT p.permission_code permissionCode FROM sys_permission p ORDER BY p.id 
2019-03-15 09:57:12.000 DEBUG --- [BaseJdbcLogger.java:159][http-nio-8080-exec-3] - ==> Parameters: 
2019-03-15 09:57:12.003 DEBUG --- [BaseJdbcLogger.java:159][http-nio-8080-exec-3] - <==      Total: 10
2019-03-15 09:57:28.895 DEBUG --- [BaseJdbcLogger.java:159][http-nio-8080-exec-4] - ==>  Preparing: SELECT u.id userId, u.nickname nickname, u.role_id roleId, r.role_name roleName, p.menu_code menuCode, p.permission_code permissionCode FROM sys_user u LEFT JOIN sys_role r ON r.id = u.role_id LEFT JOIN sys_role_permission rp ON u.role_id = rp.role_id LEFT JOIN sys_permission p ON rp.permission_id = p.id AND rp.delete_status = '1' WHERE u.username = ? AND u.delete_status = '1' 
2019-03-15 09:57:28.895 DEBUG --- [BaseJdbcLogger.java:159][http-nio-8080-exec-4] - ==> Parameters: admin(String)
2019-03-15 09:57:28.899 DEBUG --- [BaseJdbcLogger.java:159][http-nio-8080-exec-4] - <==      Total: 1
2019-03-15 09:57:28.900 DEBUG --- [BaseJdbcLogger.java:159][http-nio-8080-exec-4] - ==>  Preparing: SELECT p.menu_code menuCode FROM sys_permission p ORDER BY p.id 
2019-03-15 09:57:28.900 DEBUG --- [BaseJdbcLogger.java:159][http-nio-8080-exec-4] - ==> Parameters: 
2019-03-15 09:57:28.902 DEBUG --- [BaseJdbcLogger.java:159][http-nio-8080-exec-4] - <==      Total: 10
2019-03-15 09:57:28.904 DEBUG --- [BaseJdbcLogger.java:159][http-nio-8080-exec-4] - ==>  Preparing: SELECT p.permission_code permissionCode FROM sys_permission p ORDER BY p.id 
2019-03-15 09:57:28.904 DEBUG --- [BaseJdbcLogger.java:159][http-nio-8080-exec-4] - ==> Parameters: 
2019-03-15 09:57:28.906 DEBUG --- [BaseJdbcLogger.java:159][http-nio-8080-exec-4] - <==      Total: 10
2019-03-15 10:01:45.047 DEBUG --- [BaseJdbcLogger.java:159][http-nio-8080-exec-6] - ==>  Preparing: SELECT u.id userId, u.username username, u.password password, u.nickname nickName FROM sys_user u WHERE u.username = ? AND u.password = ? AND u.delete_status = '1' 
2019-03-15 10:01:45.049 DEBUG --- [BaseJdbcLogger.java:159][http-nio-8080-exec-6] - ==> Parameters: admin(String), 123456(String)
2019-03-15 10:01:45.053 DEBUG --- [BaseJdbcLogger.java:159][http-nio-8080-exec-6] - <==      Total: 1
2019-03-15 10:01:45.094 DEBUG --- [BaseJdbcLogger.java:159][http-nio-8080-exec-5] - ==>  Preparing: SELECT u.id userId, u.nickname nickname, u.role_id roleId, r.role_name roleName, p.menu_code menuCode, p.permission_code permissionCode FROM sys_user u LEFT JOIN sys_role r ON r.id = u.role_id LEFT JOIN sys_role_permission rp ON u.role_id = rp.role_id LEFT JOIN sys_permission p ON rp.permission_id = p.id AND rp.delete_status = '1' WHERE u.username = ? AND u.delete_status = '1' 
2019-03-15 10:01:45.095 DEBUG --- [BaseJdbcLogger.java:159][http-nio-8080-exec-5] - ==> Parameters: admin(String)
2019-03-15 10:01:45.101 DEBUG --- [BaseJdbcLogger.java:159][http-nio-8080-exec-5] - <==      Total: 1
2019-03-15 10:01:45.102 DEBUG --- [BaseJdbcLogger.java:159][http-nio-8080-exec-5] - ==>  Preparing: SELECT p.menu_code menuCode FROM sys_permission p ORDER BY p.id 
2019-03-15 10:01:45.103 DEBUG --- [BaseJdbcLogger.java:159][http-nio-8080-exec-5] - ==> Parameters: 
2019-03-15 10:01:45.104 DEBUG --- [BaseJdbcLogger.java:159][http-nio-8080-exec-5] - <==      Total: 10
2019-03-15 10:01:45.105 DEBUG --- [BaseJdbcLogger.java:159][http-nio-8080-exec-5] - ==>  Preparing: SELECT p.permission_code permissionCode FROM sys_permission p ORDER BY p.id 
2019-03-15 10:01:45.106 DEBUG --- [BaseJdbcLogger.java:159][http-nio-8080-exec-5] - ==> Parameters: 
2019-03-15 10:01:45.112 DEBUG --- [BaseJdbcLogger.java:159][http-nio-8080-exec-5] - <==      Total: 10
2019-03-15 10:02:14.530 DEBUG --- [BaseJdbcLogger.java:159][http-nio-8080-exec-7] - ==>  Preparing: SELECT u.id userId, u.nickname nickname, u.role_id roleId, r.role_name roleName, p.menu_code menuCode, p.permission_code permissionCode FROM sys_user u LEFT JOIN sys_role r ON r.id = u.role_id LEFT JOIN sys_role_permission rp ON u.role_id = rp.role_id LEFT JOIN sys_permission p ON rp.permission_id = p.id AND rp.delete_status = '1' WHERE u.username = ? AND u.delete_status = '1' 
2019-03-15 10:02:14.532 DEBUG --- [BaseJdbcLogger.java:159][http-nio-8080-exec-7] - ==> Parameters: admin(String)
2019-03-15 10:02:14.536 DEBUG --- [BaseJdbcLogger.java:159][http-nio-8080-exec-7] - <==      Total: 1
2019-03-15 10:02:14.538 DEBUG --- [BaseJdbcLogger.java:159][http-nio-8080-exec-7] - ==>  Preparing: SELECT p.menu_code menuCode FROM sys_permission p ORDER BY p.id 
2019-03-15 10:02:14.542 DEBUG --- [BaseJdbcLogger.java:159][http-nio-8080-exec-7] - ==> Parameters: 
2019-03-15 10:02:14.548 DEBUG --- [BaseJdbcLogger.java:159][http-nio-8080-exec-7] - <==      Total: 10
2019-03-15 10:02:14.553 DEBUG --- [BaseJdbcLogger.java:159][http-nio-8080-exec-7] - ==>  Preparing: SELECT p.permission_code permissionCode FROM sys_permission p ORDER BY p.id 
2019-03-15 10:02:14.555 DEBUG --- [BaseJdbcLogger.java:159][http-nio-8080-exec-7] - ==> Parameters: 
2019-03-15 10:02:14.559 DEBUG --- [BaseJdbcLogger.java:159][http-nio-8080-exec-7] - <==      Total: 10
2019-03-15 10:02:31.241 DEBUG --- [BaseJdbcLogger.java:159][http-nio-8080-exec-8] - ==>  Preparing: SELECT u.id userId, u.nickname nickname, u.role_id roleId, r.role_name roleName, p.menu_code menuCode, p.permission_code permissionCode FROM sys_user u LEFT JOIN sys_role r ON r.id = u.role_id LEFT JOIN sys_role_permission rp ON u.role_id = rp.role_id LEFT JOIN sys_permission p ON rp.permission_id = p.id AND rp.delete_status = '1' WHERE u.username = ? AND u.delete_status = '1' 
2019-03-15 10:02:31.242 DEBUG --- [BaseJdbcLogger.java:159][http-nio-8080-exec-8] - ==> Parameters: admin(String)
2019-03-15 10:02:31.250 DEBUG --- [BaseJdbcLogger.java:159][http-nio-8080-exec-8] - <==      Total: 1
2019-03-15 10:02:31.251 DEBUG --- [BaseJdbcLogger.java:159][http-nio-8080-exec-8] - ==>  Preparing: SELECT p.menu_code menuCode FROM sys_permission p ORDER BY p.id 
2019-03-15 10:02:31.251 DEBUG --- [BaseJdbcLogger.java:159][http-nio-8080-exec-8] - ==> Parameters: 
2019-03-15 10:02:31.261 DEBUG --- [BaseJdbcLogger.java:159][http-nio-8080-exec-8] - <==      Total: 10
2019-03-15 10:02:31.264 DEBUG --- [BaseJdbcLogger.java:159][http-nio-8080-exec-8] - ==>  Preparing: SELECT p.permission_code permissionCode FROM sys_permission p ORDER BY p.id 
2019-03-15 10:02:31.265 DEBUG --- [BaseJdbcLogger.java:159][http-nio-8080-exec-8] - ==> Parameters: 
2019-03-15 10:02:31.267 DEBUG --- [BaseJdbcLogger.java:159][http-nio-8080-exec-8] - <==      Total: 10
2019-03-15 10:03:06.059 DEBUG --- [BaseJdbcLogger.java:159][http-nio-8080-exec-9] - ==>  Preparing: SELECT u.id userId, u.nickname nickname, u.role_id roleId, r.role_name roleName, p.menu_code menuCode, p.permission_code permissionCode FROM sys_user u LEFT JOIN sys_role r ON r.id = u.role_id LEFT JOIN sys_role_permission rp ON u.role_id = rp.role_id LEFT JOIN sys_permission p ON rp.permission_id = p.id AND rp.delete_status = '1' WHERE u.username = ? AND u.delete_status = '1' 
2019-03-15 10:03:06.062 DEBUG --- [BaseJdbcLogger.java:159][http-nio-8080-exec-9] - ==> Parameters: admin(String)
2019-03-15 10:03:06.065 DEBUG --- [BaseJdbcLogger.java:159][http-nio-8080-exec-9] - <==      Total: 1
2019-03-15 10:03:06.067 DEBUG --- [BaseJdbcLogger.java:159][http-nio-8080-exec-9] - ==>  Preparing: SELECT p.menu_code menuCode FROM sys_permission p ORDER BY p.id 
2019-03-15 10:03:06.070 DEBUG --- [BaseJdbcLogger.java:159][http-nio-8080-exec-9] - ==> Parameters: 
2019-03-15 10:03:06.072 DEBUG --- [BaseJdbcLogger.java:159][http-nio-8080-exec-9] - <==      Total: 10
2019-03-15 10:03:06.073 DEBUG --- [BaseJdbcLogger.java:159][http-nio-8080-exec-9] - ==>  Preparing: SELECT p.permission_code permissionCode FROM sys_permission p ORDER BY p.id 
2019-03-15 10:03:06.074 DEBUG --- [BaseJdbcLogger.java:159][http-nio-8080-exec-9] - ==> Parameters: 
2019-03-15 10:03:06.075 DEBUG --- [BaseJdbcLogger.java:159][http-nio-8080-exec-9] - <==      Total: 10
2019-03-15 10:03:30.374 DEBUG --- [BaseJdbcLogger.java:159][http-nio-8080-exec-10] - ==>  Preparing: SELECT u.id userId, u.nickname nickname, u.role_id roleId, r.role_name roleName, p.menu_code menuCode, p.permission_code permissionCode FROM sys_user u LEFT JOIN sys_role r ON r.id = u.role_id LEFT JOIN sys_role_permission rp ON u.role_id = rp.role_id LEFT JOIN sys_permission p ON rp.permission_id = p.id AND rp.delete_status = '1' WHERE u.username = ? AND u.delete_status = '1' 
2019-03-15 10:03:30.376 DEBUG --- [BaseJdbcLogger.java:159][http-nio-8080-exec-10] - ==> Parameters: admin(String)
2019-03-15 10:03:30.390 DEBUG --- [BaseJdbcLogger.java:159][http-nio-8080-exec-10] - <==      Total: 1
2019-03-15 10:03:30.391 DEBUG --- [BaseJdbcLogger.java:159][http-nio-8080-exec-10] - ==>  Preparing: SELECT p.menu_code menuCode FROM sys_permission p ORDER BY p.id 
2019-03-15 10:03:30.393 DEBUG --- [BaseJdbcLogger.java:159][http-nio-8080-exec-10] - ==> Parameters: 
2019-03-15 10:03:30.397 DEBUG --- [BaseJdbcLogger.java:159][http-nio-8080-exec-10] - <==      Total: 10
2019-03-15 10:03:30.400 DEBUG --- [BaseJdbcLogger.java:159][http-nio-8080-exec-10] - ==>  Preparing: SELECT p.permission_code permissionCode FROM sys_permission p ORDER BY p.id 
2019-03-15 10:03:30.401 DEBUG --- [BaseJdbcLogger.java:159][http-nio-8080-exec-10] - ==> Parameters: 
2019-03-15 10:03:30.404 DEBUG --- [BaseJdbcLogger.java:159][http-nio-8080-exec-10] - <==      Total: 10
2019-03-15 10:03:35.840 DEBUG --- [BaseJdbcLogger.java:159][http-nio-8080-exec-1] - ==>  Preparing: SELECT u.id userId, u.nickname nickname, u.role_id roleId, r.role_name roleName, p.menu_code menuCode, p.permission_code permissionCode FROM sys_user u LEFT JOIN sys_role r ON r.id = u.role_id LEFT JOIN sys_role_permission rp ON u.role_id = rp.role_id LEFT JOIN sys_permission p ON rp.permission_id = p.id AND rp.delete_status = '1' WHERE u.username = ? AND u.delete_status = '1' 
2019-03-15 10:03:35.842 DEBUG --- [BaseJdbcLogger.java:159][http-nio-8080-exec-1] - ==> Parameters: admin(String)
2019-03-15 10:03:35.845 DEBUG --- [BaseJdbcLogger.java:159][http-nio-8080-exec-1] - <==      Total: 1
2019-03-15 10:03:35.847 DEBUG --- [BaseJdbcLogger.java:159][http-nio-8080-exec-1] - ==>  Preparing: SELECT p.menu_code menuCode FROM sys_permission p ORDER BY p.id 
2019-03-15 10:03:35.849 DEBUG --- [BaseJdbcLogger.java:159][http-nio-8080-exec-1] - ==> Parameters: 
2019-03-15 10:03:35.854 DEBUG --- [BaseJdbcLogger.java:159][http-nio-8080-exec-1] - <==      Total: 10
2019-03-15 10:03:35.856 DEBUG --- [BaseJdbcLogger.java:159][http-nio-8080-exec-1] - ==>  Preparing: SELECT p.permission_code permissionCode FROM sys_permission p ORDER BY p.id 
2019-03-15 10:03:35.857 DEBUG --- [BaseJdbcLogger.java:159][http-nio-8080-exec-1] - ==> Parameters: 
2019-03-15 10:03:35.860 DEBUG --- [BaseJdbcLogger.java:159][http-nio-8080-exec-1] - <==      Total: 10
2019-03-15 10:04:06.470 INFO  --- [UserRealm.java:36][http-nio-8080-exec-2] - permission的值为:{"menuList":["role","user","article"],"roleId":1,"nickname":"超级用户23","roleName":"管理员","permissionList":["article:list","user:list","user:add","role:update","article:add","role:list","article:update","user:update","role:delete","role:add"],"userId":10003}
2019-03-15 10:04:06.471 INFO  --- [UserRealm.java:37][http-nio-8080-exec-2] - 本用户权限为:[article:list, user:list, user:add, role:update, article:add, role:list, article:update, user:update, role:delete, role:add]
2019-03-15 10:04:06.503 DEBUG --- [BaseJdbcLogger.java:159][http-nio-8080-exec-2] - ==>  Preparing: SELECT r.id roleId, r.role_name roleName, u.id userId, u.nickname nickname, p.id permissionId, p.menu_code menuCode, p.menu_name menuName, p.permission_name permissionName FROM sys_role r LEFT JOIN sys_user u ON r.id = u.role_id AND u.delete_status = '1' LEFT JOIN sys_role_permission rp ON r.id = rp.role_id AND rp.delete_status = '1' LEFT JOIN sys_permission p ON rp.permission_id = p.id WHERE r.delete_status = '1' ORDER BY r.id, p.id 
2019-03-15 10:04:06.504 DEBUG --- [BaseJdbcLogger.java:159][http-nio-8080-exec-2] - ==> Parameters: 
2019-03-15 10:04:06.524 DEBUG --- [BaseJdbcLogger.java:159][http-nio-8080-exec-2] - <==      Total: 20
2019-03-15 10:04:06.679 INFO  --- [UserRealm.java:36][http-nio-8080-exec-3] - permission的值为:{"menuList":["role","user","article"],"roleId":1,"nickname":"超级用户23","roleName":"管理员","permissionList":["article:list","user:list","user:add","role:update","article:add","role:list","article:update","user:update","role:delete","role:add"],"userId":10003}
2019-03-15 10:04:06.680 INFO  --- [UserRealm.java:37][http-nio-8080-exec-3] - 本用户权限为:[article:list, user:list, user:add, role:update, article:add, role:list, article:update, user:update, role:delete, role:add]
2019-03-15 10:04:06.688 DEBUG --- [BaseJdbcLogger.java:159][http-nio-8080-exec-3] - ==>  Preparing: SELECT p.id id, p.menu_name menuName, p.permission_name permissionName, p.required_permission requiredPerm FROM sys_permission p; 
2019-03-15 10:04:06.690 DEBUG --- [BaseJdbcLogger.java:159][http-nio-8080-exec-3] - ==> Parameters: 
2019-03-15 10:04:06.698 DEBUG --- [BaseJdbcLogger.java:159][http-nio-8080-exec-3] - <==      Total: 10
2019-03-15 10:04:08.592 INFO  --- [UserRealm.java:36][http-nio-8080-exec-6] - permission的值为:{"menuList":["role","user","article"],"roleId":1,"nickname":"超级用户23","roleName":"管理员","permissionList":["article:list","user:list","user:add","role:update","article:add","role:list","article:update","user:update","role:delete","role:add"],"userId":10003}
2019-03-15 10:04:08.593 INFO  --- [UserRealm.java:37][http-nio-8080-exec-6] - 本用户权限为:[article:list, user:list, user:add, role:update, article:add, role:list, article:update, user:update, role:delete, role:add]
2019-03-15 10:04:08.596 INFO  --- [UserRealm.java:36][http-nio-8080-exec-6] - permission的值为:{"menuList":["role","user","article"],"roleId":1,"nickname":"超级用户23","roleName":"管理员","permissionList":["article:list","user:list","user:add","role:update","article:add","role:list","article:update","user:update","role:delete","role:add"],"userId":10003}
2019-03-15 10:04:08.597 INFO  --- [UserRealm.java:37][http-nio-8080-exec-6] - 本用户权限为:[article:list, user:list, user:add, role:update, article:add, role:list, article:update, user:update, role:delete, role:add]
2019-03-15 10:04:08.599 INFO  --- [UserRealm.java:36][http-nio-8080-exec-4] - permission的值为:{"menuList":["role","user","article"],"roleId":1,"nickname":"超级用户23","roleName":"管理员","permissionList":["article:list","user:list","user:add","role:update","article:add","role:list","article:update","user:update","role:delete","role:add"],"userId":10003}
2019-03-15 10:04:08.599 INFO  --- [UserRealm.java:37][http-nio-8080-exec-4] - 本用户权限为:[article:list, user:list, user:add, role:update, article:add, role:list, article:update, user:update, role:delete, role:add]
2019-03-15 10:04:08.605 DEBUG --- [BaseJdbcLogger.java:159][http-nio-8080-exec-4] - ==>  Preparing: SELECT count(0) FROM sys_user u WHERE u.delete_status = '1' 
2019-03-15 10:04:08.606 DEBUG --- [BaseJdbcLogger.java:159][http-nio-8080-exec-4] - ==> Parameters: 
2019-03-15 10:04:08.607 DEBUG --- [BaseJdbcLogger.java:159][http-nio-8080-exec-6] - ==>  Preparing: SELECT id roleId, role_name roleName FROM sys_role WHERE delete_status='1' 
2019-03-15 10:04:08.608 DEBUG --- [BaseJdbcLogger.java:159][http-nio-8080-exec-6] - ==> Parameters: 
2019-03-15 10:04:08.612 DEBUG --- [BaseJdbcLogger.java:159][http-nio-8080-exec-6] - <==      Total: 3
2019-03-15 10:04:08.615 DEBUG --- [BaseJdbcLogger.java:159][http-nio-8080-exec-4] - <==      Total: 1
2019-03-15 10:04:08.618 DEBUG --- [BaseJdbcLogger.java:159][http-nio-8080-exec-4] - ==>  Preparing: SELECT u.*, r.role_name roleName, CONCAT(p.menu_name, p.permission_name) permissionName FROM ( SELECT id userId, username username, nickname nickname, role_id roleId, delete_status deleteStatus, DATE_FORMAT(create_time, '%Y.%m.%d %T') createTime, DATE_FORMAT(update_time, '%Y.%m.%d %T') updateTime FROM sys_user WHERE delete_status = '1' ORDER BY id LIMIT ?, ? ) u LEFT JOIN sys_role r ON r.id = u.roleId LEFT JOIN sys_role_permission rp ON rp.role_id = r.id LEFT JOIN sys_permission p ON p.id = rp.permission_id ORDER BY u.userId 
2019-03-15 10:04:08.619 DEBUG --- [BaseJdbcLogger.java:159][http-nio-8080-exec-4] - ==> Parameters: 0(Integer), 50(Integer)
2019-03-15 10:04:08.633 DEBUG --- [BaseJdbcLogger.java:159][http-nio-8080-exec-4] - <==      Total: 20
2019-03-15 10:04:09.317 INFO  --- [UserRealm.java:36][http-nio-8080-exec-5] - permission的值为:{"menuList":["role","user","article"],"roleId":1,"nickname":"超级用户23","roleName":"管理员","permissionList":["article:list","user:list","user:add","role:update","article:add","role:list","article:update","user:update","role:delete","role:add"],"userId":10003}
2019-03-15 10:04:09.317 INFO  --- [UserRealm.java:37][http-nio-8080-exec-5] - 本用户权限为:[article:list, user:list, user:add, role:update, article:add, role:list, article:update, user:update, role:delete, role:add]
2019-03-15 10:04:09.319 DEBUG --- [BaseJdbcLogger.java:159][http-nio-8080-exec-5] - ==>  Preparing: SELECT r.id roleId, r.role_name roleName, u.id userId, u.nickname nickname, p.id permissionId, p.menu_code menuCode, p.menu_name menuName, p.permission_name permissionName FROM sys_role r LEFT JOIN sys_user u ON r.id = u.role_id AND u.delete_status = '1' LEFT JOIN sys_role_permission rp ON r.id = rp.role_id AND rp.delete_status = '1' LEFT JOIN sys_permission p ON rp.permission_id = p.id WHERE r.delete_status = '1' ORDER BY r.id, p.id 
2019-03-15 10:04:09.320 DEBUG --- [BaseJdbcLogger.java:159][http-nio-8080-exec-5] - ==> Parameters: 
2019-03-15 10:04:09.332 DEBUG --- [BaseJdbcLogger.java:159][http-nio-8080-exec-5] - <==      Total: 20
2019-03-15 10:04:09.621 INFO  --- [UserRealm.java:36][http-nio-8080-exec-7] - permission的值为:{"menuList":["role","user","article"],"roleId":1,"nickname":"超级用户23","roleName":"管理员","permissionList":["article:list","user:list","user:add","role:update","article:add","role:list","article:update","user:update","role:delete","role:add"],"userId":10003}
2019-03-15 10:04:09.621 INFO  --- [UserRealm.java:37][http-nio-8080-exec-7] - 本用户权限为:[article:list, user:list, user:add, role:update, article:add, role:list, article:update, user:update, role:delete, role:add]
2019-03-15 10:04:09.622 DEBUG --- [BaseJdbcLogger.java:159][http-nio-8080-exec-7] - ==>  Preparing: SELECT p.id id, p.menu_name menuName, p.permission_name permissionName, p.required_permission requiredPerm FROM sys_permission p; 
2019-03-15 10:04:09.623 DEBUG --- [BaseJdbcLogger.java:159][http-nio-8080-exec-7] - ==> Parameters: 
2019-03-15 10:04:09.628 DEBUG --- [BaseJdbcLogger.java:159][http-nio-8080-exec-7] - <==      Total: 10
2019-03-15 10:05:23.464 DEBUG --- [BaseJdbcLogger.java:159][http-nio-8080-exec-8] - ==>  Preparing: SELECT u.id userId, u.nickname nickname, u.role_id roleId, r.role_name roleName, p.menu_code menuCode, p.permission_code permissionCode FROM sys_user u LEFT JOIN sys_role r ON r.id = u.role_id LEFT JOIN sys_role_permission rp ON u.role_id = rp.role_id LEFT JOIN sys_permission p ON rp.permission_id = p.id AND rp.delete_status = '1' WHERE u.username = ? AND u.delete_status = '1' 
2019-03-15 10:05:23.467 DEBUG --- [BaseJdbcLogger.java:159][http-nio-8080-exec-8] - ==> Parameters: admin(String)
2019-03-15 10:05:23.474 DEBUG --- [BaseJdbcLogger.java:159][http-nio-8080-exec-8] - <==      Total: 1
2019-03-15 10:05:23.476 DEBUG --- [BaseJdbcLogger.java:159][http-nio-8080-exec-8] - ==>  Preparing: SELECT p.menu_code menuCode FROM sys_permission p ORDER BY p.id 
2019-03-15 10:05:23.476 DEBUG --- [BaseJdbcLogger.java:159][http-nio-8080-exec-8] - ==> Parameters: 
2019-03-15 10:05:23.478 DEBUG --- [BaseJdbcLogger.java:159][http-nio-8080-exec-8] - <==      Total: 10
2019-03-15 10:05:23.480 DEBUG --- [BaseJdbcLogger.java:159][http-nio-8080-exec-8] - ==>  Preparing: SELECT p.permission_code permissionCode FROM sys_permission p ORDER BY p.id 
2019-03-15 10:05:23.483 DEBUG --- [BaseJdbcLogger.java:159][http-nio-8080-exec-8] - ==> Parameters: 
2019-03-15 10:05:23.488 DEBUG --- [BaseJdbcLogger.java:159][http-nio-8080-exec-8] - <==      Total: 10
2019-03-15 10:08:39.573 DEBUG --- [BaseJdbcLogger.java:159][http-nio-8080-exec-9] - ==>  Preparing: SELECT u.id userId, u.nickname nickname, u.role_id roleId, r.role_name roleName, p.menu_code menuCode, p.permission_code permissionCode FROM sys_user u LEFT JOIN sys_role r ON r.id = u.role_id LEFT JOIN sys_role_permission rp ON u.role_id = rp.role_id LEFT JOIN sys_permission p ON rp.permission_id = p.id AND rp.delete_status = '1' WHERE u.username = ? AND u.delete_status = '1' 
2019-03-15 10:08:39.574 DEBUG --- [BaseJdbcLogger.java:159][http-nio-8080-exec-9] - ==> Parameters: admin(String)
2019-03-15 10:08:39.577 DEBUG --- [BaseJdbcLogger.java:159][http-nio-8080-exec-9] - <==      Total: 1
2019-03-15 10:08:39.582 DEBUG --- [BaseJdbcLogger.java:159][http-nio-8080-exec-9] - ==>  Preparing: SELECT p.menu_code menuCode FROM sys_permission p ORDER BY p.id 
2019-03-15 10:08:39.583 DEBUG --- [BaseJdbcLogger.java:159][http-nio-8080-exec-9] - ==> Parameters: 
2019-03-15 10:08:39.584 DEBUG --- [BaseJdbcLogger.java:159][http-nio-8080-exec-9] - <==      Total: 10
2019-03-15 10:08:39.585 DEBUG --- [BaseJdbcLogger.java:159][http-nio-8080-exec-9] - ==>  Preparing: SELECT p.permission_code permissionCode FROM sys_permission p ORDER BY p.id 
2019-03-15 10:08:39.586 DEBUG --- [BaseJdbcLogger.java:159][http-nio-8080-exec-9] - ==> Parameters: 
2019-03-15 10:08:39.594 DEBUG --- [BaseJdbcLogger.java:159][http-nio-8080-exec-9] - <==      Total: 10
2019-03-15 10:12:07.038 DEBUG --- [BaseJdbcLogger.java:159][http-nio-8080-exec-10] - ==>  Preparing: SELECT u.id userId, u.nickname nickname, u.role_id roleId, r.role_name roleName, p.menu_code menuCode, p.permission_code permissionCode FROM sys_user u LEFT JOIN sys_role r ON r.id = u.role_id LEFT JOIN sys_role_permission rp ON u.role_id = rp.role_id LEFT JOIN sys_permission p ON rp.permission_id = p.id AND rp.delete_status = '1' WHERE u.username = ? AND u.delete_status = '1' 
2019-03-15 10:12:07.041 DEBUG --- [BaseJdbcLogger.java:159][http-nio-8080-exec-10] - ==> Parameters: admin(String)
2019-03-15 10:12:07.047 DEBUG --- [BaseJdbcLogger.java:159][http-nio-8080-exec-10] - <==      Total: 1
2019-03-15 10:12:07.049 DEBUG --- [BaseJdbcLogger.java:159][http-nio-8080-exec-10] - ==>  Preparing: SELECT p.menu_code menuCode FROM sys_permission p ORDER BY p.id 
2019-03-15 10:12:07.049 DEBUG --- [BaseJdbcLogger.java:159][http-nio-8080-exec-10] - ==> Parameters: 
2019-03-15 10:12:07.059 DEBUG --- [BaseJdbcLogger.java:159][http-nio-8080-exec-10] - <==      Total: 10
2019-03-15 10:12:07.061 DEBUG --- [BaseJdbcLogger.java:159][http-nio-8080-exec-10] - ==>  Preparing: SELECT p.permission_code permissionCode FROM sys_permission p ORDER BY p.id 
2019-03-15 10:12:07.062 DEBUG --- [BaseJdbcLogger.java:159][http-nio-8080-exec-10] - ==> Parameters: 
2019-03-15 10:12:07.065 DEBUG --- [BaseJdbcLogger.java:159][http-nio-8080-exec-10] - <==      Total: 10
2019-03-15 10:13:08.758 DEBUG --- [BaseJdbcLogger.java:159][http-nio-8080-exec-1] - ==>  Preparing: SELECT u.id userId, u.nickname nickname, u.role_id roleId, r.role_name roleName, p.menu_code menuCode, p.permission_code permissionCode FROM sys_user u LEFT JOIN sys_role r ON r.id = u.role_id LEFT JOIN sys_role_permission rp ON u.role_id = rp.role_id LEFT JOIN sys_permission p ON rp.permission_id = p.id AND rp.delete_status = '1' WHERE u.username = ? AND u.delete_status = '1' 
2019-03-15 10:13:08.760 DEBUG --- [BaseJdbcLogger.java:159][http-nio-8080-exec-1] - ==> Parameters: admin(String)
2019-03-15 10:13:08.763 DEBUG --- [BaseJdbcLogger.java:159][http-nio-8080-exec-1] - <==      Total: 1
2019-03-15 10:13:08.764 DEBUG --- [BaseJdbcLogger.java:159][http-nio-8080-exec-1] - ==>  Preparing: SELECT p.menu_code menuCode FROM sys_permission p ORDER BY p.id 
2019-03-15 10:13:08.766 DEBUG --- [BaseJdbcLogger.java:159][http-nio-8080-exec-1] - ==> Parameters: 
2019-03-15 10:13:08.768 DEBUG --- [BaseJdbcLogger.java:159][http-nio-8080-exec-1] - <==      Total: 10
2019-03-15 10:13:08.770 DEBUG --- [BaseJdbcLogger.java:159][http-nio-8080-exec-1] - ==>  Preparing: SELECT p.permission_code permissionCode FROM sys_permission p ORDER BY p.id 
2019-03-15 10:13:08.771 DEBUG --- [BaseJdbcLogger.java:159][http-nio-8080-exec-1] - ==> Parameters: 
2019-03-15 10:13:08.778 DEBUG --- [BaseJdbcLogger.java:159][http-nio-8080-exec-1] - <==      Total: 10
2019-03-15 10:15:35.018 DEBUG --- [BaseJdbcLogger.java:159][http-nio-8080-exec-2] - ==>  Preparing: SELECT u.id userId, u.nickname nickname, u.role_id roleId, r.role_name roleName, p.menu_code menuCode, p.permission_code permissionCode FROM sys_user u LEFT JOIN sys_role r ON r.id = u.role_id LEFT JOIN sys_role_permission rp ON u.role_id = rp.role_id LEFT JOIN sys_permission p ON rp.permission_id = p.id AND rp.delete_status = '1' WHERE u.username = ? AND u.delete_status = '1' 
2019-03-15 10:15:35.019 DEBUG --- [BaseJdbcLogger.java:159][http-nio-8080-exec-2] - ==> Parameters: admin(String)
2019-03-15 10:15:35.022 DEBUG --- [BaseJdbcLogger.java:159][http-nio-8080-exec-2] - <==      Total: 1
2019-03-15 10:15:35.025 DEBUG --- [BaseJdbcLogger.java:159][http-nio-8080-exec-2] - ==>  Preparing: SELECT p.menu_code menuCode FROM sys_permission p ORDER BY p.id 
2019-03-15 10:15:35.026 DEBUG --- [BaseJdbcLogger.java:159][http-nio-8080-exec-2] - ==> Parameters: 
2019-03-15 10:15:35.028 DEBUG --- [BaseJdbcLogger.java:159][http-nio-8080-exec-2] - <==      Total: 10
2019-03-15 10:15:35.029 DEBUG --- [BaseJdbcLogger.java:159][http-nio-8080-exec-2] - ==>  Preparing: SELECT p.permission_code permissionCode FROM sys_permission p ORDER BY p.id 
2019-03-15 10:15:35.031 DEBUG --- [BaseJdbcLogger.java:159][http-nio-8080-exec-2] - ==> Parameters: 
2019-03-15 10:15:35.034 DEBUG --- [BaseJdbcLogger.java:159][http-nio-8080-exec-2] - <==      Total: 10
2019-03-15 10:21:42.014 DEBUG --- [BaseJdbcLogger.java:159][http-nio-8080-exec-3] - ==>  Preparing: SELECT u.id userId, u.nickname nickname, u.role_id roleId, r.role_name roleName, p.menu_code menuCode, p.permission_code permissionCode FROM sys_user u LEFT JOIN sys_role r ON r.id = u.role_id LEFT JOIN sys_role_permission rp ON u.role_id = rp.role_id LEFT JOIN sys_permission p ON rp.permission_id = p.id AND rp.delete_status = '1' WHERE u.username = ? AND u.delete_status = '1' 
2019-03-15 10:21:42.015 DEBUG --- [BaseJdbcLogger.java:159][http-nio-8080-exec-3] - ==> Parameters: admin(String)
2019-03-15 10:21:42.019 DEBUG --- [BaseJdbcLogger.java:159][http-nio-8080-exec-3] - <==      Total: 1
2019-03-15 10:21:42.021 DEBUG --- [BaseJdbcLogger.java:159][http-nio-8080-exec-3] - ==>  Preparing: SELECT p.menu_code menuCode FROM sys_permission p ORDER BY p.id 
2019-03-15 10:21:42.023 DEBUG --- [BaseJdbcLogger.java:159][http-nio-8080-exec-3] - ==> Parameters: 
2019-03-15 10:21:42.025 DEBUG --- [BaseJdbcLogger.java:159][http-nio-8080-exec-3] - <==      Total: 10
2019-03-15 10:21:42.027 DEBUG --- [BaseJdbcLogger.java:159][http-nio-8080-exec-3] - ==>  Preparing: SELECT p.permission_code permissionCode FROM sys_permission p ORDER BY p.id 
2019-03-15 10:21:42.028 DEBUG --- [BaseJdbcLogger.java:159][http-nio-8080-exec-3] - ==> Parameters: 
2019-03-15 10:21:42.300 DEBUG --- [BaseJdbcLogger.java:159][http-nio-8080-exec-3] - <==      Total: 10
2019-03-15 10:29:00.697 DEBUG --- [BaseJdbcLogger.java:159][http-nio-8080-exec-6] - ==>  Preparing: SELECT u.id userId, u.nickname nickname, u.role_id roleId, r.role_name roleName, p.menu_code menuCode, p.permission_code permissionCode FROM sys_user u LEFT JOIN sys_role r ON r.id = u.role_id LEFT JOIN sys_role_permission rp ON u.role_id = rp.role_id LEFT JOIN sys_permission p ON rp.permission_id = p.id AND rp.delete_status = '1' WHERE u.username = ? AND u.delete_status = '1' 
2019-03-15 10:29:00.699 DEBUG --- [BaseJdbcLogger.java:159][http-nio-8080-exec-6] - ==> Parameters: admin(String)
2019-03-15 10:29:00.707 DEBUG --- [BaseJdbcLogger.java:159][http-nio-8080-exec-6] - <==      Total: 1
2019-03-15 10:29:00.709 DEBUG --- [BaseJdbcLogger.java:159][http-nio-8080-exec-6] - ==>  Preparing: SELECT p.menu_code menuCode FROM sys_permission p ORDER BY p.id 
2019-03-15 10:29:00.710 DEBUG --- [BaseJdbcLogger.java:159][http-nio-8080-exec-6] - ==> Parameters: 
2019-03-15 10:29:00.714 DEBUG --- [BaseJdbcLogger.java:159][http-nio-8080-exec-6] - <==      Total: 10
2019-03-15 10:29:00.716 DEBUG --- [BaseJdbcLogger.java:159][http-nio-8080-exec-6] - ==>  Preparing: SELECT p.permission_code permissionCode FROM sys_permission p ORDER BY p.id 
2019-03-15 10:29:00.717 DEBUG --- [BaseJdbcLogger.java:159][http-nio-8080-exec-6] - ==> Parameters: 
2019-03-15 10:29:00.719 DEBUG --- [BaseJdbcLogger.java:159][http-nio-8080-exec-6] - <==      Total: 10
2019-03-15 10:31:03.423 DEBUG --- [BaseJdbcLogger.java:159][http-nio-8080-exec-5] - ==>  Preparing: SELECT u.id userId, u.username username, u.password password, u.nickname nickName FROM sys_user u WHERE u.username = ? AND u.password = ? AND u.delete_status = '1' 
2019-03-15 10:31:03.424 DEBUG --- [BaseJdbcLogger.java:159][http-nio-8080-exec-5] - ==> Parameters: admin(String), 123456(String)
2019-03-15 10:31:03.426 DEBUG --- [BaseJdbcLogger.java:159][http-nio-8080-exec-5] - <==      Total: 1
2019-03-15 10:31:03.454 DEBUG --- [BaseJdbcLogger.java:159][http-nio-8080-exec-7] - ==>  Preparing: SELECT u.id userId, u.nickname nickname, u.role_id roleId, r.role_name roleName, p.menu_code menuCode, p.permission_code permissionCode FROM sys_user u LEFT JOIN sys_role r ON r.id = u.role_id LEFT JOIN sys_role_permission rp ON u.role_id = rp.role_id LEFT JOIN sys_permission p ON rp.permission_id = p.id AND rp.delete_status = '1' WHERE u.username = ? AND u.delete_status = '1' 
2019-03-15 10:31:03.455 DEBUG --- [BaseJdbcLogger.java:159][http-nio-8080-exec-7] - ==> Parameters: admin(String)
2019-03-15 10:31:03.457 DEBUG --- [BaseJdbcLogger.java:159][http-nio-8080-exec-7] - <==      Total: 1
2019-03-15 10:31:03.458 DEBUG --- [BaseJdbcLogger.java:159][http-nio-8080-exec-7] - ==>  Preparing: SELECT p.menu_code menuCode FROM sys_permission p ORDER BY p.id 
2019-03-15 10:31:03.459 DEBUG --- [BaseJdbcLogger.java:159][http-nio-8080-exec-7] - ==> Parameters: 
2019-03-15 10:31:03.461 DEBUG --- [BaseJdbcLogger.java:159][http-nio-8080-exec-7] - <==      Total: 10
2019-03-15 10:31:03.462 DEBUG --- [BaseJdbcLogger.java:159][http-nio-8080-exec-7] - ==>  Preparing: SELECT p.permission_code permissionCode FROM sys_permission p ORDER BY p.id 
2019-03-15 10:31:03.462 DEBUG --- [BaseJdbcLogger.java:159][http-nio-8080-exec-7] - ==> Parameters: 
2019-03-15 10:31:03.463 DEBUG --- [BaseJdbcLogger.java:159][http-nio-8080-exec-7] - <==      Total: 10
2019-03-15 10:33:50.080 DEBUG --- [BaseJdbcLogger.java:159][http-nio-8080-exec-8] - ==>  Preparing: SELECT u.id userId, u.nickname nickname, u.role_id roleId, r.role_name roleName, p.menu_code menuCode, p.permission_code permissionCode FROM sys_user u LEFT JOIN sys_role r ON r.id = u.role_id LEFT JOIN sys_role_permission rp ON u.role_id = rp.role_id LEFT JOIN sys_permission p ON rp.permission_id = p.id AND rp.delete_status = '1' WHERE u.username = ? AND u.delete_status = '1' 
2019-03-15 10:33:50.083 DEBUG --- [BaseJdbcLogger.java:159][http-nio-8080-exec-8] - ==> Parameters: admin(String)
2019-03-15 10:33:50.087 DEBUG --- [BaseJdbcLogger.java:159][http-nio-8080-exec-8] - <==      Total: 1
2019-03-15 10:33:50.089 DEBUG --- [BaseJdbcLogger.java:159][http-nio-8080-exec-8] - ==>  Preparing: SELECT p.menu_code menuCode FROM sys_permission p ORDER BY p.id 
2019-03-15 10:33:50.090 DEBUG --- [BaseJdbcLogger.java:159][http-nio-8080-exec-8] - ==> Parameters: 
2019-03-15 10:33:50.102 DEBUG --- [BaseJdbcLogger.java:159][http-nio-8080-exec-8] - <==      Total: 10
2019-03-15 10:33:50.103 DEBUG --- [BaseJdbcLogger.java:159][http-nio-8080-exec-8] - ==>  Preparing: SELECT p.permission_code permissionCode FROM sys_permission p ORDER BY p.id 
2019-03-15 10:33:50.104 DEBUG --- [BaseJdbcLogger.java:159][http-nio-8080-exec-8] - ==> Parameters: 
2019-03-15 10:33:50.106 DEBUG --- [BaseJdbcLogger.java:159][http-nio-8080-exec-8] - <==      Total: 10
2019-03-15 10:34:41.234 DEBUG --- [BaseJdbcLogger.java:159][http-nio-8080-exec-10] - ==>  Preparing: SELECT u.id userId, u.username username, u.password password, u.nickname nickName FROM sys_user u WHERE u.username = ? AND u.password = ? AND u.delete_status = '1' 
2019-03-15 10:34:41.235 DEBUG --- [BaseJdbcLogger.java:159][http-nio-8080-exec-10] - ==> Parameters: admin(String), 123456(String)
2019-03-15 10:34:41.236 DEBUG --- [BaseJdbcLogger.java:159][http-nio-8080-exec-10] - <==      Total: 1
2019-03-15 10:34:41.274 DEBUG --- [BaseJdbcLogger.java:159][http-nio-8080-exec-1] - ==>  Preparing: SELECT u.id userId, u.nickname nickname, u.role_id roleId, r.role_name roleName, p.menu_code menuCode, p.permission_code permissionCode FROM sys_user u LEFT JOIN sys_role r ON r.id = u.role_id LEFT JOIN sys_role_permission rp ON u.role_id = rp.role_id LEFT JOIN sys_permission p ON rp.permission_id = p.id AND rp.delete_status = '1' WHERE u.username = ? AND u.delete_status = '1' 
2019-03-15 10:34:41.275 DEBUG --- [BaseJdbcLogger.java:159][http-nio-8080-exec-1] - ==> Parameters: admin(String)
2019-03-15 10:34:41.279 DEBUG --- [BaseJdbcLogger.java:159][http-nio-8080-exec-1] - <==      Total: 1
2019-03-15 10:34:41.280 DEBUG --- [BaseJdbcLogger.java:159][http-nio-8080-exec-1] - ==>  Preparing: SELECT p.menu_code menuCode FROM sys_permission p ORDER BY p.id 
2019-03-15 10:34:41.281 DEBUG --- [BaseJdbcLogger.java:159][http-nio-8080-exec-1] - ==> Parameters: 
2019-03-15 10:34:41.283 DEBUG --- [BaseJdbcLogger.java:159][http-nio-8080-exec-1] - <==      Total: 10
2019-03-15 10:34:41.284 DEBUG --- [BaseJdbcLogger.java:159][http-nio-8080-exec-1] - ==>  Preparing: SELECT p.permission_code permissionCode FROM sys_permission p ORDER BY p.id 
2019-03-15 10:34:41.285 DEBUG --- [BaseJdbcLogger.java:159][http-nio-8080-exec-1] - ==> Parameters: 
2019-03-15 10:34:41.287 DEBUG --- [BaseJdbcLogger.java:159][http-nio-8080-exec-1] - <==      Total: 10
2019-03-15 10:35:10.310 DEBUG --- [BaseJdbcLogger.java:159][http-nio-8080-exec-3] - ==>  Preparing: SELECT u.id userId, u.username username, u.password password, u.nickname nickName FROM sys_user u WHERE u.username = ? AND u.password = ? AND u.delete_status = '1' 
2019-03-15 10:35:10.311 DEBUG --- [BaseJdbcLogger.java:159][http-nio-8080-exec-3] - ==> Parameters: admin(String), 123456(String)
2019-03-15 10:35:10.312 DEBUG --- [BaseJdbcLogger.java:159][http-nio-8080-exec-3] - <==      Total: 1
2019-03-15 10:35:10.559 DEBUG --- [BaseJdbcLogger.java:159][http-nio-8080-exec-6] - ==>  Preparing: SELECT u.id userId, u.nickname nickname, u.role_id roleId, r.role_name roleName, p.menu_code menuCode, p.permission_code permissionCode FROM sys_user u LEFT JOIN sys_role r ON r.id = u.role_id LEFT JOIN sys_role_permission rp ON u.role_id = rp.role_id LEFT JOIN sys_permission p ON rp.permission_id = p.id AND rp.delete_status = '1' WHERE u.username = ? AND u.delete_status = '1' 
2019-03-15 10:35:10.561 DEBUG --- [BaseJdbcLogger.java:159][http-nio-8080-exec-6] - ==> Parameters: admin(String)
2019-03-15 10:35:10.563 DEBUG --- [BaseJdbcLogger.java:159][http-nio-8080-exec-6] - <==      Total: 1
2019-03-15 10:35:10.565 DEBUG --- [BaseJdbcLogger.java:159][http-nio-8080-exec-6] - ==>  Preparing: SELECT p.menu_code menuCode FROM sys_permission p ORDER BY p.id 
2019-03-15 10:35:10.565 DEBUG --- [BaseJdbcLogger.java:159][http-nio-8080-exec-6] - ==> Parameters: 
2019-03-15 10:35:10.566 DEBUG --- [BaseJdbcLogger.java:159][http-nio-8080-exec-6] - <==      Total: 10
2019-03-15 10:35:10.567 DEBUG --- [BaseJdbcLogger.java:159][http-nio-8080-exec-6] - ==>  Preparing: SELECT p.permission_code permissionCode FROM sys_permission p ORDER BY p.id 
2019-03-15 10:35:10.567 DEBUG --- [BaseJdbcLogger.java:159][http-nio-8080-exec-6] - ==> Parameters: 
2019-03-15 10:35:10.578 DEBUG --- [BaseJdbcLogger.java:159][http-nio-8080-exec-6] - <==      Total: 10
