2019-05-27 09:16:49.388 INFO  --- [StartupInfoLogger.java:50][restartedMain] - Starting MyApplication on DESKTOP-BHGM3HS with PID 18200 (D:\projects\hr_and_project_outsourcing_platform\src\web\hpos\back\target\classes started by hasee in D:\projects\hr_and_project_outsourcing_platform\src\web\hpos\back)
2019-05-27 09:16:49.398 INFO  --- [SpringApplication.java:675][restartedMain] - No active profile set, falling back to default profiles: default
2019-05-27 09:17:00.754 INFO  --- [StartupInfoLogger.java:59][restartedMain] - Started MyApplication in 12.886 seconds (JVM running for 25.464)
2019-05-27 09:17:16.275 INFO  --- [HikariDataSource.java:110][http-nio-8080-exec-10] - HikariPool-1 - Starting...
2019-05-27 09:17:16.703 INFO  --- [HikariDataSource.java:123][http-nio-8080-exec-10] - HikariPool-1 - Start completed.
2019-05-27 09:17:16.714 DEBUG --- [BaseJdbcLogger.java:159][http-nio-8080-exec-10] - ==>  Preparing: SELECT u.username username, u.password password, u.unit_name unitName FROM account u WHERE u.username = ? AND u.password = ? AND u.delete_status = '1' 
2019-05-27 09:17:16.756 DEBUG --- [BaseJdbcLogger.java:159][http-nio-8080-exec-10] - ==> Parameters: company(String), 123456(String)
2019-05-27 09:17:16.814 DEBUG --- [BaseJdbcLogger.java:159][http-nio-8080-exec-10] - <==      Total: 1
2019-05-27 09:17:16.956 DEBUG --- [BaseJdbcLogger.java:159][http-nio-8080-exec-7] - ==>  Preparing: SELECT u.account_id userId, u.role_id roleId, r.role_name roleName, p.menu_code menuCode, p.permission_code permissionCode FROM account u LEFT JOIN sys_role r ON r.id = u.role_id LEFT JOIN sys_role_permission rp ON u.role_id = rp.role_id LEFT JOIN sys_permission p ON rp.permission_id = p.id AND rp.delete_status = '1' WHERE u.username = ? AND u.delete_status = '1' 
2019-05-27 09:17:16.961 DEBUG --- [BaseJdbcLogger.java:159][http-nio-8080-exec-7] - ==> Parameters: company(String)
2019-05-27 09:17:17.002 DEBUG --- [BaseJdbcLogger.java:159][http-nio-8080-exec-7] - <==      Total: 7
2019-05-27 09:17:17.502 DEBUG --- [BaseJdbcLogger.java:159][http-nio-8080-exec-6] - ==>  Preparing: SELECT u.* FROM account u WHERE u.username = ? AND u.delete_status = '1' 
2019-05-27 09:17:17.502 DEBUG --- [BaseJdbcLogger.java:159][http-nio-8080-exec-6] - ==> Parameters: company(String)
2019-05-27 09:17:17.524 DEBUG --- [BaseJdbcLogger.java:159][http-nio-8080-exec-6] - <==      Total: 1
2019-05-27 09:17:20.895 DEBUG --- [BaseJdbcLogger.java:159][http-nio-8080-exec-2] - ==>  Preparing: SELECT u.account_id userId, u.role_id roleId, r.role_name roleName, p.menu_code menuCode, p.permission_code permissionCode FROM account u LEFT JOIN sys_role r ON r.id = u.role_id LEFT JOIN sys_role_permission rp ON u.role_id = rp.role_id LEFT JOIN sys_permission p ON rp.permission_id = p.id AND rp.delete_status = '1' WHERE u.username = ? AND u.delete_status = '1' 
2019-05-27 09:17:20.897 DEBUG --- [BaseJdbcLogger.java:159][http-nio-8080-exec-2] - ==> Parameters: company(String)
2019-05-27 09:17:20.915 DEBUG --- [BaseJdbcLogger.java:159][http-nio-8080-exec-2] - <==      Total: 7
2019-05-27 09:17:21.542 DEBUG --- [BaseJdbcLogger.java:159][http-nio-8080-exec-3] - ==>  Preparing: SELECT count(0) FROM company_not_recruited c WHERE c.delete_status = '1' and company_name = ? 
2019-05-27 09:17:21.543 DEBUG --- [BaseJdbcLogger.java:159][http-nio-8080-exec-3] - ==> Parameters: 发猿地(String)
2019-05-27 09:17:21.560 DEBUG --- [BaseJdbcLogger.java:159][http-nio-8080-exec-3] - <==      Total: 1
2019-05-27 09:17:21.562 DEBUG --- [BaseJdbcLogger.java:159][http-nio-8080-exec-3] - ==>  Preparing: SELECT c.* FROM ( SELECT id id, project_name projectName, deposit deposit, tender_status tenderStatus, studio_name studioName, apply_num applyNum, project_description projectDescription FROM company_not_recruited WHERE delete_status = '1' and company_name = ? ORDER BY id LIMIT ?, ? ) c ORDER BY c.id 
2019-05-27 09:17:21.564 DEBUG --- [BaseJdbcLogger.java:159][http-nio-8080-exec-3] - ==> Parameters: 发猿地(String), 0(Integer), 50(Integer)
2019-05-27 09:17:21.591 DEBUG --- [BaseJdbcLogger.java:159][http-nio-8080-exec-3] - <==      Total: 8
2019-05-27 09:17:24.312 DEBUG --- [BaseJdbcLogger.java:159][http-nio-8080-exec-9] - ==>  Preparing: SELECT count(0) FROM company_progress co WHERE co.delete_status = '1' and company_name = ? 
2019-05-27 09:17:24.314 DEBUG --- [BaseJdbcLogger.java:159][http-nio-8080-exec-9] - ==> Parameters: 发猿地(String)
2019-05-27 09:17:24.332 DEBUG --- [BaseJdbcLogger.java:159][http-nio-8080-exec-9] - <==      Total: 1
2019-05-27 09:17:24.334 DEBUG --- [BaseJdbcLogger.java:159][http-nio-8080-exec-9] - ==>  Preparing: SELECT co.* FROM ( SELECT id id, project_name projectName, final_payment finalPayment, studio_name studioName, apply_for_final_payment applyForFinalPayment, project_description projectDescription FROM company_progress WHERE delete_status = '1' and company_name = ? ORDER BY id LIMIT ?, ? ) co ORDER BY co.id 
2019-05-27 09:17:24.336 DEBUG --- [BaseJdbcLogger.java:159][http-nio-8080-exec-9] - ==> Parameters: 发猿地(String), 0(Integer), 50(Integer)
2019-05-27 09:17:24.353 DEBUG --- [BaseJdbcLogger.java:159][http-nio-8080-exec-9] - <==      Total: 0
2019-05-27 09:17:26.132 DEBUG --- [BaseJdbcLogger.java:159][http-nio-8080-exec-8] - ==>  Preparing: SELECT count(0) FROM company_finished f WHERE f.delete_status = '1' and company_name = ? 
2019-05-27 09:17:26.133 DEBUG --- [BaseJdbcLogger.java:159][http-nio-8080-exec-8] - ==> Parameters: 发猿地(String)
2019-05-27 09:17:26.150 DEBUG --- [BaseJdbcLogger.java:159][http-nio-8080-exec-8] - <==      Total: 1
2019-05-27 09:17:26.151 DEBUG --- [BaseJdbcLogger.java:159][http-nio-8080-exec-8] - ==>  Preparing: SELECT f.* FROM ( SELECT id id, project_name projectName, evaluate evaluate, FORMAT(evaluate_demand,2) evaluateDemand, FORMAT(evaluate_ability,2) evaluateAbility, FORMAT(evaluate_plan,2) evaluatePlan, studio_name studioName, project_description projectDescription FROM company_finished WHERE delete_status = '1' and company_name = ? ORDER BY id LIMIT ?, ? ) f ORDER BY f.id 
2019-05-27 09:17:26.153 DEBUG --- [BaseJdbcLogger.java:159][http-nio-8080-exec-8] - ==> Parameters: 发猿地(String), 0(Integer), 50(Integer)
2019-05-27 09:17:26.170 DEBUG --- [BaseJdbcLogger.java:159][http-nio-8080-exec-8] - <==      Total: 5
2019-05-27 09:17:28.992 DEBUG --- [BaseJdbcLogger.java:159][http-nio-8080-exec-5] - ==>  Preparing: SELECT count(0) FROM company_not_recruited c WHERE c.delete_status = '1' and company_name = ? 
2019-05-27 09:17:28.993 DEBUG --- [BaseJdbcLogger.java:159][http-nio-8080-exec-5] - ==> Parameters: 发猿地(String)
2019-05-27 09:17:29.010 DEBUG --- [BaseJdbcLogger.java:159][http-nio-8080-exec-5] - <==      Total: 1
2019-05-27 09:17:29.012 DEBUG --- [BaseJdbcLogger.java:159][http-nio-8080-exec-5] - ==>  Preparing: SELECT c.* FROM ( SELECT id id, project_name projectName, deposit deposit, tender_status tenderStatus, studio_name studioName, apply_num applyNum, project_description projectDescription FROM company_not_recruited WHERE delete_status = '1' and company_name = ? ORDER BY id LIMIT ?, ? ) c ORDER BY c.id 
2019-05-27 09:17:29.013 DEBUG --- [BaseJdbcLogger.java:159][http-nio-8080-exec-5] - ==> Parameters: 发猿地(String), 0(Integer), 50(Integer)
2019-05-27 09:17:29.038 DEBUG --- [BaseJdbcLogger.java:159][http-nio-8080-exec-5] - <==      Total: 8
2019-05-27 09:17:30.170 DEBUG --- [BaseJdbcLogger.java:159][http-nio-8080-exec-4] - ==>  Preparing: SELECT count(0) FROM account a WHERE a.delete_status = '1'and a.role_id = '2' 
2019-05-27 09:17:30.172 DEBUG --- [BaseJdbcLogger.java:159][http-nio-8080-exec-4] - ==> Parameters: 
2019-05-27 09:17:30.190 DEBUG --- [BaseJdbcLogger.java:159][http-nio-8080-exec-4] - <==      Total: 1
2019-05-27 09:17:30.193 DEBUG --- [BaseJdbcLogger.java:159][http-nio-8080-exec-4] - ==>  Preparing: SELECT a.* FROM ( SELECT account_id id, description description, unit_name unitName, address address, telephone telephone, evaluate evaluate, evaluate_demand evaluateDemand, evaluate_ability evaluateAbility, evaluate_plan evaluatePlan, finished_project_num finishedProjectNum FROM account WHERE delete_status = '1' and role_id = '2' ORDER BY evaluate DESC, account_id ASC LIMIT ?, ? ) a 
2019-05-27 09:17:30.194 DEBUG --- [BaseJdbcLogger.java:159][http-nio-8080-exec-4] - ==> Parameters: 0(Integer), 50(Integer)
2019-05-27 09:17:30.212 DEBUG --- [BaseJdbcLogger.java:159][http-nio-8080-exec-4] - <==      Total: 3
2019-05-27 09:17:32.481 DEBUG --- [BaseJdbcLogger.java:159][http-nio-8080-exec-1] - ==>  Preparing: SELECT a.* FROM ( SELECT account_id id, description description, unit_name unitName, address address, telephone telephone, evaluate evaluate, evaluate_demand evaluateDemand, evaluate_ability evaluateAbility, evaluate_plan evaluatePlan, finished_project_num finishedProjectNum, experienced_project_type experiencedProjectType FROM account WHERE experienced_project_type LIKE ? AND delete_status = '1' AND role_id = '2' AND finished_project_num between ? AND ? ORDER BY evaluate desc LIMIT ?, ? ) a 
2019-05-27 09:17:32.483 DEBUG --- [BaseJdbcLogger.java:159][http-nio-8080-exec-1] - ==> Parameters: Web网站(String), 0(Integer), 20(Integer), 0(Integer), 10(Integer)
2019-05-27 09:17:32.500 DEBUG --- [BaseJdbcLogger.java:159][http-nio-8080-exec-1] - <==      Total: 1
2019-05-27 09:17:34.001 DEBUG --- [BaseJdbcLogger.java:159][http-nio-8080-exec-10] - ==>  Preparing: SELECT a.* FROM ( SELECT account_id id, description description, unit_name unitName, address address, telephone telephone, evaluate evaluate, evaluate_demand evaluateDemand, evaluate_ability evaluateAbility, evaluate_plan evaluatePlan, finished_project_num finishedProjectNum, experienced_project_type experiencedProjectType FROM account WHERE delete_status = '1' AND role_id = '2' AND finished_project_num between ? AND ? ORDER BY evaluate desc, account_id asc LIMIT ?, ? ) a 
2019-05-27 09:17:34.003 DEBUG --- [BaseJdbcLogger.java:159][http-nio-8080-exec-10] - ==> Parameters: 0(Integer), 20(Integer), 0(Integer), 10(Integer)
2019-05-27 09:17:34.021 DEBUG --- [BaseJdbcLogger.java:159][http-nio-8080-exec-10] - <==      Total: 2
2019-05-27 09:17:49.794 DEBUG --- [BaseJdbcLogger.java:159][http-nio-8080-exec-7] - ==>  Preparing: SELECT u.username username, u.password password, u.unit_name unitName FROM account u WHERE u.username = ? AND u.password = ? AND u.delete_status = '1' 
2019-05-27 09:17:49.796 DEBUG --- [BaseJdbcLogger.java:159][http-nio-8080-exec-7] - ==> Parameters: user(String), 123456(String)
2019-05-27 09:17:49.812 DEBUG --- [BaseJdbcLogger.java:159][http-nio-8080-exec-7] - <==      Total: 1
2019-05-27 09:17:50.145 DEBUG --- [BaseJdbcLogger.java:159][http-nio-8080-exec-6] - ==>  Preparing: SELECT u.account_id userId, u.role_id roleId, r.role_name roleName, p.menu_code menuCode, p.permission_code permissionCode FROM account u LEFT JOIN sys_role r ON r.id = u.role_id LEFT JOIN sys_role_permission rp ON u.role_id = rp.role_id LEFT JOIN sys_permission p ON rp.permission_id = p.id AND rp.delete_status = '1' WHERE u.username = ? AND u.delete_status = '1' 
2019-05-27 09:17:50.146 DEBUG --- [BaseJdbcLogger.java:159][http-nio-8080-exec-6] - ==> Parameters: user(String)
2019-05-27 09:17:50.167 DEBUG --- [BaseJdbcLogger.java:159][http-nio-8080-exec-6] - <==      Total: 10
2019-05-27 09:17:50.398 DEBUG --- [BaseJdbcLogger.java:159][http-nio-8080-exec-2] - ==>  Preparing: SELECT u.* FROM account u WHERE u.username = ? AND u.delete_status = '1' 
2019-05-27 09:17:50.399 DEBUG --- [BaseJdbcLogger.java:159][http-nio-8080-exec-2] - ==> Parameters: user(String)
2019-05-27 09:17:50.418 DEBUG --- [BaseJdbcLogger.java:159][http-nio-8080-exec-2] - <==      Total: 1
2019-05-27 09:17:54.331 DEBUG --- [BaseJdbcLogger.java:159][http-nio-8080-exec-3] - ==>  Preparing: SELECT u.* FROM account u WHERE u.username = ? AND u.delete_status = '1' 
2019-05-27 09:17:54.332 DEBUG --- [BaseJdbcLogger.java:159][http-nio-8080-exec-3] - ==> Parameters: user(String)
2019-05-27 09:17:54.351 DEBUG --- [BaseJdbcLogger.java:159][http-nio-8080-exec-3] - <==      Total: 1
2019-05-27 09:18:00.782 DEBUG --- [BaseJdbcLogger.java:159][http-nio-8080-exec-9] - ==>  Preparing: UPDATE account SET username = ? , password = ? , unit_name = ? , email = ? , telephone = ? , address = ? , description = ? WHERE account_id = ? 
2019-05-27 09:18:00.783 DEBUG --- [BaseJdbcLogger.java:159][http-nio-8080-exec-9] - ==> Parameters: user(String), 123456(String), 程序员1(String), 324224324@qq.com(String), 343422(String), 山西(String), 程序员(String), 3(Integer)
2019-05-27 09:18:00.802 DEBUG --- [BaseJdbcLogger.java:159][http-nio-8080-exec-9] - <==    Updates: 1
2019-05-27 09:18:08.293 DEBUG --- [BaseJdbcLogger.java:159][http-nio-8080-exec-8] - ==>  Preparing: SELECT id id, project_name projectName, project_description projectDescription, demand_type demandType, project_cycle projectCycle, project_budget projectBudget, recruitment_role recruitmentRole, project_demand projectDemand, tender_status tenderStatus, apply_num applyNum, project_type projectType, employer_name employerName, comment_money commentMoney, comment_time commentTime, comment_reliable commentReliable, comment_hard commentHard, file_id fileId FROM demand 
2019-05-27 09:18:08.295 DEBUG --- [BaseJdbcLogger.java:159][http-nio-8080-exec-8] - ==> Parameters: 
2019-05-27 09:18:08.317 DEBUG --- [BaseJdbcLogger.java:159][http-nio-8080-exec-8] - <==      Total: 15
2019-05-27 09:18:14.562 DEBUG --- [BaseJdbcLogger.java:159][http-nio-8080-exec-5] - ==>  Preparing: SELECT id id, project_name projectName, project_description projectDescription, demand_type demandType, project_cycle projectCycle, project_budget projectBudget, recruitment_role recruitmentRole, project_demand projectDemand, tender_status tenderStatus, apply_num applyNum, project_type projectType, employer_name employerName, comment_money commentMoney, comment_time commentTime, comment_reliable commentReliable, comment_hard commentHard, file_id fileId FROM demand 
2019-05-27 09:18:14.563 DEBUG --- [BaseJdbcLogger.java:159][http-nio-8080-exec-5] - ==> Parameters: 
2019-05-27 09:18:14.584 DEBUG --- [BaseJdbcLogger.java:159][http-nio-8080-exec-5] - <==      Total: 15
2019-05-27 09:18:16.985 DEBUG --- [BaseJdbcLogger.java:159][http-nio-8080-exec-4] - ==>  Preparing: SELECT id id, project_name projectName, project_description projectDescription, demand_type demandType, project_cycle projectCycle, project_budget projectBudget, recruitment_role recruitmentRole, project_demand projectDemand, tender_status tenderStatus, apply_num applyNum, project_type projectType, employer_name employerName, comment_money commentMoney, comment_time commentTime, comment_reliable commentReliable, comment_hard commentHard, file_id fileId FROM demand WHERE project_type = ? 
2019-05-27 09:18:16.987 DEBUG --- [BaseJdbcLogger.java:159][http-nio-8080-exec-4] - ==> Parameters: Web网站(String)
2019-05-27 09:18:17.009 DEBUG --- [BaseJdbcLogger.java:159][http-nio-8080-exec-4] - <==      Total: 9
2019-05-27 09:18:19.992 DEBUG --- [BaseJdbcLogger.java:159][http-nio-8080-exec-1] - ==>  Preparing: SELECT id id, project_name projectName, project_description projectDescription, demand_type demandType, project_cycle projectCycle, project_budget projectBudget, recruitment_role recruitmentRole, project_demand projectDemand, tender_status tenderStatus, apply_num applyNum, project_type projectType, employer_name employerName, comment_money commentMoney, comment_time commentTime, comment_reliable commentReliable, comment_hard commentHard, file_id fileId FROM demand 
2019-05-27 09:18:19.994 DEBUG --- [BaseJdbcLogger.java:159][http-nio-8080-exec-1] - ==> Parameters: 
2019-05-27 09:18:20.012 DEBUG --- [BaseJdbcLogger.java:159][http-nio-8080-exec-1] - <==      Total: 15
2019-05-27 09:18:20.507 DEBUG --- [BaseJdbcLogger.java:159][http-nio-8080-exec-10] - ==>  Preparing: SELECT id id, project_name projectName, project_description projectDescription, demand_type demandType, project_cycle projectCycle, project_budget projectBudget, recruitment_role recruitmentRole, project_demand projectDemand, tender_status tenderStatus, apply_num applyNum, project_type projectType, employer_name employerName, comment_money commentMoney, comment_time commentTime, comment_reliable commentReliable, comment_hard commentHard, file_id fileId FROM demand WHERE recruitment_role = ? 
2019-05-27 09:18:20.510 DEBUG --- [BaseJdbcLogger.java:159][http-nio-8080-exec-10] - ==> Parameters: 产品经理(String)
2019-05-27 09:18:20.526 DEBUG --- [BaseJdbcLogger.java:159][http-nio-8080-exec-10] - <==      Total: 0
2019-05-27 09:18:21.714 DEBUG --- [BaseJdbcLogger.java:159][http-nio-8080-exec-7] - ==>  Preparing: SELECT id id, project_name projectName, project_description projectDescription, demand_type demandType, project_cycle projectCycle, project_budget projectBudget, recruitment_role recruitmentRole, project_demand projectDemand, tender_status tenderStatus, apply_num applyNum, project_type projectType, employer_name employerName, comment_money commentMoney, comment_time commentTime, comment_reliable commentReliable, comment_hard commentHard, file_id fileId FROM demand WHERE recruitment_role = ? 
2019-05-27 09:18:21.715 DEBUG --- [BaseJdbcLogger.java:159][http-nio-8080-exec-7] - ==> Parameters: 项目经理(String)
2019-05-27 09:18:21.730 DEBUG --- [BaseJdbcLogger.java:159][http-nio-8080-exec-7] - <==      Total: 0
2019-05-27 09:18:22.414 DEBUG --- [BaseJdbcLogger.java:159][http-nio-8080-exec-6] - ==>  Preparing: SELECT id id, project_name projectName, project_description projectDescription, demand_type demandType, project_cycle projectCycle, project_budget projectBudget, recruitment_role recruitmentRole, project_demand projectDemand, tender_status tenderStatus, apply_num applyNum, project_type projectType, employer_name employerName, comment_money commentMoney, comment_time commentTime, comment_reliable commentReliable, comment_hard commentHard, file_id fileId FROM demand 
2019-05-27 09:18:22.415 DEBUG --- [BaseJdbcLogger.java:159][http-nio-8080-exec-6] - ==> Parameters: 
2019-05-27 09:18:22.433 DEBUG --- [BaseJdbcLogger.java:159][http-nio-8080-exec-6] - <==      Total: 15
2019-05-27 09:18:23.674 DEBUG --- [BaseJdbcLogger.java:159][http-nio-8080-exec-2] - ==>  Preparing: SELECT id id, project_name projectName, project_description projectDescription, demand_type demandType, project_cycle projectCycle, project_budget projectBudget, recruitment_role recruitmentRole, project_demand projectDemand, tender_status tenderStatus, apply_num applyNum, project_type projectType, employer_name employerName, comment_money commentMoney, comment_time commentTime, comment_reliable commentReliable, comment_hard commentHard, file_id fileId FROM demand WHERE project_type = ? 
2019-05-27 09:18:23.675 DEBUG --- [BaseJdbcLogger.java:159][http-nio-8080-exec-2] - ==> Parameters: 其他(String)
2019-05-27 09:18:23.690 DEBUG --- [BaseJdbcLogger.java:159][http-nio-8080-exec-2] - <==      Total: 0
2019-05-27 09:18:24.496 DEBUG --- [BaseJdbcLogger.java:159][http-nio-8080-exec-3] - ==>  Preparing: SELECT id id, project_name projectName, project_description projectDescription, demand_type demandType, project_cycle projectCycle, project_budget projectBudget, recruitment_role recruitmentRole, project_demand projectDemand, tender_status tenderStatus, apply_num applyNum, project_type projectType, employer_name employerName, comment_money commentMoney, comment_time commentTime, comment_reliable commentReliable, comment_hard commentHard, file_id fileId FROM demand 
2019-05-27 09:18:24.497 DEBUG --- [BaseJdbcLogger.java:159][http-nio-8080-exec-3] - ==> Parameters: 
2019-05-27 09:18:24.514 DEBUG --- [BaseJdbcLogger.java:159][http-nio-8080-exec-3] - <==      Total: 15
2019-05-27 09:18:25.293 DEBUG --- [BaseJdbcLogger.java:159][http-nio-8080-exec-9] - ==>  Preparing: SELECT id id, project_name projectName, project_description projectDescription, demand_type demandType, project_cycle projectCycle, project_budget projectBudget, recruitment_role recruitmentRole, project_demand projectDemand, tender_status tenderStatus, apply_num applyNum, project_type projectType, employer_name employerName, comment_money commentMoney, comment_time commentTime, comment_reliable commentReliable, comment_hard commentHard, file_id fileId FROM demand WHERE project_type = ? 
2019-05-27 09:18:25.294 DEBUG --- [BaseJdbcLogger.java:159][http-nio-8080-exec-9] - ==> Parameters: 微信公众号(String)
2019-05-27 09:18:25.310 DEBUG --- [BaseJdbcLogger.java:159][http-nio-8080-exec-9] - <==      Total: 2
2019-05-27 09:18:25.957 DEBUG --- [BaseJdbcLogger.java:159][http-nio-8080-exec-8] - ==>  Preparing: SELECT id id, project_name projectName, project_description projectDescription, demand_type demandType, project_cycle projectCycle, project_budget projectBudget, recruitment_role recruitmentRole, project_demand projectDemand, tender_status tenderStatus, apply_num applyNum, project_type projectType, employer_name employerName, comment_money commentMoney, comment_time commentTime, comment_reliable commentReliable, comment_hard commentHard, file_id fileId FROM demand WHERE project_type = ? 
2019-05-27 09:18:25.958 DEBUG --- [BaseJdbcLogger.java:159][http-nio-8080-exec-8] - ==> Parameters: APP开发(String)
2019-05-27 09:18:25.974 DEBUG --- [BaseJdbcLogger.java:159][http-nio-8080-exec-8] - <==      Total: 3
2019-05-27 09:18:28.155 DEBUG --- [BaseJdbcLogger.java:159][http-nio-8080-exec-5] - ==>  Preparing: SELECT id id, project_name projectName, project_description projectDescription, demand_type demandType, project_cycle projectCycle, project_budget projectBudget, recruitment_role recruitmentRole, project_demand projectDemand, tender_status tenderStatus, apply_num applyNum, project_type projectType, employer_name employerName, comment_money commentMoney, comment_time commentTime, comment_reliable commentReliable, comment_hard commentHard, file_id fileId FROM demand 
2019-05-27 09:18:28.156 DEBUG --- [BaseJdbcLogger.java:159][http-nio-8080-exec-5] - ==> Parameters: 
2019-05-27 09:18:28.175 DEBUG --- [BaseJdbcLogger.java:159][http-nio-8080-exec-5] - <==      Total: 15
2019-05-27 09:18:35.052 DEBUG --- [BaseJdbcLogger.java:159][http-nio-8080-exec-4] - ==>  Preparing: SELECT u.username username, u.password password, u.unit_name unitName FROM account u WHERE u.username = ? AND u.password = ? AND u.delete_status = '1' 
2019-05-27 09:18:35.055 DEBUG --- [BaseJdbcLogger.java:159][http-nio-8080-exec-4] - ==> Parameters: admin(String), 123456(String)
2019-05-27 09:18:35.071 DEBUG --- [BaseJdbcLogger.java:159][http-nio-8080-exec-4] - <==      Total: 1
2019-05-27 09:18:35.104 DEBUG --- [BaseJdbcLogger.java:159][http-nio-8080-exec-1] - ==>  Preparing: SELECT u.account_id userId, u.role_id roleId, r.role_name roleName, p.menu_code menuCode, p.permission_code permissionCode FROM account u LEFT JOIN sys_role r ON r.id = u.role_id LEFT JOIN sys_role_permission rp ON u.role_id = rp.role_id LEFT JOIN sys_permission p ON rp.permission_id = p.id AND rp.delete_status = '1' WHERE u.username = ? AND u.delete_status = '1' 
2019-05-27 09:18:35.106 DEBUG --- [BaseJdbcLogger.java:159][http-nio-8080-exec-1] - ==> Parameters: admin(String)
2019-05-27 09:18:35.128 DEBUG --- [BaseJdbcLogger.java:159][http-nio-8080-exec-1] - <==      Total: 1
2019-05-27 09:18:35.130 DEBUG --- [BaseJdbcLogger.java:159][http-nio-8080-exec-1] - ==>  Preparing: SELECT p.menu_code menuCode FROM sys_permission p ORDER BY p.id 
2019-05-27 09:18:35.132 DEBUG --- [BaseJdbcLogger.java:159][http-nio-8080-exec-1] - ==> Parameters: 
2019-05-27 09:18:35.148 DEBUG --- [BaseJdbcLogger.java:159][http-nio-8080-exec-1] - <==      Total: 10
2019-05-27 09:18:35.149 DEBUG --- [BaseJdbcLogger.java:159][http-nio-8080-exec-1] - ==>  Preparing: SELECT p.permission_code permissionCode FROM sys_permission p ORDER BY p.id 
2019-05-27 09:18:35.150 DEBUG --- [BaseJdbcLogger.java:159][http-nio-8080-exec-1] - ==> Parameters: 
2019-05-27 09:18:35.165 DEBUG --- [BaseJdbcLogger.java:159][http-nio-8080-exec-1] - <==      Total: 10
2019-05-27 09:18:35.504 DEBUG --- [BaseJdbcLogger.java:159][http-nio-8080-exec-10] - ==>  Preparing: SELECT u.* FROM account u WHERE u.username = ? AND u.delete_status = '1' 
2019-05-27 09:18:35.505 DEBUG --- [BaseJdbcLogger.java:159][http-nio-8080-exec-10] - ==> Parameters: admin(String)
2019-05-27 09:18:35.524 DEBUG --- [BaseJdbcLogger.java:159][http-nio-8080-exec-10] - <==      Total: 1
2019-05-27 09:18:35.759 DEBUG --- [BaseJdbcLogger.java:159][http-nio-8080-exec-7] - ==>  Preparing: SELECT count(0) FROM account c WHERE c.delete_status = '1' and role_id = '3' 
2019-05-27 09:18:35.762 DEBUG --- [BaseJdbcLogger.java:159][http-nio-8080-exec-7] - ==> Parameters: 
2019-05-27 09:18:35.779 DEBUG --- [BaseJdbcLogger.java:159][http-nio-8080-exec-7] - <==      Total: 1
2019-05-27 09:18:35.781 DEBUG --- [BaseJdbcLogger.java:159][http-nio-8080-exec-7] - ==>  Preparing: SELECT c.* FROM ( SELECT username username, email email, address address, telephone telephone, unit_name unit_name, is_examined is_examined FROM account WHERE delete_status = '1' and role_id = '3' ORDER BY username LIMIT ?, ? ) c ORDER BY c.username 
2019-05-27 09:18:35.783 DEBUG --- [BaseJdbcLogger.java:159][http-nio-8080-exec-7] - ==> Parameters: 0(Integer), 10(Integer)
2019-05-27 09:18:35.800 DEBUG --- [BaseJdbcLogger.java:159][http-nio-8080-exec-7] - <==      Total: 3
2019-05-27 09:18:37.822 DEBUG --- [BaseJdbcLogger.java:159][http-nio-8080-exec-6] - ==>  Preparing: SELECT count(0) FROM account c WHERE c.delete_status = '1' and role_id = '2' 
2019-05-27 09:18:37.823 DEBUG --- [BaseJdbcLogger.java:159][http-nio-8080-exec-6] - ==> Parameters: 
2019-05-27 09:18:37.839 DEBUG --- [BaseJdbcLogger.java:159][http-nio-8080-exec-6] - <==      Total: 1
2019-05-27 09:18:37.840 DEBUG --- [BaseJdbcLogger.java:159][http-nio-8080-exec-6] - ==>  Preparing: SELECT c.* FROM ( SELECT username username, email email, address address, telephone telephone, unit_name unit_name, is_examined is_examined FROM account WHERE delete_status = '1' and role_id = '2' ORDER BY username LIMIT ?, ? ) c ORDER BY c.username 
2019-05-27 09:18:37.841 DEBUG --- [BaseJdbcLogger.java:159][http-nio-8080-exec-6] - ==> Parameters: 0(Integer), 10(Integer)
2019-05-27 09:18:37.859 DEBUG --- [BaseJdbcLogger.java:159][http-nio-8080-exec-6] - <==      Total: 3
2019-05-27 09:18:39.139 DEBUG --- [BaseJdbcLogger.java:159][http-nio-8080-exec-2] - ==>  Preparing: SELECT count(0) FROM company_not_recruited b 
2019-05-27 09:18:39.140 DEBUG --- [BaseJdbcLogger.java:159][http-nio-8080-exec-2] - ==> Parameters: 
2019-05-27 09:18:39.156 DEBUG --- [BaseJdbcLogger.java:159][http-nio-8080-exec-2] - <==      Total: 1
2019-05-27 09:18:39.158 DEBUG --- [BaseJdbcLogger.java:159][http-nio-8080-exec-2] - ==>  Preparing: SELECT b.* FROM ( SELECT project_name projectName, company_name companyName, studio_name studioName, apply_num applyNum, tender_status tenderStatus FROM company_not_recruited ORDER BY id LIMIT ?, ? ) b 
2019-05-27 09:18:39.159 DEBUG --- [BaseJdbcLogger.java:159][http-nio-8080-exec-2] - ==> Parameters: 0(Integer), 10(Integer)
2019-05-27 09:18:39.177 DEBUG --- [BaseJdbcLogger.java:159][http-nio-8080-exec-2] - <==      Total: 10
2019-05-27 09:18:41.900 DEBUG --- [BaseJdbcLogger.java:159][http-nio-8080-exec-3] - ==>  Preparing: SELECT count(0) FROM company_not_recruited b 
2019-05-27 09:18:41.901 DEBUG --- [BaseJdbcLogger.java:159][http-nio-8080-exec-3] - ==> Parameters: 
2019-05-27 09:18:41.917 DEBUG --- [BaseJdbcLogger.java:159][http-nio-8080-exec-3] - <==      Total: 1
2019-05-27 09:18:41.919 DEBUG --- [BaseJdbcLogger.java:159][http-nio-8080-exec-3] - ==>  Preparing: SELECT b.* FROM ( SELECT project_name projectName, company_name companyName, studio_name studioName, apply_num applyNum, tender_status tenderStatus FROM company_not_recruited ORDER BY id LIMIT ?, ? ) b 
2019-05-27 09:18:41.920 DEBUG --- [BaseJdbcLogger.java:159][http-nio-8080-exec-3] - ==> Parameters: 0(Integer), 10(Integer)
2019-05-27 09:18:41.939 DEBUG --- [BaseJdbcLogger.java:159][http-nio-8080-exec-3] - <==      Total: 10
2019-05-27 09:18:43.067 DEBUG --- [BaseJdbcLogger.java:159][http-nio-8080-exec-9] - ==>  Preparing: SELECT count(0) FROM project_progress_log c 
2019-05-27 09:18:43.068 DEBUG --- [BaseJdbcLogger.java:159][http-nio-8080-exec-9] - ==> Parameters: 
2019-05-27 09:18:43.085 DEBUG --- [BaseJdbcLogger.java:159][http-nio-8080-exec-9] - <==      Total: 1
2019-05-27 09:18:43.086 DEBUG --- [BaseJdbcLogger.java:159][http-nio-8080-exec-9] - ==>  Preparing: SELECT c.* FROM ( SELECT project_name projectName, progress_log progressLog, date date, company_name companyName, studio_name studioName FROM project_progress_log ORDER BY project_name LIMIT ?, ? ) c 
2019-05-27 09:18:43.087 DEBUG --- [BaseJdbcLogger.java:159][http-nio-8080-exec-9] - ==> Parameters: 0(Integer), 50(Integer)
2019-05-27 09:18:43.106 DEBUG --- [BaseJdbcLogger.java:159][http-nio-8080-exec-9] - <==      Total: 11
2019-05-27 09:18:44.116 DEBUG --- [BaseJdbcLogger.java:159][http-nio-8080-exec-8] - ==>  Preparing: SELECT count(0) FROM cost_management c 
2019-05-27 09:18:44.117 DEBUG --- [BaseJdbcLogger.java:159][http-nio-8080-exec-8] - ==> Parameters: 
2019-05-27 09:18:44.133 DEBUG --- [BaseJdbcLogger.java:159][http-nio-8080-exec-8] - <==      Total: 1
2019-05-27 09:18:44.134 DEBUG --- [BaseJdbcLogger.java:159][http-nio-8080-exec-8] - ==>  Preparing: SELECT c.* FROM ( SELECT project_name projectName, company_name companyName, studio_name studioName, deposit deposit, final_payment finalPayment, deposit_isPayed depositIsPayed, final_payment_isPayed finalPaymentIsPayed FROM cost_management LIMIT ?, ? ) c 
2019-05-27 09:18:44.135 DEBUG --- [BaseJdbcLogger.java:159][http-nio-8080-exec-8] - ==> Parameters: 0(Integer), 10(Integer)
2019-05-27 09:18:44.152 DEBUG --- [BaseJdbcLogger.java:159][http-nio-8080-exec-8] - <==      Total: 4
2019-05-27 09:18:45.435 DEBUG --- [BaseJdbcLogger.java:159][http-nio-8080-exec-5] - ==>  Preparing: SELECT count(0) FROM advertisement c 
2019-05-27 09:18:45.436 DEBUG --- [BaseJdbcLogger.java:159][http-nio-8080-exec-5] - ==> Parameters: 
2019-05-27 09:18:45.452 DEBUG --- [BaseJdbcLogger.java:159][http-nio-8080-exec-5] - <==      Total: 1
2019-05-27 09:18:45.453 DEBUG --- [BaseJdbcLogger.java:159][http-nio-8080-exec-5] - ==>  Preparing: SELECT c.* FROM ( SELECT unit_name unitName, application_days applicationDays, amount amount, attachment_id attachmentId, audit_results auditResults, update_date updateDate FROM advertisement ORDER BY unit_name LIMIT ?, ? ) c 
2019-05-27 09:18:45.455 DEBUG --- [BaseJdbcLogger.java:159][http-nio-8080-exec-5] - ==> Parameters: 0(Integer), 10(Integer)
2019-05-27 09:18:45.475 DEBUG --- [BaseJdbcLogger.java:159][http-nio-8080-exec-5] - <==      Total: 6
2019-05-27 09:18:51.360 DEBUG --- [BaseJdbcLogger.java:159][http-nio-8080-exec-4] - ==>  Preparing: SELECT count(0) FROM account c WHERE c.delete_status = '1' and role_id = '3' 
2019-05-27 09:18:51.363 DEBUG --- [BaseJdbcLogger.java:159][http-nio-8080-exec-4] - ==> Parameters: 
2019-05-27 09:18:51.381 DEBUG --- [BaseJdbcLogger.java:159][http-nio-8080-exec-4] - <==      Total: 1
2019-05-27 09:18:51.385 DEBUG --- [BaseJdbcLogger.java:159][http-nio-8080-exec-4] - ==>  Preparing: SELECT c.* FROM ( SELECT username username, email email, address address, telephone telephone, unit_name unit_name, is_examined is_examined FROM account WHERE delete_status = '1' and role_id = '3' ORDER BY username LIMIT ?, ? ) c ORDER BY c.username 
2019-05-27 09:18:51.386 DEBUG --- [BaseJdbcLogger.java:159][http-nio-8080-exec-4] - ==> Parameters: 0(Integer), 10(Integer)
2019-05-27 09:18:51.404 DEBUG --- [BaseJdbcLogger.java:159][http-nio-8080-exec-4] - <==      Total: 3
2019-05-27 09:18:56.176 DEBUG --- [BaseJdbcLogger.java:159][http-nio-8080-exec-1] - ==>  Preparing: SELECT count(0) FROM account c WHERE c.delete_status = '1' and role_id = '2' 
2019-05-27 09:18:56.177 DEBUG --- [BaseJdbcLogger.java:159][http-nio-8080-exec-1] - ==> Parameters: 
2019-05-27 09:18:56.194 DEBUG --- [BaseJdbcLogger.java:159][http-nio-8080-exec-1] - <==      Total: 1
2019-05-27 09:18:56.195 DEBUG --- [BaseJdbcLogger.java:159][http-nio-8080-exec-1] - ==>  Preparing: SELECT c.* FROM ( SELECT username username, email email, address address, telephone telephone, unit_name unit_name, is_examined is_examined FROM account WHERE delete_status = '1' and role_id = '2' ORDER BY username LIMIT ?, ? ) c ORDER BY c.username 
2019-05-27 09:18:56.196 DEBUG --- [BaseJdbcLogger.java:159][http-nio-8080-exec-1] - ==> Parameters: 0(Integer), 10(Integer)
2019-05-27 09:18:56.211 DEBUG --- [BaseJdbcLogger.java:159][http-nio-8080-exec-1] - <==      Total: 3
2019-05-27 09:18:56.751 DEBUG --- [BaseJdbcLogger.java:159][http-nio-8080-exec-10] - ==>  Preparing: SELECT count(0) FROM company_not_recruited b 
2019-05-27 09:18:56.753 DEBUG --- [BaseJdbcLogger.java:159][http-nio-8080-exec-10] - ==> Parameters: 
2019-05-27 09:18:56.770 DEBUG --- [BaseJdbcLogger.java:159][http-nio-8080-exec-10] - <==      Total: 1
2019-05-27 09:18:56.773 DEBUG --- [BaseJdbcLogger.java:159][http-nio-8080-exec-10] - ==>  Preparing: SELECT b.* FROM ( SELECT project_name projectName, company_name companyName, studio_name studioName, apply_num applyNum, tender_status tenderStatus FROM company_not_recruited ORDER BY id LIMIT ?, ? ) b 
2019-05-27 09:18:56.774 DEBUG --- [BaseJdbcLogger.java:159][http-nio-8080-exec-10] - ==> Parameters: 0(Integer), 10(Integer)
2019-05-27 09:18:56.791 DEBUG --- [BaseJdbcLogger.java:159][http-nio-8080-exec-10] - <==      Total: 10
2019-05-27 11:25:38.922 INFO  --- [StartupInfoLogger.java:50][restartedMain] - Starting MyApplication on DESKTOP-BHGM3HS with PID 9500 (D:\projects\hr_and_project_outsourcing_platform\src\web\hpos\back\target\classes started by hasee in D:\projects\hr_and_project_outsourcing_platform\src\web\hpos\back)
2019-05-27 11:25:38.936 INFO  --- [SpringApplication.java:675][restartedMain] - No active profile set, falling back to default profiles: default
2019-05-27 11:25:52.581 INFO  --- [StartupInfoLogger.java:59][restartedMain] - Started MyApplication in 14.836 seconds (JVM running for 23.036)
2019-05-27 11:41:38.999 INFO  --- [HikariDataSource.java:110][http-nio-8080-exec-1] - HikariPool-1 - Starting...
2019-05-27 11:41:39.418 INFO  --- [HikariDataSource.java:123][http-nio-8080-exec-1] - HikariPool-1 - Start completed.
2019-05-27 11:41:39.439 DEBUG --- [BaseJdbcLogger.java:159][http-nio-8080-exec-1] - ==>  Preparing: SELECT u.username username, u.password password, u.unit_name unitName FROM account u WHERE u.username = ? AND u.password = ? AND u.delete_status = '1' 
2019-05-27 11:41:39.526 DEBUG --- [BaseJdbcLogger.java:159][http-nio-8080-exec-1] - ==> Parameters: company(String), 123456(String)
2019-05-27 11:41:39.588 DEBUG --- [BaseJdbcLogger.java:159][http-nio-8080-exec-1] - <==      Total: 1
2019-05-27 11:41:39.788 DEBUG --- [BaseJdbcLogger.java:159][http-nio-8080-exec-2] - ==>  Preparing: SELECT u.account_id userId, u.role_id roleId, r.role_name roleName, p.menu_code menuCode, p.permission_code permissionCode FROM account u LEFT JOIN sys_role r ON r.id = u.role_id LEFT JOIN sys_role_permission rp ON u.role_id = rp.role_id LEFT JOIN sys_permission p ON rp.permission_id = p.id AND rp.delete_status = '1' WHERE u.username = ? AND u.delete_status = '1' 
2019-05-27 11:41:39.789 DEBUG --- [BaseJdbcLogger.java:159][http-nio-8080-exec-2] - ==> Parameters: company(String)
2019-05-27 11:41:39.828 DEBUG --- [BaseJdbcLogger.java:159][http-nio-8080-exec-2] - <==      Total: 7
2019-05-27 11:41:40.297 DEBUG --- [BaseJdbcLogger.java:159][http-nio-8080-exec-3] - ==>  Preparing: SELECT u.* FROM account u WHERE u.username = ? AND u.delete_status = '1' 
2019-05-27 11:41:40.298 DEBUG --- [BaseJdbcLogger.java:159][http-nio-8080-exec-3] - ==> Parameters: company(String)
2019-05-27 11:41:40.318 DEBUG --- [BaseJdbcLogger.java:159][http-nio-8080-exec-3] - <==      Total: 1
2019-05-27 11:41:48.213 DEBUG --- [BaseJdbcLogger.java:159][http-nio-8080-exec-4] - ==>  Preparing: SELECT u.account_id userId, u.role_id roleId, r.role_name roleName, p.menu_code menuCode, p.permission_code permissionCode FROM account u LEFT JOIN sys_role r ON r.id = u.role_id LEFT JOIN sys_role_permission rp ON u.role_id = rp.role_id LEFT JOIN sys_permission p ON rp.permission_id = p.id AND rp.delete_status = '1' WHERE u.username = ? AND u.delete_status = '1' 
2019-05-27 11:41:48.215 DEBUG --- [BaseJdbcLogger.java:159][http-nio-8080-exec-4] - ==> Parameters: company(String)
2019-05-27 11:41:48.232 DEBUG --- [BaseJdbcLogger.java:159][http-nio-8080-exec-4] - <==      Total: 7
2019-05-27 11:41:57.361 DEBUG --- [BaseJdbcLogger.java:159][http-nio-8080-exec-5] - ==>  Preparing: SELECT count(0) FROM company_not_recruited c WHERE c.delete_status = '1' and company_name = ? 
2019-05-27 11:41:57.362 DEBUG --- [BaseJdbcLogger.java:159][http-nio-8080-exec-5] - ==> Parameters: 发猿地(String)
2019-05-27 11:41:57.378 DEBUG --- [BaseJdbcLogger.java:159][http-nio-8080-exec-5] - <==      Total: 1
2019-05-27 11:41:57.380 DEBUG --- [BaseJdbcLogger.java:159][http-nio-8080-exec-5] - ==>  Preparing: SELECT c.* FROM ( SELECT id id, project_name projectName, deposit deposit, tender_status tenderStatus, studio_name studioName, apply_num applyNum, project_description projectDescription FROM company_not_recruited WHERE delete_status = '1' and company_name = ? ORDER BY id LIMIT ?, ? ) c ORDER BY c.id 
2019-05-27 11:41:57.382 DEBUG --- [BaseJdbcLogger.java:159][http-nio-8080-exec-5] - ==> Parameters: 发猿地(String), 0(Integer), 50(Integer)
2019-05-27 11:41:57.403 DEBUG --- [BaseJdbcLogger.java:159][http-nio-8080-exec-5] - <==      Total: 8
2019-05-27 11:42:11.145 DEBUG --- [BaseJdbcLogger.java:159][http-nio-8080-exec-6] - ==>  Preparing: SELECT count(0) FROM account a WHERE a.delete_status = '1'and a.role_id = '2' 
2019-05-27 11:42:11.146 DEBUG --- [BaseJdbcLogger.java:159][http-nio-8080-exec-6] - ==> Parameters: 
2019-05-27 11:42:11.160 DEBUG --- [BaseJdbcLogger.java:159][http-nio-8080-exec-6] - <==      Total: 1
2019-05-27 11:42:11.162 DEBUG --- [BaseJdbcLogger.java:159][http-nio-8080-exec-6] - ==>  Preparing: SELECT a.* FROM ( SELECT account_id id, description description, unit_name unitName, address address, telephone telephone, evaluate evaluate, evaluate_demand evaluateDemand, evaluate_ability evaluateAbility, evaluate_plan evaluatePlan, finished_project_num finishedProjectNum FROM account WHERE delete_status = '1' and role_id = '2' ORDER BY evaluate DESC, account_id ASC LIMIT ?, ? ) a 
2019-05-27 11:42:11.164 DEBUG --- [BaseJdbcLogger.java:159][http-nio-8080-exec-6] - ==> Parameters: 0(Integer), 50(Integer)
2019-05-27 11:42:11.182 DEBUG --- [BaseJdbcLogger.java:159][http-nio-8080-exec-6] - <==      Total: 3
2019-05-27 11:42:17.630 DEBUG --- [BaseJdbcLogger.java:159][http-nio-8080-exec-7] - ==>  Preparing: SELECT count(0) FROM account a WHERE a.delete_status = '1'and a.role_id = '2' 
2019-05-27 11:42:17.631 DEBUG --- [BaseJdbcLogger.java:159][http-nio-8080-exec-7] - ==> Parameters: 
2019-05-27 11:42:17.646 DEBUG --- [BaseJdbcLogger.java:159][http-nio-8080-exec-7] - <==      Total: 1
2019-05-27 11:42:17.648 DEBUG --- [BaseJdbcLogger.java:159][http-nio-8080-exec-7] - ==>  Preparing: SELECT a.* FROM ( SELECT account_id id, description description, unit_name unitName, address address, telephone telephone, evaluate evaluate, evaluate_demand evaluateDemand, evaluate_ability evaluateAbility, evaluate_plan evaluatePlan, finished_project_num finishedProjectNum FROM account WHERE delete_status = '1' and role_id = '2' ORDER BY evaluate DESC, account_id ASC LIMIT ?, ? ) a 
2019-05-27 11:42:17.649 DEBUG --- [BaseJdbcLogger.java:159][http-nio-8080-exec-7] - ==> Parameters: 0(Integer), 50(Integer)
2019-05-27 11:42:17.669 DEBUG --- [BaseJdbcLogger.java:159][http-nio-8080-exec-7] - <==      Total: 3
2019-05-27 11:42:21.412 DEBUG --- [BaseJdbcLogger.java:159][http-nio-8080-exec-8] - ==>  Preparing: SELECT id id, project_name projectName, project_description projectDescription, demand_type demandType, project_cycle projectCycle, project_budget projectBudget, recruitment_role recruitmentRole, project_demand projectDemand, tender_status tenderStatus, apply_num applyNum, project_type projectType, employer_name employerName, comment_money commentMoney, comment_time commentTime, comment_reliable commentReliable, comment_hard commentHard, file_id fileId FROM demand 
2019-05-27 11:42:21.415 DEBUG --- [BaseJdbcLogger.java:159][http-nio-8080-exec-8] - ==> Parameters: 
2019-05-27 11:42:21.435 DEBUG --- [BaseJdbcLogger.java:159][http-nio-8080-exec-8] - <==      Total: 15
2019-05-27 11:42:25.172 DEBUG --- [BaseJdbcLogger.java:159][http-nio-8080-exec-9] - ==>  Preparing: SELECT id id, project_name projectName, project_description projectDescription, demand_type demandType, project_cycle projectCycle, project_budget projectBudget, recruitment_role recruitmentRole, project_demand projectDemand, tender_status tenderStatus, apply_num applyNum, project_type projectType, employer_name employerName, comment_money commentMoney, comment_time commentTime, comment_reliable commentReliable, comment_hard commentHard, file_id fileId FROM demand WHERE project_type = ? 
2019-05-27 11:42:25.175 DEBUG --- [BaseJdbcLogger.java:159][http-nio-8080-exec-9] - ==> Parameters: Web网站(String)
2019-05-27 11:42:25.195 DEBUG --- [BaseJdbcLogger.java:159][http-nio-8080-exec-9] - <==      Total: 9
2019-05-27 11:42:28.025 DEBUG --- [BaseJdbcLogger.java:159][http-nio-8080-exec-10] - ==>  Preparing: SELECT id id, project_name projectName, project_description projectDescription, demand_type demandType, project_cycle projectCycle, project_budget projectBudget, recruitment_role recruitmentRole, project_demand projectDemand, tender_status tenderStatus, apply_num applyNum, project_type projectType, employer_name employerName, comment_money commentMoney, comment_time commentTime, comment_reliable commentReliable, comment_hard commentHard, file_id fileId FROM demand 
2019-05-27 11:42:28.026 DEBUG --- [BaseJdbcLogger.java:159][http-nio-8080-exec-10] - ==> Parameters: 
2019-05-27 11:42:28.044 DEBUG --- [BaseJdbcLogger.java:159][http-nio-8080-exec-10] - <==      Total: 15
2019-05-27 11:42:37.685 DEBUG --- [BaseJdbcLogger.java:159][http-nio-8080-exec-1] - ==>  Preparing: SELECT id id, project_name projectName, project_description projectDescription, demand_type demandType, project_cycle projectCycle, project_budget projectBudget, recruitment_role recruitmentRole, project_demand projectDemand, tender_status tenderStatus, apply_num applyNum, project_type projectType, employer_name employerName, comment_money commentMoney, comment_time commentTime, comment_reliable commentReliable, comment_hard commentHard, file_id fileId FROM demand WHERE project_type = ? 
2019-05-27 11:42:37.686 DEBUG --- [BaseJdbcLogger.java:159][http-nio-8080-exec-1] - ==> Parameters: Web网站(String)
2019-05-27 11:42:37.762 DEBUG --- [BaseJdbcLogger.java:159][http-nio-8080-exec-1] - <==      Total: 9
2019-05-27 11:42:37.949 DEBUG --- [BaseJdbcLogger.java:159][http-nio-8080-exec-2] - ==>  Preparing: SELECT id id, project_name projectName, project_description projectDescription, demand_type demandType, project_cycle projectCycle, project_budget projectBudget, recruitment_role recruitmentRole, project_demand projectDemand, tender_status tenderStatus, apply_num applyNum, project_type projectType, employer_name employerName, comment_money commentMoney, comment_time commentTime, comment_reliable commentReliable, comment_hard commentHard, file_id fileId FROM demand WHERE recruitment_role = ? AND project_type = ? 
2019-05-27 11:42:37.952 DEBUG --- [BaseJdbcLogger.java:159][http-nio-8080-exec-2] - ==> Parameters: 项目经理(String), Web网站(String)
2019-05-27 11:42:37.967 DEBUG --- [BaseJdbcLogger.java:159][http-nio-8080-exec-2] - <==      Total: 0
2019-05-27 11:42:38.763 DEBUG --- [BaseJdbcLogger.java:159][http-nio-8080-exec-3] - ==>  Preparing: SELECT id id, project_name projectName, project_description projectDescription, demand_type demandType, project_cycle projectCycle, project_budget projectBudget, recruitment_role recruitmentRole, project_demand projectDemand, tender_status tenderStatus, apply_num applyNum, project_type projectType, employer_name employerName, comment_money commentMoney, comment_time commentTime, comment_reliable commentReliable, comment_hard commentHard, file_id fileId FROM demand WHERE recruitment_role = ? 
2019-05-27 11:42:38.765 DEBUG --- [BaseJdbcLogger.java:159][http-nio-8080-exec-3] - ==> Parameters: 项目经理(String)
2019-05-27 11:42:38.780 DEBUG --- [BaseJdbcLogger.java:159][http-nio-8080-exec-3] - <==      Total: 0
2019-05-27 11:42:39.339 DEBUG --- [BaseJdbcLogger.java:159][http-nio-8080-exec-4] - ==>  Preparing: SELECT id id, project_name projectName, project_description projectDescription, demand_type demandType, project_cycle projectCycle, project_budget projectBudget, recruitment_role recruitmentRole, project_demand projectDemand, tender_status tenderStatus, apply_num applyNum, project_type projectType, employer_name employerName, comment_money commentMoney, comment_time commentTime, comment_reliable commentReliable, comment_hard commentHard, file_id fileId FROM demand 
2019-05-27 11:42:39.340 DEBUG --- [BaseJdbcLogger.java:159][http-nio-8080-exec-4] - ==> Parameters: 
2019-05-27 11:42:39.358 DEBUG --- [BaseJdbcLogger.java:159][http-nio-8080-exec-4] - <==      Total: 15
2019-05-27 11:43:19.491 DEBUG --- [BaseJdbcLogger.java:159][http-nio-8080-exec-5] - ==>  Preparing: SELECT id id, project_name projectName, project_description projectDescription, demand_type demandType, project_cycle projectCycle, project_budget projectBudget, recruitment_role recruitmentRole, project_demand projectDemand, tender_status tenderStatus, apply_num applyNum, project_type projectType, employer_name employerName, comment_money commentMoney, comment_time commentTime, comment_reliable commentReliable, comment_hard commentHard, file_id fileId FROM demand WHERE project_type = ? 
2019-05-27 11:43:19.492 DEBUG --- [BaseJdbcLogger.java:159][http-nio-8080-exec-5] - ==> Parameters: Web网站(String)
2019-05-27 11:43:19.508 DEBUG --- [BaseJdbcLogger.java:159][http-nio-8080-exec-5] - <==      Total: 9
2019-05-27 12:01:17.877 DEBUG --- [BaseJdbcLogger.java:159][http-nio-8080-exec-6] - ==>  Preparing: SELECT u.username username, u.password password, u.unit_name unitName FROM account u WHERE u.username = ? AND u.password = ? AND u.delete_status = '1' 
2019-05-27 12:01:17.879 DEBUG --- [BaseJdbcLogger.java:159][http-nio-8080-exec-6] - ==> Parameters: user(String), 123456(String)
2019-05-27 12:01:17.895 DEBUG --- [BaseJdbcLogger.java:159][http-nio-8080-exec-6] - <==      Total: 1
2019-05-27 12:01:18.110 DEBUG --- [BaseJdbcLogger.java:159][http-nio-8080-exec-7] - ==>  Preparing: SELECT u.account_id userId, u.role_id roleId, r.role_name roleName, p.menu_code menuCode, p.permission_code permissionCode FROM account u LEFT JOIN sys_role r ON r.id = u.role_id LEFT JOIN sys_role_permission rp ON u.role_id = rp.role_id LEFT JOIN sys_permission p ON rp.permission_id = p.id AND rp.delete_status = '1' WHERE u.username = ? AND u.delete_status = '1' 
2019-05-27 12:01:18.145 DEBUG --- [BaseJdbcLogger.java:159][http-nio-8080-exec-7] - ==> Parameters: user(String)
2019-05-27 12:01:18.165 DEBUG --- [BaseJdbcLogger.java:159][http-nio-8080-exec-7] - <==      Total: 10
2019-05-27 12:01:18.250 DEBUG --- [BaseJdbcLogger.java:159][http-nio-8080-exec-8] - ==>  Preparing: SELECT u.* FROM account u WHERE u.username = ? AND u.delete_status = '1' 
2019-05-27 12:01:18.252 DEBUG --- [BaseJdbcLogger.java:159][http-nio-8080-exec-8] - ==> Parameters: user(String)
2019-05-27 12:01:18.269 DEBUG --- [BaseJdbcLogger.java:159][http-nio-8080-exec-8] - <==      Total: 1
2019-05-27 12:01:27.579 DEBUG --- [BaseJdbcLogger.java:159][http-nio-8080-exec-9] - ==>  Preparing: SELECT count(0) FROM studio_not_recruited s WHERE s.delete_status = '1' and studio_name = ? 
2019-05-27 12:01:27.580 DEBUG --- [BaseJdbcLogger.java:159][http-nio-8080-exec-9] - ==> Parameters: 程序员(String)
2019-05-27 12:01:27.596 DEBUG --- [BaseJdbcLogger.java:159][http-nio-8080-exec-9] - <==      Total: 1
2019-05-27 12:01:27.597 DEBUG --- [BaseJdbcLogger.java:159][http-nio-8080-exec-9] - ==>  Preparing: SELECT s.* FROM ( SELECT id id, project_name projectName, deposit deposit, final_payment finalPayment, company_name companyName, bid_status bidStatus, studio_name studioName, project_description projectDescription FROM studio_not_recruited WHERE delete_status = '1' and studio_name = ? ORDER BY id LIMIT ?, ? ) s ORDER BY s.id 
2019-05-27 12:01:27.599 DEBUG --- [BaseJdbcLogger.java:159][http-nio-8080-exec-9] - ==> Parameters: 程序员(String), 0(Integer), 50(Integer)
2019-05-27 12:01:27.619 DEBUG --- [BaseJdbcLogger.java:159][http-nio-8080-exec-9] - <==      Total: 7
2019-05-27 12:02:15.491 DEBUG --- [BaseJdbcLogger.java:159][http-nio-8080-exec-10] - ==>  Preparing: SELECT count(0) FROM studio_progress s WHERE s.delete_status = '1' 
2019-05-27 12:02:15.492 DEBUG --- [BaseJdbcLogger.java:159][http-nio-8080-exec-10] - ==> Parameters: 
2019-05-27 12:02:15.507 DEBUG --- [BaseJdbcLogger.java:159][http-nio-8080-exec-10] - <==      Total: 1
2019-05-27 12:02:15.509 DEBUG --- [BaseJdbcLogger.java:159][http-nio-8080-exec-10] - ==>  Preparing: SELECT s.* FROM ( SELECT id id, project_name projectName, deposit deposit, final_payment finalPayment, project_progress projectProgress, company_name companyName, studio_name studioName, delete_status deleteStatus, project_description projectDescription FROM studio_progress WHERE delete_status = '1' and studio_name = ? ORDER BY id LIMIT ?, ? ) s ORDER BY s.id 
2019-05-27 12:02:15.509 DEBUG --- [BaseJdbcLogger.java:159][http-nio-8080-exec-10] - ==> Parameters: 程序员(String), 0(Integer), 50(Integer)
2019-05-27 12:02:15.524 DEBUG --- [BaseJdbcLogger.java:159][http-nio-8080-exec-10] - <==      Total: 0
2019-05-27 12:02:17.234 DEBUG --- [BaseJdbcLogger.java:159][http-nio-8080-exec-1] - ==>  Preparing: SELECT count(0) FROM studio_not_recruited s WHERE s.delete_status = '1' and studio_name = ? 
2019-05-27 12:02:17.236 DEBUG --- [BaseJdbcLogger.java:159][http-nio-8080-exec-1] - ==> Parameters: 程序员(String)
2019-05-27 12:02:17.251 DEBUG --- [BaseJdbcLogger.java:159][http-nio-8080-exec-1] - <==      Total: 1
2019-05-27 12:02:17.252 DEBUG --- [BaseJdbcLogger.java:159][http-nio-8080-exec-1] - ==>  Preparing: SELECT s.* FROM ( SELECT id id, project_name projectName, deposit deposit, final_payment finalPayment, company_name companyName, bid_status bidStatus, studio_name studioName, project_description projectDescription FROM studio_not_recruited WHERE delete_status = '1' and studio_name = ? ORDER BY id LIMIT ?, ? ) s ORDER BY s.id 
2019-05-27 12:02:17.253 DEBUG --- [BaseJdbcLogger.java:159][http-nio-8080-exec-1] - ==> Parameters: 程序员(String), 0(Integer), 50(Integer)
2019-05-27 12:02:17.295 DEBUG --- [BaseJdbcLogger.java:159][http-nio-8080-exec-1] - <==      Total: 7
2019-05-27 12:02:19.196 DEBUG --- [BaseJdbcLogger.java:159][http-nio-8080-exec-2] - ==>  Preparing: SELECT count(0) FROM studio_finished s WHERE s.delete_status = '1' 
2019-05-27 12:02:19.198 DEBUG --- [BaseJdbcLogger.java:159][http-nio-8080-exec-2] - ==> Parameters: 
2019-05-27 12:02:19.212 DEBUG --- [BaseJdbcLogger.java:159][http-nio-8080-exec-2] - <==      Total: 1
2019-05-27 12:02:19.213 DEBUG --- [BaseJdbcLogger.java:159][http-nio-8080-exec-2] - ==>  Preparing: SELECT s.* FROM ( SELECT id id, project_name projectName, budget budget, company_name companyName, evaluate evaluate, FORMAT(evaluate_demand,2) evaluateDemand, FORMAT(evaluate_ability,2) evaluateAbility, FORMAT(evaluate_plan,2) evaluatePlan, studio_name studioName, project_description projectDescription FROM studio_finished WHERE delete_status = '1' and studio_name = ? ORDER BY id LIMIT ?, ? ) s ORDER BY s.id 
2019-05-27 12:02:19.215 DEBUG --- [BaseJdbcLogger.java:159][http-nio-8080-exec-2] - ==> Parameters: 程序员(String), 0(Integer), 50(Integer)
2019-05-27 12:02:19.230 DEBUG --- [BaseJdbcLogger.java:159][http-nio-8080-exec-2] - <==      Total: 2
2019-05-27 12:02:24.312 DEBUG --- [BaseJdbcLogger.java:159][http-nio-8080-exec-3] - ==>  Preparing: SELECT count(0) FROM studio_not_recruited s WHERE s.delete_status = '1' and studio_name = ? 
2019-05-27 12:02:24.313 DEBUG --- [BaseJdbcLogger.java:159][http-nio-8080-exec-3] - ==> Parameters: 程序员(String)
2019-05-27 12:02:24.328 DEBUG --- [BaseJdbcLogger.java:159][http-nio-8080-exec-3] - <==      Total: 1
2019-05-27 12:02:24.330 DEBUG --- [BaseJdbcLogger.java:159][http-nio-8080-exec-3] - ==>  Preparing: SELECT s.* FROM ( SELECT id id, project_name projectName, deposit deposit, final_payment finalPayment, company_name companyName, bid_status bidStatus, studio_name studioName, project_description projectDescription FROM studio_not_recruited WHERE delete_status = '1' and studio_name = ? ORDER BY id LIMIT ?, ? ) s ORDER BY s.id 
2019-05-27 12:02:24.332 DEBUG --- [BaseJdbcLogger.java:159][http-nio-8080-exec-3] - ==> Parameters: 程序员(String), 0(Integer), 50(Integer)
2019-05-27 12:02:24.348 DEBUG --- [BaseJdbcLogger.java:159][http-nio-8080-exec-3] - <==      Total: 7
2019-05-27 12:03:06.506 DEBUG --- [BaseJdbcLogger.java:159][http-nio-8080-exec-4] - ==>  Preparing: SELECT count(0) FROM studio_progress s WHERE s.delete_status = '1' 
2019-05-27 12:03:06.507 DEBUG --- [BaseJdbcLogger.java:159][http-nio-8080-exec-4] - ==> Parameters: 
2019-05-27 12:03:06.521 DEBUG --- [BaseJdbcLogger.java:159][http-nio-8080-exec-4] - <==      Total: 1
2019-05-27 12:03:06.522 DEBUG --- [BaseJdbcLogger.java:159][http-nio-8080-exec-4] - ==>  Preparing: SELECT s.* FROM ( SELECT id id, project_name projectName, deposit deposit, final_payment finalPayment, project_progress projectProgress, company_name companyName, studio_name studioName, delete_status deleteStatus, project_description projectDescription FROM studio_progress WHERE delete_status = '1' and studio_name = ? ORDER BY id LIMIT ?, ? ) s ORDER BY s.id 
2019-05-27 12:03:06.524 DEBUG --- [BaseJdbcLogger.java:159][http-nio-8080-exec-4] - ==> Parameters: 程序员(String), 0(Integer), 50(Integer)
2019-05-27 12:03:06.540 DEBUG --- [BaseJdbcLogger.java:159][http-nio-8080-exec-4] - <==      Total: 0
2019-05-27 12:03:08.014 DEBUG --- [BaseJdbcLogger.java:159][http-nio-8080-exec-5] - ==>  Preparing: SELECT count(0) FROM studio_finished s WHERE s.delete_status = '1' 
2019-05-27 12:03:08.015 DEBUG --- [BaseJdbcLogger.java:159][http-nio-8080-exec-5] - ==> Parameters: 
2019-05-27 12:03:08.035 DEBUG --- [BaseJdbcLogger.java:159][http-nio-8080-exec-5] - <==      Total: 1
2019-05-27 12:03:08.036 DEBUG --- [BaseJdbcLogger.java:159][http-nio-8080-exec-5] - ==>  Preparing: SELECT s.* FROM ( SELECT id id, project_name projectName, budget budget, company_name companyName, evaluate evaluate, FORMAT(evaluate_demand,2) evaluateDemand, FORMAT(evaluate_ability,2) evaluateAbility, FORMAT(evaluate_plan,2) evaluatePlan, studio_name studioName, project_description projectDescription FROM studio_finished WHERE delete_status = '1' and studio_name = ? ORDER BY id LIMIT ?, ? ) s ORDER BY s.id 
2019-05-27 12:03:08.037 DEBUG --- [BaseJdbcLogger.java:159][http-nio-8080-exec-5] - ==> Parameters: 程序员(String), 0(Integer), 50(Integer)
2019-05-27 12:03:08.053 DEBUG --- [BaseJdbcLogger.java:159][http-nio-8080-exec-5] - <==      Total: 2
2019-05-27 12:03:09.409 DEBUG --- [BaseJdbcLogger.java:159][http-nio-8080-exec-6] - ==>  Preparing: SELECT count(0) FROM studio_not_recruited s WHERE s.delete_status = '1' and studio_name = ? 
2019-05-27 12:03:09.411 DEBUG --- [BaseJdbcLogger.java:159][http-nio-8080-exec-6] - ==> Parameters: 程序员(String)
2019-05-27 12:03:09.425 DEBUG --- [BaseJdbcLogger.java:159][http-nio-8080-exec-6] - <==      Total: 1
2019-05-27 12:03:09.427 DEBUG --- [BaseJdbcLogger.java:159][http-nio-8080-exec-6] - ==>  Preparing: SELECT s.* FROM ( SELECT id id, project_name projectName, deposit deposit, final_payment finalPayment, company_name companyName, bid_status bidStatus, studio_name studioName, project_description projectDescription FROM studio_not_recruited WHERE delete_status = '1' and studio_name = ? ORDER BY id LIMIT ?, ? ) s ORDER BY s.id 
2019-05-27 12:03:09.428 DEBUG --- [BaseJdbcLogger.java:159][http-nio-8080-exec-6] - ==> Parameters: 程序员(String), 0(Integer), 50(Integer)
2019-05-27 12:03:09.447 DEBUG --- [BaseJdbcLogger.java:159][http-nio-8080-exec-6] - <==      Total: 7
2019-05-27 12:03:37.978 DEBUG --- [BaseJdbcLogger.java:159][http-nio-8080-exec-7] - ==>  Preparing: SELECT count(0) FROM studio_progress s WHERE s.delete_status = '1' 
2019-05-27 12:03:37.979 DEBUG --- [BaseJdbcLogger.java:159][http-nio-8080-exec-7] - ==> Parameters: 
2019-05-27 12:03:37.994 DEBUG --- [BaseJdbcLogger.java:159][http-nio-8080-exec-7] - <==      Total: 1
2019-05-27 12:03:37.996 DEBUG --- [BaseJdbcLogger.java:159][http-nio-8080-exec-7] - ==>  Preparing: SELECT s.* FROM ( SELECT id id, project_name projectName, deposit deposit, final_payment finalPayment, project_progress projectProgress, company_name companyName, studio_name studioName, delete_status deleteStatus, project_description projectDescription FROM studio_progress WHERE delete_status = '1' and studio_name = ? ORDER BY id LIMIT ?, ? ) s ORDER BY s.id 
2019-05-27 12:03:37.997 DEBUG --- [BaseJdbcLogger.java:159][http-nio-8080-exec-7] - ==> Parameters: 程序员(String), 0(Integer), 50(Integer)
2019-05-27 12:03:38.012 DEBUG --- [BaseJdbcLogger.java:159][http-nio-8080-exec-7] - <==      Total: 0
2019-05-27 12:03:41.053 DEBUG --- [BaseJdbcLogger.java:159][http-nio-8080-exec-8] - ==>  Preparing: SELECT count(0) FROM studio_finished s WHERE s.delete_status = '1' 
2019-05-27 12:03:41.054 DEBUG --- [BaseJdbcLogger.java:159][http-nio-8080-exec-8] - ==> Parameters: 
2019-05-27 12:03:41.068 DEBUG --- [BaseJdbcLogger.java:159][http-nio-8080-exec-8] - <==      Total: 1
2019-05-27 12:03:41.069 DEBUG --- [BaseJdbcLogger.java:159][http-nio-8080-exec-8] - ==>  Preparing: SELECT s.* FROM ( SELECT id id, project_name projectName, budget budget, company_name companyName, evaluate evaluate, FORMAT(evaluate_demand,2) evaluateDemand, FORMAT(evaluate_ability,2) evaluateAbility, FORMAT(evaluate_plan,2) evaluatePlan, studio_name studioName, project_description projectDescription FROM studio_finished WHERE delete_status = '1' and studio_name = ? ORDER BY id LIMIT ?, ? ) s ORDER BY s.id 
2019-05-27 12:03:41.071 DEBUG --- [BaseJdbcLogger.java:159][http-nio-8080-exec-8] - ==> Parameters: 程序员(String), 0(Integer), 50(Integer)
2019-05-27 12:03:41.087 DEBUG --- [BaseJdbcLogger.java:159][http-nio-8080-exec-8] - <==      Total: 2
2019-05-27 12:03:42.551 DEBUG --- [BaseJdbcLogger.java:159][http-nio-8080-exec-9] - ==>  Preparing: SELECT count(0) FROM studio_progress s WHERE s.delete_status = '1' 
2019-05-27 12:03:42.553 DEBUG --- [BaseJdbcLogger.java:159][http-nio-8080-exec-9] - ==> Parameters: 
2019-05-27 12:03:42.567 DEBUG --- [BaseJdbcLogger.java:159][http-nio-8080-exec-9] - <==      Total: 1
2019-05-27 12:03:42.568 DEBUG --- [BaseJdbcLogger.java:159][http-nio-8080-exec-9] - ==>  Preparing: SELECT s.* FROM ( SELECT id id, project_name projectName, deposit deposit, final_payment finalPayment, project_progress projectProgress, company_name companyName, studio_name studioName, delete_status deleteStatus, project_description projectDescription FROM studio_progress WHERE delete_status = '1' and studio_name = ? ORDER BY id LIMIT ?, ? ) s ORDER BY s.id 
2019-05-27 12:03:42.571 DEBUG --- [BaseJdbcLogger.java:159][http-nio-8080-exec-9] - ==> Parameters: 程序员(String), 0(Integer), 50(Integer)
2019-05-27 12:03:42.586 DEBUG --- [BaseJdbcLogger.java:159][http-nio-8080-exec-9] - <==      Total: 0
2019-05-27 12:04:11.271 DEBUG --- [BaseJdbcLogger.java:159][http-nio-8080-exec-10] - ==>  Preparing: SELECT count(0) FROM studio_not_recruited s WHERE s.delete_status = '1' and studio_name = ? 
2019-05-27 12:04:11.273 DEBUG --- [BaseJdbcLogger.java:159][http-nio-8080-exec-10] - ==> Parameters: 程序员(String)
2019-05-27 12:04:11.289 DEBUG --- [BaseJdbcLogger.java:159][http-nio-8080-exec-10] - <==      Total: 1
2019-05-27 12:04:11.291 DEBUG --- [BaseJdbcLogger.java:159][http-nio-8080-exec-10] - ==>  Preparing: SELECT s.* FROM ( SELECT id id, project_name projectName, deposit deposit, final_payment finalPayment, company_name companyName, bid_status bidStatus, studio_name studioName, project_description projectDescription FROM studio_not_recruited WHERE delete_status = '1' and studio_name = ? ORDER BY id LIMIT ?, ? ) s ORDER BY s.id 
2019-05-27 12:04:11.292 DEBUG --- [BaseJdbcLogger.java:159][http-nio-8080-exec-10] - ==> Parameters: 程序员(String), 0(Integer), 50(Integer)
2019-05-27 12:04:11.308 DEBUG --- [BaseJdbcLogger.java:159][http-nio-8080-exec-10] - <==      Total: 7
2019-05-27 12:04:24.276 DEBUG --- [BaseJdbcLogger.java:159][http-nio-8080-exec-1] - ==>  Preparing: SELECT id id, project_name projectName, project_description projectDescription, demand_type demandType, project_cycle projectCycle, project_budget projectBudget, recruitment_role recruitmentRole, project_demand projectDemand, tender_status tenderStatus, apply_num applyNum, project_type projectType, employer_name employerName, comment_money commentMoney, comment_time commentTime, comment_reliable commentReliable, comment_hard commentHard, file_id fileId FROM demand 
2019-05-27 12:04:24.278 DEBUG --- [BaseJdbcLogger.java:159][http-nio-8080-exec-1] - ==> Parameters: 
2019-05-27 12:04:24.294 DEBUG --- [BaseJdbcLogger.java:159][http-nio-8080-exec-1] - <==      Total: 15
2019-05-27 12:04:26.117 DEBUG --- [BaseJdbcLogger.java:159][http-nio-8080-exec-2] - ==>  Preparing: SELECT id id, project_name projectName, project_description projectDescription, demand_type demandType, project_cycle projectCycle, project_budget projectBudget, recruitment_role recruitmentRole, project_demand projectDemand, tender_status tenderStatus, apply_num applyNum, project_type projectType, employer_name employerName, comment_money commentMoney, comment_time commentTime, comment_reliable commentReliable, comment_hard commentHard, file_id fileId FROM demand WHERE id = ? 
2019-05-27 12:04:26.118 DEBUG --- [BaseJdbcLogger.java:159][http-nio-8080-exec-2] - ==> Parameters: 1(Integer)
2019-05-27 12:04:26.133 DEBUG --- [BaseJdbcLogger.java:159][http-nio-8080-exec-2] - <==      Total: 1
2019-05-27 12:04:31.625 DEBUG --- [BaseJdbcLogger.java:159][http-nio-8080-exec-3] - ==>  Preparing: SELECT * FROM studio_not_recruited WHERE studio_name = ? AND project_name = ? AND company_name = ? 
2019-05-27 12:04:31.626 DEBUG --- [BaseJdbcLogger.java:159][http-nio-8080-exec-3] - ==> Parameters: 程序员(String), 网站建设wap网站制作(String), 发猿地(String)
2019-05-27 12:04:31.640 DEBUG --- [BaseJdbcLogger.java:159][http-nio-8080-exec-3] - <==      Total: 1
2019-05-27 12:04:37.592 DEBUG --- [BaseJdbcLogger.java:159][http-nio-8080-exec-4] - ==>  Preparing: SELECT id id, project_name projectName, project_description projectDescription, demand_type demandType, project_cycle projectCycle, project_budget projectBudget, recruitment_role recruitmentRole, project_demand projectDemand, tender_status tenderStatus, apply_num applyNum, project_type projectType, employer_name employerName, comment_money commentMoney, comment_time commentTime, comment_reliable commentReliable, comment_hard commentHard, file_id fileId FROM demand 
2019-05-27 12:04:37.593 DEBUG --- [BaseJdbcLogger.java:159][http-nio-8080-exec-4] - ==> Parameters: 
2019-05-27 12:04:37.611 DEBUG --- [BaseJdbcLogger.java:159][http-nio-8080-exec-4] - <==      Total: 15
2019-05-27 12:04:42.595 DEBUG --- [BaseJdbcLogger.java:159][http-nio-8080-exec-5] - ==>  Preparing: SELECT count(0) FROM studio_not_recruited s WHERE s.delete_status = '1' and studio_name = ? 
2019-05-27 12:04:42.596 DEBUG --- [BaseJdbcLogger.java:159][http-nio-8080-exec-5] - ==> Parameters: 程序员(String)
2019-05-27 12:04:42.627 DEBUG --- [BaseJdbcLogger.java:159][http-nio-8080-exec-5] - <==      Total: 1
2019-05-27 12:04:42.629 DEBUG --- [BaseJdbcLogger.java:159][http-nio-8080-exec-5] - ==>  Preparing: SELECT s.* FROM ( SELECT id id, project_name projectName, deposit deposit, final_payment finalPayment, company_name companyName, bid_status bidStatus, studio_name studioName, project_description projectDescription FROM studio_not_recruited WHERE delete_status = '1' and studio_name = ? ORDER BY id LIMIT ?, ? ) s ORDER BY s.id 
2019-05-27 12:04:42.630 DEBUG --- [BaseJdbcLogger.java:159][http-nio-8080-exec-5] - ==> Parameters: 程序员(String), 0(Integer), 50(Integer)
2019-05-27 12:04:42.648 DEBUG --- [BaseJdbcLogger.java:159][http-nio-8080-exec-5] - <==      Total: 7
2019-05-27 12:14:30.439 DEBUG --- [BaseJdbcLogger.java:159][http-nio-8080-exec-6] - ==>  Preparing: SELECT u.username username, u.password password, u.unit_name unitName FROM account u WHERE u.username = ? AND u.password = ? AND u.delete_status = '1' 
2019-05-27 12:14:30.441 DEBUG --- [BaseJdbcLogger.java:159][http-nio-8080-exec-6] - ==> Parameters: company(String), 123456(String)
2019-05-27 12:14:30.462 DEBUG --- [BaseJdbcLogger.java:159][http-nio-8080-exec-6] - <==      Total: 1
2019-05-27 12:14:30.636 DEBUG --- [BaseJdbcLogger.java:159][http-nio-8080-exec-7] - ==>  Preparing: SELECT u.account_id userId, u.role_id roleId, r.role_name roleName, p.menu_code menuCode, p.permission_code permissionCode FROM account u LEFT JOIN sys_role r ON r.id = u.role_id LEFT JOIN sys_role_permission rp ON u.role_id = rp.role_id LEFT JOIN sys_permission p ON rp.permission_id = p.id AND rp.delete_status = '1' WHERE u.username = ? AND u.delete_status = '1' 
2019-05-27 12:14:30.637 DEBUG --- [BaseJdbcLogger.java:159][http-nio-8080-exec-7] - ==> Parameters: company(String)
2019-05-27 12:14:30.704 DEBUG --- [BaseJdbcLogger.java:159][http-nio-8080-exec-7] - <==      Total: 7
2019-05-27 12:14:30.812 DEBUG --- [BaseJdbcLogger.java:159][http-nio-8080-exec-8] - ==>  Preparing: SELECT u.* FROM account u WHERE u.username = ? AND u.delete_status = '1' 
2019-05-27 12:14:30.813 DEBUG --- [BaseJdbcLogger.java:159][http-nio-8080-exec-8] - ==> Parameters: company(String)
2019-05-27 12:14:30.830 DEBUG --- [BaseJdbcLogger.java:159][http-nio-8080-exec-8] - <==      Total: 1
2019-05-27 12:14:34.389 DEBUG --- [BaseJdbcLogger.java:159][http-nio-8080-exec-9] - ==>  Preparing: SELECT count(0) FROM company_not_recruited c WHERE c.delete_status = '1' and company_name = ? 
2019-05-27 12:14:34.391 DEBUG --- [BaseJdbcLogger.java:159][http-nio-8080-exec-9] - ==> Parameters: 发猿地(String)
2019-05-27 12:14:34.407 DEBUG --- [BaseJdbcLogger.java:159][http-nio-8080-exec-9] - <==      Total: 1
2019-05-27 12:14:34.408 DEBUG --- [BaseJdbcLogger.java:159][http-nio-8080-exec-9] - ==>  Preparing: SELECT c.* FROM ( SELECT id id, project_name projectName, deposit deposit, tender_status tenderStatus, studio_name studioName, apply_num applyNum, project_description projectDescription FROM company_not_recruited WHERE delete_status = '1' and company_name = ? ORDER BY id LIMIT ?, ? ) c ORDER BY c.id 
2019-05-27 12:14:34.410 DEBUG --- [BaseJdbcLogger.java:159][http-nio-8080-exec-9] - ==> Parameters: 发猿地(String), 0(Integer), 50(Integer)
2019-05-27 12:14:34.428 DEBUG --- [BaseJdbcLogger.java:159][http-nio-8080-exec-9] - <==      Total: 8
2019-05-27 12:16:49.068 DEBUG --- [BaseJdbcLogger.java:159][http-nio-8080-exec-10] - ==>  Preparing: SELECT snr.studio_name studioName, snr.project_name projectname, a.evaluate FROM ( SELECT studio_name,project_name FROM studio_not_recruited WHERE project_name = ? and company_name = ? )snr,( SELECT evaluate,unit_name FROM account )a WHERE snr.studio_name = a.unit_name ORDER BY a.evaluate desc 
2019-05-27 12:16:49.070 DEBUG --- [BaseJdbcLogger.java:159][http-nio-8080-exec-10] - ==> Parameters: 平台开发123123121515(String), 发猿地(String)
2019-05-27 12:16:49.087 DEBUG --- [BaseJdbcLogger.java:159][http-nio-8080-exec-10] - <==      Total: 2
2019-05-27 12:17:08.022 DEBUG --- [BaseJdbcLogger.java:159][http-nio-8080-exec-1] - ==>  Preparing: SELECT snr.studio_name studioName, snr.project_name projectname, a.evaluate FROM ( SELECT studio_name,project_name FROM studio_not_recruited WHERE project_name = ? and company_name = ? )snr,( SELECT evaluate,unit_name FROM account )a WHERE snr.studio_name = a.unit_name ORDER BY a.evaluate desc 
2019-05-27 12:17:08.022 DEBUG --- [BaseJdbcLogger.java:159][http-nio-8080-exec-2] - ==>  Preparing: SELECT count(0) FROM company_not_recruited c WHERE c.delete_status = '1' and company_name = ? 
2019-05-27 12:17:08.023 DEBUG --- [BaseJdbcLogger.java:159][http-nio-8080-exec-2] - ==> Parameters: 发猿地(String)
2019-05-27 12:17:08.023 DEBUG --- [BaseJdbcLogger.java:159][http-nio-8080-exec-1] - ==> Parameters: 平台开发123123121515(String), 发猿地(String)
2019-05-27 12:17:08.040 DEBUG --- [BaseJdbcLogger.java:159][http-nio-8080-exec-1] - <==      Total: 2
2019-05-27 12:17:08.040 DEBUG --- [BaseJdbcLogger.java:159][http-nio-8080-exec-2] - <==      Total: 1
2019-05-27 12:17:08.042 DEBUG --- [BaseJdbcLogger.java:159][http-nio-8080-exec-2] - ==>  Preparing: SELECT c.* FROM ( SELECT id id, project_name projectName, deposit deposit, tender_status tenderStatus, studio_name studioName, apply_num applyNum, project_description projectDescription FROM company_not_recruited WHERE delete_status = '1' and company_name = ? ORDER BY id LIMIT ?, ? ) c ORDER BY c.id 
2019-05-27 12:17:08.043 DEBUG --- [BaseJdbcLogger.java:159][http-nio-8080-exec-2] - ==> Parameters: 发猿地(String), 0(Integer), 50(Integer)
2019-05-27 12:17:08.058 DEBUG --- [BaseJdbcLogger.java:159][http-nio-8080-exec-2] - <==      Total: 8
2019-05-27 12:17:11.293 DEBUG --- [BaseJdbcLogger.java:159][http-nio-8080-exec-3] - ==>  Preparing: SELECT snr.studio_name studioName, snr.project_name projectname, a.evaluate FROM ( SELECT studio_name,project_name FROM studio_not_recruited WHERE project_name = ? and company_name = ? )snr,( SELECT evaluate,unit_name FROM account )a WHERE snr.studio_name = a.unit_name ORDER BY a.evaluate desc 
2019-05-27 12:17:11.294 DEBUG --- [BaseJdbcLogger.java:159][http-nio-8080-exec-3] - ==> Parameters: 平台开发123123121515(String), 发猿地(String)
2019-05-27 12:17:11.311 DEBUG --- [BaseJdbcLogger.java:159][http-nio-8080-exec-3] - <==      Total: 2
2019-05-27 12:17:31.258 DEBUG --- [BaseJdbcLogger.java:159][http-nio-8080-exec-4] - ==>  Preparing: SELECT snr.studio_name studioName, snr.project_name projectname, a.evaluate FROM ( SELECT studio_name,project_name FROM studio_not_recruited WHERE project_name = ? and company_name = ? )snr,( SELECT evaluate,unit_name FROM account )a WHERE snr.studio_name = a.unit_name ORDER BY a.evaluate desc 
2019-05-27 12:17:31.259 DEBUG --- [BaseJdbcLogger.java:159][http-nio-8080-exec-4] - ==> Parameters: 平台开发123123121515(String), 发猿地(String)
2019-05-27 12:17:31.277 DEBUG --- [BaseJdbcLogger.java:159][http-nio-8080-exec-4] - <==      Total: 2
2019-05-27 12:19:30.275 DEBUG --- [BaseJdbcLogger.java:159][http-nio-8080-exec-5] - ==>  Preparing: INSERT INTO company_progress (project_name, studio_name, delete_status, company_name, final_payment, project_description) VALUES (?, ?, '1', ?,?/0.1*0.9,?) 
2019-05-27 12:19:30.277 DEBUG --- [BaseJdbcLogger.java:159][http-nio-8080-exec-5] - ==> Parameters: 平台开发123123121515(String), 程序员(String), 发猿地(String), 2000(Integer), 1(String)
2019-05-27 12:19:30.316 DEBUG --- [BaseJdbcLogger.java:159][http-nio-8080-exec-5] - <==    Updates: 1
2019-05-27 12:19:30.523 DEBUG --- [BaseJdbcLogger.java:159][http-nio-8080-exec-6] - ==>  Preparing: UPDATE company_not_recruited SET studio_name = ?, tender_status = ?, delete_status = ? WHERE project_name = ? and company_name = ? 
2019-05-27 12:19:30.525 DEBUG --- [BaseJdbcLogger.java:159][http-nio-8080-exec-6] - ==> Parameters: 程序员(String), 1(Integer), 1(Integer), 平台开发123123121515(String), 发猿地(String)
2019-05-27 12:19:30.547 DEBUG --- [BaseJdbcLogger.java:159][http-nio-8080-exec-6] - <==    Updates: 1
2019-05-27 12:19:30.768 DEBUG --- [BaseJdbcLogger.java:159][http-nio-8080-exec-7] - ==>  Preparing: UPDATE studio_not_recruited SET bid_status = '3' WHERE project_name = ? and company_name = ? and studio_name != ? 
2019-05-27 12:19:30.772 DEBUG --- [BaseJdbcLogger.java:159][http-nio-8080-exec-7] - ==> Parameters: 平台开发123123121515(String), 发猿地(String), 程序员(String)
2019-05-27 12:19:30.792 DEBUG --- [BaseJdbcLogger.java:159][http-nio-8080-exec-7] - <==    Updates: 0
2019-05-27 12:19:30.794 DEBUG --- [BaseJdbcLogger.java:159][http-nio-8080-exec-7] - ==>  Preparing: UPDATE studio_not_recruited SET bid_status = '1' WHERE project_name = ? and company_name = ? and studio_name = ? 
2019-05-27 12:19:30.794 DEBUG --- [BaseJdbcLogger.java:159][http-nio-8080-exec-9] - ==>  Preparing: SELECT count(0) FROM company_not_recruited c WHERE c.delete_status = '1' and company_name = ? 
2019-05-27 12:19:30.795 DEBUG --- [BaseJdbcLogger.java:159][http-nio-8080-exec-7] - ==> Parameters: 平台开发123123121515(String), 发猿地(String), 程序员(String)
2019-05-27 12:19:30.795 DEBUG --- [BaseJdbcLogger.java:159][http-nio-8080-exec-9] - ==> Parameters: 发猿地(String)
2019-05-27 12:19:30.804 DEBUG --- [BaseJdbcLogger.java:159][http-nio-8080-exec-8] - ==>  Preparing: INSERT INTO studio_progress (project_name, deposit, final_payment, company_name ,delete_status ,studio_name, project_description) VALUES (?, ?, ?/0.1*0.9, ?, '1', ?, ?) 
2019-05-27 12:19:30.807 DEBUG --- [BaseJdbcLogger.java:159][http-nio-8080-exec-8] - ==> Parameters: 平台开发123123121515(String), 2000(Integer), 2000(Integer), 发猿地(String), 程序员(String), 1(String)
2019-05-27 12:19:30.808 DEBUG --- [BaseJdbcLogger.java:159][http-nio-8080-exec-9] - <==      Total: 1
2019-05-27 12:19:30.810 DEBUG --- [BaseJdbcLogger.java:159][http-nio-8080-exec-9] - ==>  Preparing: SELECT c.* FROM ( SELECT id id, project_name projectName, deposit deposit, tender_status tenderStatus, studio_name studioName, apply_num applyNum, project_description projectDescription FROM company_not_recruited WHERE delete_status = '1' and company_name = ? ORDER BY id LIMIT ?, ? ) c ORDER BY c.id 
2019-05-27 12:19:30.811 DEBUG --- [BaseJdbcLogger.java:159][http-nio-8080-exec-9] - ==> Parameters: 发猿地(String), 0(Integer), 50(Integer)
2019-05-27 12:19:30.814 DEBUG --- [BaseJdbcLogger.java:159][http-nio-8080-exec-7] - <==    Updates: 2
2019-05-27 12:19:30.820 DEBUG --- [BaseJdbcLogger.java:159][http-nio-8080-exec-8] - <==    Updates: 1
2019-05-27 12:19:30.828 DEBUG --- [BaseJdbcLogger.java:159][http-nio-8080-exec-9] - <==      Total: 8
2019-05-27 12:19:30.949 DEBUG --- [BaseJdbcLogger.java:159][http-nio-8080-exec-10] - ==>  Preparing: SELECT count(0) FROM company_not_recruited c WHERE c.delete_status = '1' and company_name = ? 
2019-05-27 12:19:30.950 DEBUG --- [BaseJdbcLogger.java:159][http-nio-8080-exec-10] - ==> Parameters: 发猿地(String)
2019-05-27 12:19:30.967 DEBUG --- [BaseJdbcLogger.java:159][http-nio-8080-exec-10] - <==      Total: 1
2019-05-27 12:19:30.968 DEBUG --- [BaseJdbcLogger.java:159][http-nio-8080-exec-10] - ==>  Preparing: SELECT c.* FROM ( SELECT id id, project_name projectName, deposit deposit, tender_status tenderStatus, studio_name studioName, apply_num applyNum, project_description projectDescription FROM company_not_recruited WHERE delete_status = '1' and company_name = ? ORDER BY id LIMIT ?, ? ) c ORDER BY c.id 
2019-05-27 12:19:30.969 DEBUG --- [BaseJdbcLogger.java:159][http-nio-8080-exec-10] - ==> Parameters: 发猿地(String), 0(Integer), 50(Integer)
2019-05-27 12:19:30.987 DEBUG --- [BaseJdbcLogger.java:159][http-nio-8080-exec-10] - <==      Total: 8
2019-05-27 12:19:44.787 DEBUG --- [BaseJdbcLogger.java:159][http-nio-8080-exec-1] - ==>  Preparing: SELECT count(0) FROM company_progress co WHERE co.delete_status = '1' and company_name = ? 
2019-05-27 12:19:44.788 DEBUG --- [BaseJdbcLogger.java:159][http-nio-8080-exec-1] - ==> Parameters: 发猿地(String)
2019-05-27 12:19:44.816 DEBUG --- [BaseJdbcLogger.java:159][http-nio-8080-exec-1] - <==      Total: 1
2019-05-27 12:19:44.819 DEBUG --- [BaseJdbcLogger.java:159][http-nio-8080-exec-1] - ==>  Preparing: SELECT co.* FROM ( SELECT id id, project_name projectName, final_payment finalPayment, studio_name studioName, apply_for_final_payment applyForFinalPayment, project_description projectDescription FROM company_progress WHERE delete_status = '1' and company_name = ? ORDER BY id LIMIT ?, ? ) co ORDER BY co.id 
2019-05-27 12:19:44.820 DEBUG --- [BaseJdbcLogger.java:159][http-nio-8080-exec-1] - ==> Parameters: 发猿地(String), 0(Integer), 50(Integer)
2019-05-27 12:19:44.838 DEBUG --- [BaseJdbcLogger.java:159][http-nio-8080-exec-1] - <==      Total: 1
2019-05-27 12:20:47.187 DEBUG --- [BaseJdbcLogger.java:159][http-nio-8080-exec-2] - ==>  Preparing: SELECT count(0) FROM company_not_recruited c WHERE c.delete_status = '1' and company_name = ? 
2019-05-27 12:20:47.188 DEBUG --- [BaseJdbcLogger.java:159][http-nio-8080-exec-2] - ==> Parameters: 发猿地(String)
2019-05-27 12:20:47.201 DEBUG --- [BaseJdbcLogger.java:159][http-nio-8080-exec-2] - <==      Total: 1
2019-05-27 12:20:47.202 DEBUG --- [BaseJdbcLogger.java:159][http-nio-8080-exec-2] - ==>  Preparing: SELECT c.* FROM ( SELECT id id, project_name projectName, deposit deposit, tender_status tenderStatus, studio_name studioName, apply_num applyNum, project_description projectDescription FROM company_not_recruited WHERE delete_status = '1' and company_name = ? ORDER BY id LIMIT ?, ? ) c ORDER BY c.id 
2019-05-27 12:20:47.203 DEBUG --- [BaseJdbcLogger.java:159][http-nio-8080-exec-2] - ==> Parameters: 发猿地(String), 0(Integer), 50(Integer)
2019-05-27 12:20:47.219 DEBUG --- [BaseJdbcLogger.java:159][http-nio-8080-exec-2] - <==      Total: 8
2019-05-27 12:20:58.946 DEBUG --- [BaseJdbcLogger.java:159][http-nio-8080-exec-3] - ==>  Preparing: SELECT count(0) FROM company_progress co WHERE co.delete_status = '1' and company_name = ? 
2019-05-27 12:20:58.947 DEBUG --- [BaseJdbcLogger.java:159][http-nio-8080-exec-3] - ==> Parameters: 发猿地(String)
2019-05-27 12:20:58.964 DEBUG --- [BaseJdbcLogger.java:159][http-nio-8080-exec-3] - <==      Total: 1
2019-05-27 12:20:58.965 DEBUG --- [BaseJdbcLogger.java:159][http-nio-8080-exec-3] - ==>  Preparing: SELECT co.* FROM ( SELECT id id, project_name projectName, final_payment finalPayment, studio_name studioName, apply_for_final_payment applyForFinalPayment, project_description projectDescription FROM company_progress WHERE delete_status = '1' and company_name = ? ORDER BY id LIMIT ?, ? ) co ORDER BY co.id 
2019-05-27 12:20:58.967 DEBUG --- [BaseJdbcLogger.java:159][http-nio-8080-exec-3] - ==> Parameters: 发猿地(String), 0(Integer), 50(Integer)
2019-05-27 12:20:58.985 DEBUG --- [BaseJdbcLogger.java:159][http-nio-8080-exec-3] - <==      Total: 1
2019-05-27 12:23:11.552 DEBUG --- [BaseJdbcLogger.java:159][http-nio-8080-exec-4] - ==>  Preparing: SELECT count(0) FROM company_not_recruited c WHERE c.delete_status = '1' and company_name = ? 
2019-05-27 12:23:11.553 DEBUG --- [BaseJdbcLogger.java:159][http-nio-8080-exec-4] - ==> Parameters: 发猿地(String)
2019-05-27 12:23:11.569 DEBUG --- [BaseJdbcLogger.java:159][http-nio-8080-exec-4] - <==      Total: 1
2019-05-27 12:23:11.570 DEBUG --- [BaseJdbcLogger.java:159][http-nio-8080-exec-4] - ==>  Preparing: SELECT c.* FROM ( SELECT id id, project_name projectName, deposit deposit, tender_status tenderStatus, studio_name studioName, apply_num applyNum, project_description projectDescription FROM company_not_recruited WHERE delete_status = '1' and company_name = ? ORDER BY id LIMIT ?, ? ) c ORDER BY c.id 
2019-05-27 12:23:11.572 DEBUG --- [BaseJdbcLogger.java:159][http-nio-8080-exec-4] - ==> Parameters: 发猿地(String), 0(Integer), 50(Integer)
2019-05-27 12:23:11.589 DEBUG --- [BaseJdbcLogger.java:159][http-nio-8080-exec-4] - <==      Total: 8
2019-05-27 15:35:40.667 WARN  --- [HikariPool.java:766][HikariPool-1 housekeeper] - HikariPool-1 - Thread starvation or clock leap detected (housekeeper delta=3h30s984ms887µs303ns).
2019-05-27 16:00:32.410 WARN  --- [HikariPool.java:766][HikariPool-1 housekeeper] - HikariPool-1 - Thread starvation or clock leap detected (housekeeper delta=24m57s690ms969µs557ns).
