2019-05-11 12:16:33.809 INFO  --- [StartupInfoLogger.java:50][restartedMain] - Starting MyApplication on DESKTOP-BHGM3HS with PID 19764 (D:\projects\hr_and_project_outsourcing_platform\src\web\hpos\back\target\classes started by hasee in D:\projects\hr_and_project_outsourcing_platform\src\web\hpos\back)
2019-05-11 12:16:33.827 INFO  --- [SpringApplication.java:675][restartedMain] - No active profile set, falling back to default profiles: default
2019-05-11 12:16:44.778 INFO  --- [StartupInfoLogger.java:59][restartedMain] - Started MyApplication in 12.137 seconds (JVM running for 18.666)
2019-05-11 12:17:29.242 ERROR --- [GlobalExceptionHandler.java:43][http-nio-8080-exec-1] - 异常
java.lang.NullPointerException: null
	at com.heeexy.example.service.impl.LoginServiceImpl.getInfo(LoginServiceImpl.java:79)
	at com.heeexy.example.controller.LoginController.getInfo(LoginController.java:46)
	at sun.reflect.NativeMethodAccessorImpl.invoke0(Native Method)
	at sun.reflect.NativeMethodAccessorImpl.invoke(NativeMethodAccessorImpl.java:62)
	at sun.reflect.DelegatingMethodAccessorImpl.invoke(DelegatingMethodAccessorImpl.java:43)
	at java.lang.reflect.Method.invoke(Method.java:498)
	at org.springframework.web.method.support.InvocableHandlerMethod.doInvoke(InvocableHandlerMethod.java:215)
	at org.springframework.web.method.support.InvocableHandlerMethod.invokeForRequest(InvocableHandlerMethod.java:142)
	at org.springframework.web.servlet.mvc.method.annotation.ServletInvocableHandlerMethod.invokeAndHandle(ServletInvocableHandlerMethod.java:102)
	at org.springframework.web.servlet.mvc.method.annotation.RequestMappingHandlerAdapter.invokeHandlerMethod(RequestMappingHandlerAdapter.java:895)
	at org.springframework.web.servlet.mvc.method.annotation.RequestMappingHandlerAdapter.handleInternal(RequestMappingHandlerAdapter.java:800)
	at org.springframework.web.servlet.mvc.method.AbstractHandlerMethodAdapter.handle(AbstractHandlerMethodAdapter.java:87)
	at org.springframework.web.servlet.DispatcherServlet.doDispatch(DispatcherServlet.java:1038)
	at org.springframework.web.servlet.DispatcherServlet.doService(DispatcherServlet.java:942)
	at org.springframework.web.servlet.FrameworkServlet.processRequest(FrameworkServlet.java:998)
	at org.springframework.web.servlet.FrameworkServlet.doPost(FrameworkServlet.java:901)
	at javax.servlet.http.HttpServlet.service(HttpServlet.java:660)
	at org.springframework.web.servlet.FrameworkServlet.service(FrameworkServlet.java:875)
	at javax.servlet.http.HttpServlet.service(HttpServlet.java:741)
	at org.apache.catalina.core.ApplicationFilterChain.internalDoFilter(ApplicationFilterChain.java:231)
	at org.apache.catalina.core.ApplicationFilterChain.doFilter(ApplicationFilterChain.java:166)
	at org.apache.tomcat.websocket.server.WsFilter.doFilter(WsFilter.java:53)
	at org.apache.catalina.core.ApplicationFilterChain.internalDoFilter(ApplicationFilterChain.java:193)
	at org.apache.catalina.core.ApplicationFilterChain.doFilter(ApplicationFilterChain.java:166)
	at org.apache.shiro.web.servlet.ProxiedFilterChain.doFilter(ProxiedFilterChain.java:61)
	at org.apache.shiro.web.servlet.AdviceFilter.executeChain(AdviceFilter.java:108)
	at org.apache.shiro.web.servlet.AdviceFilter.doFilterInternal(AdviceFilter.java:137)
	at org.apache.shiro.web.servlet.OncePerRequestFilter.doFilter(OncePerRequestFilter.java:125)
	at org.apache.shiro.web.servlet.ProxiedFilterChain.doFilter(ProxiedFilterChain.java:66)
	at org.apache.shiro.web.servlet.AbstractShiroFilter.executeChain(AbstractShiroFilter.java:449)
	at org.apache.shiro.web.servlet.AbstractShiroFilter$1.call(AbstractShiroFilter.java:365)
	at org.apache.shiro.subject.support.SubjectCallable.doCall(SubjectCallable.java:90)
	at org.apache.shiro.subject.support.SubjectCallable.call(SubjectCallable.java:83)
	at org.apache.shiro.subject.support.DelegatingSubject.execute(DelegatingSubject.java:387)
	at org.apache.shiro.web.servlet.AbstractShiroFilter.doFilterInternal(AbstractShiroFilter.java:362)
	at org.apache.shiro.web.servlet.OncePerRequestFilter.doFilter(OncePerRequestFilter.java:125)
	at org.apache.catalina.core.ApplicationFilterChain.internalDoFilter(ApplicationFilterChain.java:193)
	at org.apache.catalina.core.ApplicationFilterChain.doFilter(ApplicationFilterChain.java:166)
	at org.springframework.web.filter.RequestContextFilter.doFilterInternal(RequestContextFilter.java:99)
	at org.springframework.web.filter.OncePerRequestFilter.doFilter(OncePerRequestFilter.java:107)
	at org.apache.catalina.core.ApplicationFilterChain.internalDoFilter(ApplicationFilterChain.java:193)
	at org.apache.catalina.core.ApplicationFilterChain.doFilter(ApplicationFilterChain.java:166)
	at org.springframework.web.filter.FormContentFilter.doFilterInternal(FormContentFilter.java:92)
	at org.springframework.web.filter.OncePerRequestFilter.doFilter(OncePerRequestFilter.java:107)
	at org.apache.catalina.core.ApplicationFilterChain.internalDoFilter(ApplicationFilterChain.java:193)
	at org.apache.catalina.core.ApplicationFilterChain.doFilter(ApplicationFilterChain.java:166)
	at org.springframework.web.filter.HiddenHttpMethodFilter.doFilterInternal(HiddenHttpMethodFilter.java:93)
	at org.springframework.web.filter.OncePerRequestFilter.doFilter(OncePerRequestFilter.java:107)
	at org.apache.catalina.core.ApplicationFilterChain.internalDoFilter(ApplicationFilterChain.java:193)
	at org.apache.catalina.core.ApplicationFilterChain.doFilter(ApplicationFilterChain.java:166)
	at org.springframework.web.filter.CharacterEncodingFilter.doFilterInternal(CharacterEncodingFilter.java:200)
	at org.springframework.web.filter.OncePerRequestFilter.doFilter(OncePerRequestFilter.java:107)
	at org.apache.catalina.core.ApplicationFilterChain.internalDoFilter(ApplicationFilterChain.java:193)
	at org.apache.catalina.core.ApplicationFilterChain.doFilter(ApplicationFilterChain.java:166)
	at org.apache.catalina.core.StandardWrapperValve.invoke(StandardWrapperValve.java:199)
	at org.apache.catalina.core.StandardContextValve.invoke(StandardContextValve.java:96)
	at org.apache.catalina.authenticator.AuthenticatorBase.invoke(AuthenticatorBase.java:490)
	at org.apache.catalina.core.StandardHostValve.invoke(StandardHostValve.java:139)
	at org.apache.catalina.valves.ErrorReportValve.invoke(ErrorReportValve.java:92)
	at org.apache.catalina.core.StandardEngineValve.invoke(StandardEngineValve.java:74)
	at org.apache.catalina.connector.CoyoteAdapter.service(CoyoteAdapter.java:343)
	at org.apache.coyote.http11.Http11Processor.service(Http11Processor.java:408)
	at org.apache.coyote.AbstractProcessorLight.process(AbstractProcessorLight.java:66)
	at org.apache.coyote.AbstractProtocol$ConnectionHandler.process(AbstractProtocol.java:770)
	at org.apache.tomcat.util.net.NioEndpoint$SocketProcessor.doRun(NioEndpoint.java:1415)
	at org.apache.tomcat.util.net.SocketProcessorBase.run(SocketProcessorBase.java:49)
	at java.util.concurrent.ThreadPoolExecutor.runWorker(ThreadPoolExecutor.java:1149)
	at java.util.concurrent.ThreadPoolExecutor$Worker.run(ThreadPoolExecutor.java:624)
	at org.apache.tomcat.util.threads.TaskThread$WrappingRunnable.run(TaskThread.java:61)
	at java.lang.Thread.run(Thread.java:748)
2019-05-11 12:17:29.494 WARN  --- [AbstractHandlerExceptionResolver.java:194][http-nio-8080-exec-1] - Resolved [java.lang.NullPointerException]
2019-05-11 12:19:21.241 INFO  --- [HikariDataSource.java:110][http-nio-8080-exec-2] - HikariPool-1 - Starting...
2019-05-11 12:19:21.619 INFO  --- [HikariDataSource.java:123][http-nio-8080-exec-2] - HikariPool-1 - Start completed.
2019-05-11 12:19:21.633 DEBUG --- [BaseJdbcLogger.java:159][http-nio-8080-exec-2] - ==>  Preparing: SELECT u.username username, u.password password, u.unit_name unitName FROM account u WHERE u.username = ? AND u.password = ? AND u.delete_status = '1' 
2019-05-11 12:19:21.688 DEBUG --- [BaseJdbcLogger.java:159][http-nio-8080-exec-2] - ==> Parameters: company(String), 123456(String)
2019-05-11 12:19:21.751 DEBUG --- [BaseJdbcLogger.java:159][http-nio-8080-exec-2] - <==      Total: 1
2019-05-11 12:19:21.817 DEBUG --- [BaseJdbcLogger.java:159][http-nio-8080-exec-3] - ==>  Preparing: SELECT u.account_id userId, u.role_id roleId, r.role_name roleName, p.menu_code menuCode, p.permission_code permissionCode FROM account u LEFT JOIN sys_role r ON r.id = u.role_id LEFT JOIN sys_role_permission rp ON u.role_id = rp.role_id LEFT JOIN sys_permission p ON rp.permission_id = p.id AND rp.delete_status = '1' WHERE u.username = ? AND u.delete_status = '1' 
2019-05-11 12:19:21.818 DEBUG --- [BaseJdbcLogger.java:159][http-nio-8080-exec-3] - ==> Parameters: company(String)
2019-05-11 12:19:21.855 DEBUG --- [BaseJdbcLogger.java:159][http-nio-8080-exec-3] - <==      Total: 7
2019-05-11 12:19:22.309 DEBUG --- [BaseJdbcLogger.java:159][http-nio-8080-exec-4] - ==>  Preparing: SELECT u.* FROM account u WHERE u.username = ? AND u.delete_status = '1' 
2019-05-11 12:19:22.310 DEBUG --- [BaseJdbcLogger.java:159][http-nio-8080-exec-4] - ==> Parameters: company(String)
2019-05-11 12:19:22.328 DEBUG --- [BaseJdbcLogger.java:159][http-nio-8080-exec-4] - <==      Total: 1
2019-05-11 13:07:13.335 DEBUG --- [BaseJdbcLogger.java:159][http-nio-8080-exec-5] - ==>  Preparing: SELECT u.username username, u.password password, u.unit_name unitName FROM account u WHERE u.username = ? AND u.password = ? AND u.delete_status = '1' 
2019-05-11 13:07:13.343 DEBUG --- [BaseJdbcLogger.java:159][http-nio-8080-exec-5] - ==> Parameters: admin(String), 123456(String)
2019-05-11 13:07:13.369 DEBUG --- [BaseJdbcLogger.java:159][http-nio-8080-exec-5] - <==      Total: 1
2019-05-11 13:07:13.479 DEBUG --- [BaseJdbcLogger.java:159][http-nio-8080-exec-6] - ==>  Preparing: SELECT u.account_id userId, u.role_id roleId, r.role_name roleName, p.menu_code menuCode, p.permission_code permissionCode FROM account u LEFT JOIN sys_role r ON r.id = u.role_id LEFT JOIN sys_role_permission rp ON u.role_id = rp.role_id LEFT JOIN sys_permission p ON rp.permission_id = p.id AND rp.delete_status = '1' WHERE u.username = ? AND u.delete_status = '1' 
2019-05-11 13:07:13.484 DEBUG --- [BaseJdbcLogger.java:159][http-nio-8080-exec-6] - ==> Parameters: admin(String)
2019-05-11 13:07:13.512 DEBUG --- [BaseJdbcLogger.java:159][http-nio-8080-exec-6] - <==      Total: 1
2019-05-11 13:07:13.519 DEBUG --- [BaseJdbcLogger.java:159][http-nio-8080-exec-6] - ==>  Preparing: SELECT p.menu_code menuCode FROM sys_permission p ORDER BY p.id 
2019-05-11 13:07:13.520 DEBUG --- [BaseJdbcLogger.java:159][http-nio-8080-exec-6] - ==> Parameters: 
2019-05-11 13:07:13.537 DEBUG --- [BaseJdbcLogger.java:159][http-nio-8080-exec-6] - <==      Total: 10
2019-05-11 13:07:13.539 DEBUG --- [BaseJdbcLogger.java:159][http-nio-8080-exec-6] - ==>  Preparing: SELECT p.permission_code permissionCode FROM sys_permission p ORDER BY p.id 
2019-05-11 13:07:13.540 DEBUG --- [BaseJdbcLogger.java:159][http-nio-8080-exec-6] - ==> Parameters: 
2019-05-11 13:07:13.556 DEBUG --- [BaseJdbcLogger.java:159][http-nio-8080-exec-6] - <==      Total: 10
2019-05-11 13:07:13.721 DEBUG --- [BaseJdbcLogger.java:159][http-nio-8080-exec-8] - ==>  Preparing: SELECT u.* FROM account u WHERE u.username = ? AND u.delete_status = '1' 
2019-05-11 13:07:13.723 DEBUG --- [BaseJdbcLogger.java:159][http-nio-8080-exec-8] - ==> Parameters: admin(String)
2019-05-11 13:07:13.742 DEBUG --- [BaseJdbcLogger.java:159][http-nio-8080-exec-8] - <==      Total: 1
2019-05-11 13:07:13.918 DEBUG --- [BaseJdbcLogger.java:159][http-nio-8080-exec-7] - ==>  Preparing: SELECT u.account_id userId, u.role_id roleId, r.role_name roleName, p.menu_code menuCode, p.permission_code permissionCode FROM account u LEFT JOIN sys_role r ON r.id = u.role_id LEFT JOIN sys_role_permission rp ON u.role_id = rp.role_id LEFT JOIN sys_permission p ON rp.permission_id = p.id AND rp.delete_status = '1' WHERE u.username = ? AND u.delete_status = '1' 
2019-05-11 13:07:13.920 DEBUG --- [BaseJdbcLogger.java:159][http-nio-8080-exec-7] - ==> Parameters: admin(String)
2019-05-11 13:07:13.938 DEBUG --- [BaseJdbcLogger.java:159][http-nio-8080-exec-7] - <==      Total: 1
2019-05-11 13:07:13.939 DEBUG --- [BaseJdbcLogger.java:159][http-nio-8080-exec-7] - ==>  Preparing: SELECT p.menu_code menuCode FROM sys_permission p ORDER BY p.id 
2019-05-11 13:07:13.940 DEBUG --- [BaseJdbcLogger.java:159][http-nio-8080-exec-7] - ==> Parameters: 
2019-05-11 13:07:13.958 DEBUG --- [BaseJdbcLogger.java:159][http-nio-8080-exec-7] - <==      Total: 10
2019-05-11 13:07:13.959 DEBUG --- [BaseJdbcLogger.java:159][http-nio-8080-exec-7] - ==>  Preparing: SELECT p.permission_code permissionCode FROM sys_permission p ORDER BY p.id 
2019-05-11 13:07:13.960 DEBUG --- [BaseJdbcLogger.java:159][http-nio-8080-exec-7] - ==> Parameters: 
2019-05-11 13:07:13.977 DEBUG --- [BaseJdbcLogger.java:159][http-nio-8080-exec-7] - <==      Total: 10
2019-05-11 13:07:15.663 DEBUG --- [BaseJdbcLogger.java:159][http-nio-8080-exec-9] - ==>  Preparing: SELECT count(0) FROM account c WHERE c.delete_status = '1' and role_id = '3' 
2019-05-11 13:07:15.664 DEBUG --- [BaseJdbcLogger.java:159][http-nio-8080-exec-9] - ==> Parameters: 
2019-05-11 13:07:15.681 DEBUG --- [BaseJdbcLogger.java:159][http-nio-8080-exec-9] - <==      Total: 1
2019-05-11 13:07:15.685 DEBUG --- [BaseJdbcLogger.java:159][http-nio-8080-exec-9] - ==>  Preparing: SELECT c.* FROM ( SELECT username username, email email, address address, telephone telephone, unit_name unit_name, is_examined is_examined FROM account WHERE delete_status = '1' and role_id = '3' ORDER BY username ) c ORDER BY c.username 
2019-05-11 13:07:15.689 DEBUG --- [BaseJdbcLogger.java:159][http-nio-8080-exec-9] - ==> Parameters: 
2019-05-11 13:07:15.713 DEBUG --- [BaseJdbcLogger.java:159][http-nio-8080-exec-9] - <==      Total: 3
2019-05-11 13:07:43.657 DEBUG --- [BaseJdbcLogger.java:159][http-nio-8080-exec-10] - ==>  Preparing: SELECT u.account_id userId, u.role_id roleId, r.role_name roleName, p.menu_code menuCode, p.permission_code permissionCode FROM account u LEFT JOIN sys_role r ON r.id = u.role_id LEFT JOIN sys_role_permission rp ON u.role_id = rp.role_id LEFT JOIN sys_permission p ON rp.permission_id = p.id AND rp.delete_status = '1' WHERE u.username = ? AND u.delete_status = '1' 
2019-05-11 13:07:43.658 DEBUG --- [BaseJdbcLogger.java:159][http-nio-8080-exec-10] - ==> Parameters: admin(String)
2019-05-11 13:07:43.678 DEBUG --- [BaseJdbcLogger.java:159][http-nio-8080-exec-10] - <==      Total: 1
2019-05-11 13:07:43.681 DEBUG --- [BaseJdbcLogger.java:159][http-nio-8080-exec-10] - ==>  Preparing: SELECT p.menu_code menuCode FROM sys_permission p ORDER BY p.id 
2019-05-11 13:07:43.682 DEBUG --- [BaseJdbcLogger.java:159][http-nio-8080-exec-10] - ==> Parameters: 
2019-05-11 13:07:43.699 DEBUG --- [BaseJdbcLogger.java:159][http-nio-8080-exec-10] - <==      Total: 10
2019-05-11 13:07:43.701 DEBUG --- [BaseJdbcLogger.java:159][http-nio-8080-exec-10] - ==>  Preparing: SELECT p.permission_code permissionCode FROM sys_permission p ORDER BY p.id 
2019-05-11 13:07:43.702 DEBUG --- [BaseJdbcLogger.java:159][http-nio-8080-exec-10] - ==> Parameters: 
2019-05-11 13:07:43.720 DEBUG --- [BaseJdbcLogger.java:159][http-nio-8080-exec-10] - <==      Total: 10
2019-05-11 13:07:48.571 DEBUG --- [BaseJdbcLogger.java:159][http-nio-8080-exec-1] - ==>  Preparing: SELECT u.username username, u.password password, u.unit_name unitName FROM account u WHERE u.username = ? AND u.password = ? AND u.delete_status = '1' 
2019-05-11 13:07:48.573 DEBUG --- [BaseJdbcLogger.java:159][http-nio-8080-exec-1] - ==> Parameters: user(String), 123456(String)
2019-05-11 13:07:48.592 DEBUG --- [BaseJdbcLogger.java:159][http-nio-8080-exec-1] - <==      Total: 1
2019-05-11 13:07:48.627 DEBUG --- [BaseJdbcLogger.java:159][http-nio-8080-exec-2] - ==>  Preparing: SELECT u.account_id userId, u.role_id roleId, r.role_name roleName, p.menu_code menuCode, p.permission_code permissionCode FROM account u LEFT JOIN sys_role r ON r.id = u.role_id LEFT JOIN sys_role_permission rp ON u.role_id = rp.role_id LEFT JOIN sys_permission p ON rp.permission_id = p.id AND rp.delete_status = '1' WHERE u.username = ? AND u.delete_status = '1' 
2019-05-11 13:07:48.629 DEBUG --- [BaseJdbcLogger.java:159][http-nio-8080-exec-2] - ==> Parameters: user(String)
2019-05-11 13:07:48.650 DEBUG --- [BaseJdbcLogger.java:159][http-nio-8080-exec-2] - <==      Total: 10
2019-05-11 13:07:48.708 DEBUG --- [BaseJdbcLogger.java:159][http-nio-8080-exec-3] - ==>  Preparing: SELECT u.* FROM account u WHERE u.username = ? AND u.delete_status = '1' 
2019-05-11 13:07:48.710 DEBUG --- [BaseJdbcLogger.java:159][http-nio-8080-exec-3] - ==> Parameters: user(String)
2019-05-11 13:07:48.731 DEBUG --- [BaseJdbcLogger.java:159][http-nio-8080-exec-3] - <==      Total: 1
2019-05-11 13:08:07.212 DEBUG --- [BaseJdbcLogger.java:159][http-nio-8080-exec-4] - ==>  Preparing: SELECT u.username username, u.password password, u.unit_name unitName FROM account u WHERE u.username = ? AND u.password = ? AND u.delete_status = '1' 
2019-05-11 13:08:07.213 DEBUG --- [BaseJdbcLogger.java:159][http-nio-8080-exec-4] - ==> Parameters: company(String), 123456(String)
2019-05-11 13:08:07.230 DEBUG --- [BaseJdbcLogger.java:159][http-nio-8080-exec-4] - <==      Total: 1
2019-05-11 13:08:07.450 DEBUG --- [BaseJdbcLogger.java:159][http-nio-8080-exec-5] - ==>  Preparing: SELECT u.account_id userId, u.role_id roleId, r.role_name roleName, p.menu_code menuCode, p.permission_code permissionCode FROM account u LEFT JOIN sys_role r ON r.id = u.role_id LEFT JOIN sys_role_permission rp ON u.role_id = rp.role_id LEFT JOIN sys_permission p ON rp.permission_id = p.id AND rp.delete_status = '1' WHERE u.username = ? AND u.delete_status = '1' 
2019-05-11 13:08:07.452 DEBUG --- [BaseJdbcLogger.java:159][http-nio-8080-exec-5] - ==> Parameters: company(String)
2019-05-11 13:08:07.476 DEBUG --- [BaseJdbcLogger.java:159][http-nio-8080-exec-5] - <==      Total: 7
2019-05-11 13:08:07.560 DEBUG --- [BaseJdbcLogger.java:159][http-nio-8080-exec-6] - ==>  Preparing: SELECT u.* FROM account u WHERE u.username = ? AND u.delete_status = '1' 
2019-05-11 13:08:07.561 DEBUG --- [BaseJdbcLogger.java:159][http-nio-8080-exec-6] - ==> Parameters: company(String)
2019-05-11 13:08:07.579 DEBUG --- [BaseJdbcLogger.java:159][http-nio-8080-exec-6] - <==      Total: 1
2019-05-11 13:38:09.570 DEBUG --- [BaseJdbcLogger.java:159][http-nio-8080-exec-8] - ==>  Preparing: SELECT count(0) FROM company_not_recruited c WHERE c.delete_status = '1' and company_name = ? 
2019-05-11 13:38:09.571 DEBUG --- [BaseJdbcLogger.java:159][http-nio-8080-exec-8] - ==> Parameters: 发猿地(String)
2019-05-11 13:38:09.589 DEBUG --- [BaseJdbcLogger.java:159][http-nio-8080-exec-8] - <==      Total: 1
2019-05-11 13:38:09.590 DEBUG --- [BaseJdbcLogger.java:159][http-nio-8080-exec-8] - ==>  Preparing: SELECT c.* FROM ( SELECT id id, project_name projectName, deposit deposit, tender_status tenderStatus, studio_name studioName, apply_num applyNum, project_description projectDescription FROM company_not_recruited WHERE delete_status = '1' and company_name = ? ORDER BY id LIMIT ?, ? ) c ORDER BY c.id 
2019-05-11 13:38:09.592 DEBUG --- [BaseJdbcLogger.java:159][http-nio-8080-exec-8] - ==> Parameters: 发猿地(String), 0(Integer), 50(Integer)
2019-05-11 13:38:09.612 DEBUG --- [BaseJdbcLogger.java:159][http-nio-8080-exec-8] - <==      Total: 1
2019-05-11 13:38:18.726 DEBUG --- [BaseJdbcLogger.java:159][http-nio-8080-exec-7] - ==>  Preparing: SELECT u.username username, u.password password, u.unit_name unitName FROM account u WHERE u.username = ? AND u.password = ? AND u.delete_status = '1' 
2019-05-11 13:38:18.729 DEBUG --- [BaseJdbcLogger.java:159][http-nio-8080-exec-7] - ==> Parameters: company(String), 123456(String)
2019-05-11 13:38:18.748 DEBUG --- [BaseJdbcLogger.java:159][http-nio-8080-exec-7] - <==      Total: 1
2019-05-11 13:38:19.086 DEBUG --- [BaseJdbcLogger.java:159][http-nio-8080-exec-9] - ==>  Preparing: SELECT u.account_id userId, u.role_id roleId, r.role_name roleName, p.menu_code menuCode, p.permission_code permissionCode FROM account u LEFT JOIN sys_role r ON r.id = u.role_id LEFT JOIN sys_role_permission rp ON u.role_id = rp.role_id LEFT JOIN sys_permission p ON rp.permission_id = p.id AND rp.delete_status = '1' WHERE u.username = ? AND u.delete_status = '1' 
2019-05-11 13:38:19.087 DEBUG --- [BaseJdbcLogger.java:159][http-nio-8080-exec-9] - ==> Parameters: company(String)
2019-05-11 13:38:19.105 DEBUG --- [BaseJdbcLogger.java:159][http-nio-8080-exec-9] - <==      Total: 7
2019-05-11 13:38:19.333 DEBUG --- [BaseJdbcLogger.java:159][http-nio-8080-exec-10] - ==>  Preparing: SELECT u.* FROM account u WHERE u.username = ? AND u.delete_status = '1' 
2019-05-11 13:38:19.334 DEBUG --- [BaseJdbcLogger.java:159][http-nio-8080-exec-10] - ==> Parameters: company(String)
2019-05-11 13:38:19.352 DEBUG --- [BaseJdbcLogger.java:159][http-nio-8080-exec-10] - <==      Total: 1
2019-05-11 13:38:20.170 DEBUG --- [BaseJdbcLogger.java:159][http-nio-8080-exec-1] - ==>  Preparing: SELECT count(0) FROM company_not_recruited c WHERE c.delete_status = '1' and company_name = ? 
2019-05-11 13:38:20.172 DEBUG --- [BaseJdbcLogger.java:159][http-nio-8080-exec-1] - ==> Parameters: 发猿地(String)
2019-05-11 13:38:20.187 DEBUG --- [BaseJdbcLogger.java:159][http-nio-8080-exec-1] - <==      Total: 1
2019-05-11 13:38:20.189 DEBUG --- [BaseJdbcLogger.java:159][http-nio-8080-exec-1] - ==>  Preparing: SELECT c.* FROM ( SELECT id id, project_name projectName, deposit deposit, tender_status tenderStatus, studio_name studioName, apply_num applyNum, project_description projectDescription FROM company_not_recruited WHERE delete_status = '1' and company_name = ? ORDER BY id LIMIT ?, ? ) c ORDER BY c.id 
2019-05-11 13:38:20.190 DEBUG --- [BaseJdbcLogger.java:159][http-nio-8080-exec-1] - ==> Parameters: 发猿地(String), 0(Integer), 50(Integer)
2019-05-11 13:38:20.209 DEBUG --- [BaseJdbcLogger.java:159][http-nio-8080-exec-1] - <==      Total: 1
2019-05-11 13:50:14.225 DEBUG --- [BaseJdbcLogger.java:159][http-nio-8080-exec-2] - ==>  Preparing: SELECT u.username username, u.password password, u.unit_name unitName FROM account u WHERE u.username = ? AND u.password = ? AND u.delete_status = '1' 
2019-05-11 13:50:14.226 DEBUG --- [BaseJdbcLogger.java:159][http-nio-8080-exec-2] - ==> Parameters: admin(String), 123456(String)
2019-05-11 13:50:14.242 DEBUG --- [BaseJdbcLogger.java:159][http-nio-8080-exec-2] - <==      Total: 1
2019-05-11 13:50:14.462 DEBUG --- [BaseJdbcLogger.java:159][http-nio-8080-exec-3] - ==>  Preparing: SELECT u.account_id userId, u.role_id roleId, r.role_name roleName, p.menu_code menuCode, p.permission_code permissionCode FROM account u LEFT JOIN sys_role r ON r.id = u.role_id LEFT JOIN sys_role_permission rp ON u.role_id = rp.role_id LEFT JOIN sys_permission p ON rp.permission_id = p.id AND rp.delete_status = '1' WHERE u.username = ? AND u.delete_status = '1' 
2019-05-11 13:50:14.463 DEBUG --- [BaseJdbcLogger.java:159][http-nio-8080-exec-3] - ==> Parameters: admin(String)
2019-05-11 13:50:14.486 DEBUG --- [BaseJdbcLogger.java:159][http-nio-8080-exec-3] - <==      Total: 1
2019-05-11 13:50:14.490 DEBUG --- [BaseJdbcLogger.java:159][http-nio-8080-exec-3] - ==>  Preparing: SELECT p.menu_code menuCode FROM sys_permission p ORDER BY p.id 
2019-05-11 13:50:14.492 DEBUG --- [BaseJdbcLogger.java:159][http-nio-8080-exec-3] - ==> Parameters: 
2019-05-11 13:50:14.510 DEBUG --- [BaseJdbcLogger.java:159][http-nio-8080-exec-3] - <==      Total: 10
2019-05-11 13:50:14.512 DEBUG --- [BaseJdbcLogger.java:159][http-nio-8080-exec-3] - ==>  Preparing: SELECT p.permission_code permissionCode FROM sys_permission p ORDER BY p.id 
2019-05-11 13:50:14.514 DEBUG --- [BaseJdbcLogger.java:159][http-nio-8080-exec-3] - ==> Parameters: 
2019-05-11 13:50:14.530 DEBUG --- [BaseJdbcLogger.java:159][http-nio-8080-exec-3] - <==      Total: 10
2019-05-11 13:50:14.589 DEBUG --- [BaseJdbcLogger.java:159][http-nio-8080-exec-4] - ==>  Preparing: SELECT u.* FROM account u WHERE u.username = ? AND u.delete_status = '1' 
2019-05-11 13:50:14.590 DEBUG --- [BaseJdbcLogger.java:159][http-nio-8080-exec-4] - ==> Parameters: admin(String)
2019-05-11 13:50:14.607 DEBUG --- [BaseJdbcLogger.java:159][http-nio-8080-exec-4] - <==      Total: 1
2019-05-11 13:50:16.103 DEBUG --- [BaseJdbcLogger.java:159][http-nio-8080-exec-5] - ==>  Preparing: SELECT count(0) FROM account c WHERE c.delete_status = '1' and role_id = '3' 
2019-05-11 13:50:16.104 DEBUG --- [BaseJdbcLogger.java:159][http-nio-8080-exec-5] - ==> Parameters: 
2019-05-11 13:50:16.120 DEBUG --- [BaseJdbcLogger.java:159][http-nio-8080-exec-5] - <==      Total: 1
2019-05-11 13:50:16.123 DEBUG --- [BaseJdbcLogger.java:159][http-nio-8080-exec-5] - ==>  Preparing: SELECT c.* FROM ( SELECT username username, email email, address address, telephone telephone, unit_name unit_name, is_examined is_examined FROM account WHERE delete_status = '1' and role_id = '3' ORDER BY username ) c ORDER BY c.username 
2019-05-11 13:50:16.123 DEBUG --- [BaseJdbcLogger.java:159][http-nio-8080-exec-5] - ==> Parameters: 
2019-05-11 13:50:16.144 DEBUG --- [BaseJdbcLogger.java:159][http-nio-8080-exec-5] - <==      Total: 3
2019-05-11 13:50:22.141 DEBUG --- [BaseJdbcLogger.java:159][http-nio-8080-exec-6] - ==>  Preparing: SELECT count(0) FROM account c WHERE c.delete_status = '1' and role_id = '2' 
2019-05-11 13:50:22.142 DEBUG --- [BaseJdbcLogger.java:159][http-nio-8080-exec-6] - ==> Parameters: 
2019-05-11 13:50:22.158 DEBUG --- [BaseJdbcLogger.java:159][http-nio-8080-exec-6] - <==      Total: 1
2019-05-11 13:50:22.160 DEBUG --- [BaseJdbcLogger.java:159][http-nio-8080-exec-6] - ==>  Preparing: SELECT c.* FROM ( SELECT username username, email email, address address, telephone telephone, unit_name unit_name, is_examined is_examined FROM account WHERE delete_status = '1' and role_id = '2' ORDER BY username ) c ORDER BY c.username 
2019-05-11 13:50:22.161 DEBUG --- [BaseJdbcLogger.java:159][http-nio-8080-exec-6] - ==> Parameters: 
2019-05-11 13:50:22.179 DEBUG --- [BaseJdbcLogger.java:159][http-nio-8080-exec-6] - <==      Total: 3
2019-05-11 13:50:23.555 DEBUG --- [BaseJdbcLogger.java:159][http-nio-8080-exec-8] - ==>  Preparing: SELECT count(0) FROM account c WHERE c.delete_status = '1' and role_id = '3' 
2019-05-11 13:50:23.556 DEBUG --- [BaseJdbcLogger.java:159][http-nio-8080-exec-8] - ==> Parameters: 
2019-05-11 13:50:23.573 DEBUG --- [BaseJdbcLogger.java:159][http-nio-8080-exec-8] - <==      Total: 1
2019-05-11 13:50:23.575 DEBUG --- [BaseJdbcLogger.java:159][http-nio-8080-exec-8] - ==>  Preparing: SELECT c.* FROM ( SELECT username username, email email, address address, telephone telephone, unit_name unit_name, is_examined is_examined FROM account WHERE delete_status = '1' and role_id = '3' ORDER BY username ) c ORDER BY c.username 
2019-05-11 13:50:23.576 DEBUG --- [BaseJdbcLogger.java:159][http-nio-8080-exec-8] - ==> Parameters: 
2019-05-11 13:50:23.594 DEBUG --- [BaseJdbcLogger.java:159][http-nio-8080-exec-8] - <==      Total: 3
2019-05-11 13:52:42.791 DEBUG --- [BaseJdbcLogger.java:159][http-nio-8080-exec-7] - ==>  Preparing: SELECT count(0) FROM advertisement c 
2019-05-11 13:52:42.792 DEBUG --- [BaseJdbcLogger.java:159][http-nio-8080-exec-7] - ==> Parameters: 
2019-05-11 13:52:42.808 DEBUG --- [BaseJdbcLogger.java:159][http-nio-8080-exec-7] - <==      Total: 1
2019-05-11 13:52:42.810 DEBUG --- [BaseJdbcLogger.java:159][http-nio-8080-exec-7] - ==>  Preparing: SELECT c.* FROM ( SELECT unit_name unitName, application_days applicationDays, amount amount, attachment_id attachmentId, audit_results auditResults, update_date updateDate FROM advertisement ORDER BY unit_name ) c 
2019-05-11 13:52:42.812 DEBUG --- [BaseJdbcLogger.java:159][http-nio-8080-exec-7] - ==> Parameters: 
2019-05-11 13:52:42.837 DEBUG --- [BaseJdbcLogger.java:159][http-nio-8080-exec-7] - <==      Total: 6
2019-05-11 14:07:15.654 DEBUG --- [BaseJdbcLogger.java:159][http-nio-8080-exec-10] - ==>  Preparing: SELECT u.username username, u.password password, u.unit_name unitName FROM account u WHERE u.username = ? AND u.password = ? AND u.delete_status = '1' 
2019-05-11 14:07:15.655 DEBUG --- [BaseJdbcLogger.java:159][http-nio-8080-exec-10] - ==> Parameters: company(String), 132456(String)
2019-05-11 14:07:15.671 DEBUG --- [BaseJdbcLogger.java:159][http-nio-8080-exec-10] - <==      Total: 0
2019-05-11 14:07:17.820 DEBUG --- [BaseJdbcLogger.java:159][http-nio-8080-exec-1] - ==>  Preparing: SELECT u.username username, u.password password, u.unit_name unitName FROM account u WHERE u.username = ? AND u.password = ? AND u.delete_status = '1' 
2019-05-11 14:07:17.821 DEBUG --- [BaseJdbcLogger.java:159][http-nio-8080-exec-1] - ==> Parameters: company(String), 123456(String)
2019-05-11 14:07:17.837 DEBUG --- [BaseJdbcLogger.java:159][http-nio-8080-exec-1] - <==      Total: 1
2019-05-11 14:07:17.874 DEBUG --- [BaseJdbcLogger.java:159][http-nio-8080-exec-2] - ==>  Preparing: SELECT u.account_id userId, u.role_id roleId, r.role_name roleName, p.menu_code menuCode, p.permission_code permissionCode FROM account u LEFT JOIN sys_role r ON r.id = u.role_id LEFT JOIN sys_role_permission rp ON u.role_id = rp.role_id LEFT JOIN sys_permission p ON rp.permission_id = p.id AND rp.delete_status = '1' WHERE u.username = ? AND u.delete_status = '1' 
2019-05-11 14:07:17.877 DEBUG --- [BaseJdbcLogger.java:159][http-nio-8080-exec-2] - ==> Parameters: company(String)
2019-05-11 14:07:17.899 DEBUG --- [BaseJdbcLogger.java:159][http-nio-8080-exec-2] - <==      Total: 7
2019-05-11 14:07:18.242 DEBUG --- [BaseJdbcLogger.java:159][http-nio-8080-exec-3] - ==>  Preparing: SELECT u.* FROM account u WHERE u.username = ? AND u.delete_status = '1' 
2019-05-11 14:07:18.243 DEBUG --- [BaseJdbcLogger.java:159][http-nio-8080-exec-3] - ==> Parameters: company(String)
2019-05-11 14:07:18.259 DEBUG --- [BaseJdbcLogger.java:159][http-nio-8080-exec-3] - <==      Total: 1
2019-05-11 14:07:18.877 DEBUG --- [BaseJdbcLogger.java:159][http-nio-8080-exec-4] - ==>  Preparing: SELECT u.account_id userId, u.role_id roleId, r.role_name roleName, p.menu_code menuCode, p.permission_code permissionCode FROM account u LEFT JOIN sys_role r ON r.id = u.role_id LEFT JOIN sys_role_permission rp ON u.role_id = rp.role_id LEFT JOIN sys_permission p ON rp.permission_id = p.id AND rp.delete_status = '1' WHERE u.username = ? AND u.delete_status = '1' 
2019-05-11 14:07:18.878 DEBUG --- [BaseJdbcLogger.java:159][http-nio-8080-exec-4] - ==> Parameters: company(String)
2019-05-11 14:07:18.896 DEBUG --- [BaseJdbcLogger.java:159][http-nio-8080-exec-4] - <==      Total: 7
2019-05-11 14:07:19.392 DEBUG --- [BaseJdbcLogger.java:159][http-nio-8080-exec-5] - ==>  Preparing: SELECT count(0) FROM company_not_recruited c WHERE c.delete_status = '1' and company_name = ? 
2019-05-11 14:07:19.393 DEBUG --- [BaseJdbcLogger.java:159][http-nio-8080-exec-5] - ==> Parameters: 发猿地(String)
2019-05-11 14:07:19.410 DEBUG --- [BaseJdbcLogger.java:159][http-nio-8080-exec-5] - <==      Total: 1
2019-05-11 14:07:19.413 DEBUG --- [BaseJdbcLogger.java:159][http-nio-8080-exec-5] - ==>  Preparing: SELECT c.* FROM ( SELECT id id, project_name projectName, deposit deposit, tender_status tenderStatus, studio_name studioName, apply_num applyNum, project_description projectDescription FROM company_not_recruited WHERE delete_status = '1' and company_name = ? ORDER BY id LIMIT ?, ? ) c ORDER BY c.id 
2019-05-11 14:07:19.414 DEBUG --- [BaseJdbcLogger.java:159][http-nio-8080-exec-5] - ==> Parameters: 发猿地(String), 0(Integer), 50(Integer)
2019-05-11 14:07:19.430 DEBUG --- [BaseJdbcLogger.java:159][http-nio-8080-exec-5] - <==      Total: 1
2019-05-11 14:07:20.334 DEBUG --- [BaseJdbcLogger.java:159][http-nio-8080-exec-6] - ==>  Preparing: SELECT u.* FROM account u WHERE u.username = ? AND u.delete_status = '1' 
2019-05-11 14:07:20.335 DEBUG --- [BaseJdbcLogger.java:159][http-nio-8080-exec-6] - ==> Parameters: company(String)
2019-05-11 14:07:20.352 DEBUG --- [BaseJdbcLogger.java:159][http-nio-8080-exec-6] - <==      Total: 1
2019-05-11 14:11:37.224 DEBUG --- [BaseJdbcLogger.java:159][http-nio-8080-exec-8] - ==>  Preparing: SELECT count(0) FROM company_not_recruited c WHERE c.delete_status = '1' and company_name = ? 
2019-05-11 14:11:37.225 DEBUG --- [BaseJdbcLogger.java:159][http-nio-8080-exec-8] - ==> Parameters: 发猿地(String)
2019-05-11 14:11:37.241 DEBUG --- [BaseJdbcLogger.java:159][http-nio-8080-exec-8] - <==      Total: 1
2019-05-11 14:11:37.242 DEBUG --- [BaseJdbcLogger.java:159][http-nio-8080-exec-8] - ==>  Preparing: SELECT c.* FROM ( SELECT id id, project_name projectName, deposit deposit, tender_status tenderStatus, studio_name studioName, apply_num applyNum, project_description projectDescription FROM company_not_recruited WHERE delete_status = '1' and company_name = ? ORDER BY id LIMIT ?, ? ) c ORDER BY c.id 
2019-05-11 14:11:37.243 DEBUG --- [BaseJdbcLogger.java:159][http-nio-8080-exec-8] - ==> Parameters: 发猿地(String), 0(Integer), 50(Integer)
2019-05-11 14:11:37.260 DEBUG --- [BaseJdbcLogger.java:159][http-nio-8080-exec-8] - <==      Total: 1
2019-05-11 14:12:16.957 DEBUG --- [BaseJdbcLogger.java:159][http-nio-8080-exec-7] - ==>  Preparing: SELECT snr.studio_name studioName, snr.project_name projectname, a.evaluate FROM ( SELECT studio_name,project_name FROM company_not_recruited WHERE project_name = ? and company_name = ? )snr,( SELECT evaluate,unit_name FROM account )a WHERE snr.studio_name = a.unit_name 
2019-05-11 14:12:16.958 DEBUG --- [BaseJdbcLogger.java:159][http-nio-8080-exec-7] - ==> Parameters: 商城网站建设(String), 发猿地(String)
2019-05-11 14:12:16.974 DEBUG --- [BaseJdbcLogger.java:159][http-nio-8080-exec-7] - <==      Total: 1
2019-05-11 14:12:16.975 DEBUG --- [BaseJdbcLogger.java:159][http-nio-8080-exec-7] - ==>  Preparing: SELECT snr.studio_name studioName, snr.project_name projectname, a.evaluate FROM ( SELECT studio_name,project_name FROM studio_not_recruited WHERE project_name = ? and company_name = ? and bid_status = '3' )snr,( SELECT evaluate,unit_name FROM account )a WHERE snr.studio_name = a.unit_name ORDER BY a.evaluate desc 
2019-05-11 14:12:16.976 DEBUG --- [BaseJdbcLogger.java:159][http-nio-8080-exec-7] - ==> Parameters: 商城网站建设(String), 发猿地(String)
2019-05-11 14:12:16.992 DEBUG --- [BaseJdbcLogger.java:159][http-nio-8080-exec-7] - <==      Total: 0
2019-05-11 14:16:36.720 DEBUG --- [BaseJdbcLogger.java:159][http-nio-8080-exec-9] - ==>  Preparing: SELECT snr.studio_name studioName, snr.project_name projectname, a.evaluate FROM ( SELECT studio_name,project_name FROM company_not_recruited WHERE project_name = ? and company_name = ? )snr,( SELECT evaluate,unit_name FROM account )a WHERE snr.studio_name = a.unit_name 
2019-05-11 14:16:36.722 DEBUG --- [BaseJdbcLogger.java:159][http-nio-8080-exec-9] - ==> Parameters: 商城网站建设(String), 发猿地(String)
2019-05-11 14:16:36.740 DEBUG --- [BaseJdbcLogger.java:159][http-nio-8080-exec-9] - <==      Total: 1
2019-05-11 14:16:36.742 DEBUG --- [BaseJdbcLogger.java:159][http-nio-8080-exec-9] - ==>  Preparing: SELECT snr.studio_name studioName, snr.project_name projectname, a.evaluate FROM ( SELECT studio_name,project_name FROM studio_not_recruited WHERE project_name = ? and company_name = ? and bid_status = '3' )snr,( SELECT evaluate,unit_name FROM account )a WHERE snr.studio_name = a.unit_name ORDER BY a.evaluate desc 
2019-05-11 14:16:36.743 DEBUG --- [BaseJdbcLogger.java:159][http-nio-8080-exec-9] - ==> Parameters: 商城网站建设(String), 发猿地(String)
2019-05-11 14:16:36.760 DEBUG --- [BaseJdbcLogger.java:159][http-nio-8080-exec-9] - <==      Total: 0
2019-05-11 14:23:34.038 DEBUG --- [BaseJdbcLogger.java:159][http-nio-8080-exec-10] - ==>  Preparing: SELECT u.username username, u.password password, u.unit_name unitName FROM account u WHERE u.username = ? AND u.password = ? AND u.delete_status = '1' 
2019-05-11 14:23:34.039 DEBUG --- [BaseJdbcLogger.java:159][http-nio-8080-exec-10] - ==> Parameters: zaoren(String), 123456(String)
2019-05-11 14:23:34.055 DEBUG --- [BaseJdbcLogger.java:159][http-nio-8080-exec-10] - <==      Total: 0
2019-05-11 14:23:59.577 DEBUG --- [BaseJdbcLogger.java:159][http-nio-8080-exec-1] - ==>  Preparing: SELECT u.username username, u.password password, u.unit_name unitName FROM account u WHERE u.username = ? AND u.password = ? AND u.delete_status = '1' 
2019-05-11 14:23:59.579 DEBUG --- [BaseJdbcLogger.java:159][http-nio-8080-exec-1] - ==> Parameters: wwq(String), 123456(String)
2019-05-11 14:23:59.595 DEBUG --- [BaseJdbcLogger.java:159][http-nio-8080-exec-1] - <==      Total: 0
2019-05-11 14:24:04.898 DEBUG --- [BaseJdbcLogger.java:159][http-nio-8080-exec-2] - ==>  Preparing: SELECT u.username username, u.password password, u.unit_name unitName FROM account u WHERE u.username = ? AND u.password = ? AND u.delete_status = '1' 
2019-05-11 14:24:04.899 DEBUG --- [BaseJdbcLogger.java:159][http-nio-8080-exec-2] - ==> Parameters: wwq(String), 123(String)
2019-05-11 14:24:04.915 DEBUG --- [BaseJdbcLogger.java:159][http-nio-8080-exec-2] - <==      Total: 1
2019-05-11 14:24:05.256 DEBUG --- [BaseJdbcLogger.java:159][http-nio-8080-exec-3] - ==>  Preparing: SELECT u.account_id userId, u.role_id roleId, r.role_name roleName, p.menu_code menuCode, p.permission_code permissionCode FROM account u LEFT JOIN sys_role r ON r.id = u.role_id LEFT JOIN sys_role_permission rp ON u.role_id = rp.role_id LEFT JOIN sys_permission p ON rp.permission_id = p.id AND rp.delete_status = '1' WHERE u.username = ? AND u.delete_status = '1' 
2019-05-11 14:24:05.257 DEBUG --- [BaseJdbcLogger.java:159][http-nio-8080-exec-3] - ==> Parameters: wwq(String)
2019-05-11 14:24:05.275 DEBUG --- [BaseJdbcLogger.java:159][http-nio-8080-exec-3] - <==      Total: 10
2019-05-11 14:24:05.503 DEBUG --- [BaseJdbcLogger.java:159][http-nio-8080-exec-4] - ==>  Preparing: SELECT u.* FROM account u WHERE u.username = ? AND u.delete_status = '1' 
2019-05-11 14:24:05.503 DEBUG --- [BaseJdbcLogger.java:159][http-nio-8080-exec-4] - ==> Parameters: wwq(String)
2019-05-11 14:24:05.519 DEBUG --- [BaseJdbcLogger.java:159][http-nio-8080-exec-4] - <==      Total: 1
2019-05-11 14:24:05.991 DEBUG --- [BaseJdbcLogger.java:159][http-nio-8080-exec-5] - ==>  Preparing: SELECT count(0) FROM studio_not_recruited s WHERE s.delete_status = '1' and studio_name = ? 
2019-05-11 14:24:05.991 DEBUG --- [BaseJdbcLogger.java:159][http-nio-8080-exec-5] - ==> Parameters: 温州邮箱公司(String)
2019-05-11 14:24:06.009 DEBUG --- [BaseJdbcLogger.java:159][http-nio-8080-exec-5] - <==      Total: 1
2019-05-11 14:24:06.013 DEBUG --- [BaseJdbcLogger.java:159][http-nio-8080-exec-5] - ==>  Preparing: SELECT s.* FROM ( SELECT id id, project_name projectName, deposit deposit, final_payment finalPayment, company_name companyName, bid_status bidStatus, studio_name studioName, project_description projectDescription FROM studio_not_recruited WHERE delete_status = '1' and studio_name = ? ORDER BY id LIMIT ?, ? ) s ORDER BY s.id 
2019-05-11 14:24:06.015 DEBUG --- [BaseJdbcLogger.java:159][http-nio-8080-exec-5] - ==> Parameters: 温州邮箱公司(String), 0(Integer), 50(Integer)
2019-05-11 14:24:06.034 DEBUG --- [BaseJdbcLogger.java:159][http-nio-8080-exec-5] - <==      Total: 4
2019-05-11 14:24:24.290 DEBUG --- [BaseJdbcLogger.java:159][http-nio-8080-exec-6] - ==>  Preparing: SELECT u.username username, u.password password, u.unit_name unitName FROM account u WHERE u.username = ? AND u.password = ? AND u.delete_status = '1' 
2019-05-11 14:24:24.291 DEBUG --- [BaseJdbcLogger.java:159][http-nio-8080-exec-6] - ==> Parameters: wcy(String), 123456(String)
2019-05-11 14:24:24.316 DEBUG --- [BaseJdbcLogger.java:159][http-nio-8080-exec-6] - <==      Total: 0
2019-05-11 14:24:28.511 DEBUG --- [BaseJdbcLogger.java:159][http-nio-8080-exec-8] - ==>  Preparing: SELECT u.username username, u.password password, u.unit_name unitName FROM account u WHERE u.username = ? AND u.password = ? AND u.delete_status = '1' 
2019-05-11 14:24:28.512 DEBUG --- [BaseJdbcLogger.java:159][http-nio-8080-exec-8] - ==> Parameters: wcy(String), 1234(String)
2019-05-11 14:24:28.527 DEBUG --- [BaseJdbcLogger.java:159][http-nio-8080-exec-8] - <==      Total: 1
2019-05-11 14:24:28.862 DEBUG --- [BaseJdbcLogger.java:159][http-nio-8080-exec-7] - ==>  Preparing: SELECT u.account_id userId, u.role_id roleId, r.role_name roleName, p.menu_code menuCode, p.permission_code permissionCode FROM account u LEFT JOIN sys_role r ON r.id = u.role_id LEFT JOIN sys_role_permission rp ON u.role_id = rp.role_id LEFT JOIN sys_permission p ON rp.permission_id = p.id AND rp.delete_status = '1' WHERE u.username = ? AND u.delete_status = '1' 
2019-05-11 14:24:28.863 DEBUG --- [BaseJdbcLogger.java:159][http-nio-8080-exec-7] - ==> Parameters: wcy(String)
2019-05-11 14:24:28.882 DEBUG --- [BaseJdbcLogger.java:159][http-nio-8080-exec-7] - <==      Total: 7
2019-05-11 14:24:29.110 DEBUG --- [BaseJdbcLogger.java:159][http-nio-8080-exec-9] - ==>  Preparing: SELECT u.* FROM account u WHERE u.username = ? AND u.delete_status = '1' 
2019-05-11 14:24:29.111 DEBUG --- [BaseJdbcLogger.java:159][http-nio-8080-exec-9] - ==> Parameters: wcy(String)
2019-05-11 14:24:29.128 DEBUG --- [BaseJdbcLogger.java:159][http-nio-8080-exec-9] - <==      Total: 1
2019-05-11 14:24:29.824 DEBUG --- [BaseJdbcLogger.java:159][http-nio-8080-exec-10] - ==>  Preparing: SELECT count(0) FROM company_not_recruited c WHERE c.delete_status = '1' and company_name = ? 
2019-05-11 14:24:29.825 DEBUG --- [BaseJdbcLogger.java:159][http-nio-8080-exec-10] - ==> Parameters: NIT(String)
2019-05-11 14:24:29.841 DEBUG --- [BaseJdbcLogger.java:159][http-nio-8080-exec-10] - <==      Total: 1
2019-05-11 14:24:29.843 DEBUG --- [BaseJdbcLogger.java:159][http-nio-8080-exec-10] - ==>  Preparing: SELECT c.* FROM ( SELECT id id, project_name projectName, deposit deposit, tender_status tenderStatus, studio_name studioName, apply_num applyNum, project_description projectDescription FROM company_not_recruited WHERE delete_status = '1' and company_name = ? ORDER BY id LIMIT ?, ? ) c ORDER BY c.id 
2019-05-11 14:24:29.845 DEBUG --- [BaseJdbcLogger.java:159][http-nio-8080-exec-10] - ==> Parameters: NIT(String), 0(Integer), 50(Integer)
2019-05-11 14:24:29.861 DEBUG --- [BaseJdbcLogger.java:159][http-nio-8080-exec-10] - <==      Total: 0
2019-05-11 14:24:46.428 DEBUG --- [BaseJdbcLogger.java:159][http-nio-8080-exec-1] - ==>  Preparing: INSERT INTO demand (project_type,project_name, project_description, demand_type, project_cycle, project_budget, recruitment_role, project_demand,employer_name ) VALUES (?,?, ?, ?, ?, ?,?, ?,?) 
2019-05-11 14:24:46.429 DEBUG --- [BaseJdbcLogger.java:159][http-nio-8080-exec-1] - ==> Parameters: Web网站(String), 开发一个教务系统(String), 1(String), 项目外包(String), 34(String), 100(String), 设计师(String), 432(String), NIT(String)
2019-05-11 14:24:46.445 DEBUG --- [BaseJdbcLogger.java:159][http-nio-8080-exec-1] - <==    Updates: 1
2019-05-11 14:24:46.598 DEBUG --- [BaseJdbcLogger.java:159][http-nio-8080-exec-2] - ==>  Preparing: INSERT INTO company_not_recruited (project_name, tender_status, apply_num, delete_status, company_name, deposit, project_description) VALUES (?, '0', '0', '1', ?,?*0.1, ?) 
2019-05-11 14:24:46.599 DEBUG --- [BaseJdbcLogger.java:159][http-nio-8080-exec-2] - ==> Parameters: 开发一个教务系统(String), NIT(String), 100(String), 1(String)
2019-05-11 14:24:46.622 DEBUG --- [BaseJdbcLogger.java:159][http-nio-8080-exec-2] - <==    Updates: 1
2019-05-11 14:24:49.757 DEBUG --- [BaseJdbcLogger.java:159][http-nio-8080-exec-3] - ==>  Preparing: SELECT count(0) FROM company_not_recruited c WHERE c.delete_status = '1' and company_name = ? 
2019-05-11 14:24:49.758 DEBUG --- [BaseJdbcLogger.java:159][http-nio-8080-exec-3] - ==> Parameters: NIT(String)
2019-05-11 14:24:49.775 DEBUG --- [BaseJdbcLogger.java:159][http-nio-8080-exec-3] - <==      Total: 1
2019-05-11 14:24:49.776 DEBUG --- [BaseJdbcLogger.java:159][http-nio-8080-exec-3] - ==>  Preparing: SELECT c.* FROM ( SELECT id id, project_name projectName, deposit deposit, tender_status tenderStatus, studio_name studioName, apply_num applyNum, project_description projectDescription FROM company_not_recruited WHERE delete_status = '1' and company_name = ? ORDER BY id LIMIT ?, ? ) c ORDER BY c.id 
2019-05-11 14:24:49.778 DEBUG --- [BaseJdbcLogger.java:159][http-nio-8080-exec-3] - ==> Parameters: NIT(String), 0(Integer), 50(Integer)
2019-05-11 14:24:49.796 DEBUG --- [BaseJdbcLogger.java:159][http-nio-8080-exec-3] - <==      Total: 1
2019-05-11 14:25:57.224 DEBUG --- [BaseJdbcLogger.java:159][http-nio-8080-exec-4] - ==>  Preparing: SELECT u.username username, u.password password, u.unit_name unitName FROM account u WHERE u.username = ? AND u.password = ? AND u.delete_status = '1' 
2019-05-11 14:25:57.224 DEBUG --- [BaseJdbcLogger.java:159][http-nio-8080-exec-4] - ==> Parameters: company(String), 123456(String)
2019-05-11 14:25:57.240 DEBUG --- [BaseJdbcLogger.java:159][http-nio-8080-exec-4] - <==      Total: 1
2019-05-11 14:25:57.464 DEBUG --- [BaseJdbcLogger.java:159][http-nio-8080-exec-5] - ==>  Preparing: SELECT u.account_id userId, u.role_id roleId, r.role_name roleName, p.menu_code menuCode, p.permission_code permissionCode FROM account u LEFT JOIN sys_role r ON r.id = u.role_id LEFT JOIN sys_role_permission rp ON u.role_id = rp.role_id LEFT JOIN sys_permission p ON rp.permission_id = p.id AND rp.delete_status = '1' WHERE u.username = ? AND u.delete_status = '1' 
2019-05-11 14:25:57.465 DEBUG --- [BaseJdbcLogger.java:159][http-nio-8080-exec-5] - ==> Parameters: company(String)
2019-05-11 14:25:57.483 DEBUG --- [BaseJdbcLogger.java:159][http-nio-8080-exec-5] - <==      Total: 7
2019-05-11 14:25:57.567 DEBUG --- [BaseJdbcLogger.java:159][http-nio-8080-exec-6] - ==>  Preparing: SELECT u.* FROM account u WHERE u.username = ? AND u.delete_status = '1' 
2019-05-11 14:25:57.567 DEBUG --- [BaseJdbcLogger.java:159][http-nio-8080-exec-6] - ==> Parameters: company(String)
2019-05-11 14:25:57.584 DEBUG --- [BaseJdbcLogger.java:159][http-nio-8080-exec-6] - <==      Total: 1
2019-05-11 14:25:58.787 DEBUG --- [BaseJdbcLogger.java:159][http-nio-8080-exec-8] - ==>  Preparing: SELECT count(0) FROM company_not_recruited c WHERE c.delete_status = '1' and company_name = ? 
2019-05-11 14:25:58.788 DEBUG --- [BaseJdbcLogger.java:159][http-nio-8080-exec-8] - ==> Parameters: 发猿地(String)
2019-05-11 14:25:58.804 DEBUG --- [BaseJdbcLogger.java:159][http-nio-8080-exec-8] - <==      Total: 1
2019-05-11 14:25:58.806 DEBUG --- [BaseJdbcLogger.java:159][http-nio-8080-exec-8] - ==>  Preparing: SELECT c.* FROM ( SELECT id id, project_name projectName, deposit deposit, tender_status tenderStatus, studio_name studioName, apply_num applyNum, project_description projectDescription FROM company_not_recruited WHERE delete_status = '1' and company_name = ? ORDER BY id LIMIT ?, ? ) c ORDER BY c.id 
2019-05-11 14:25:58.807 DEBUG --- [BaseJdbcLogger.java:159][http-nio-8080-exec-8] - ==> Parameters: 发猿地(String), 0(Integer), 50(Integer)
2019-05-11 14:25:58.824 DEBUG --- [BaseJdbcLogger.java:159][http-nio-8080-exec-8] - <==      Total: 1
2019-05-11 14:28:05.992 DEBUG --- [BaseJdbcLogger.java:159][http-nio-8080-exec-7] - ==>  Preparing: SELECT count(0) FROM company_progress co WHERE co.delete_status = '1' and company_name = ? 
2019-05-11 14:28:05.993 DEBUG --- [BaseJdbcLogger.java:159][http-nio-8080-exec-7] - ==> Parameters: 发猿地(String)
2019-05-11 14:28:06.009 DEBUG --- [BaseJdbcLogger.java:159][http-nio-8080-exec-7] - <==      Total: 1
2019-05-11 14:28:06.010 DEBUG --- [BaseJdbcLogger.java:159][http-nio-8080-exec-7] - ==>  Preparing: SELECT co.* FROM ( SELECT id id, project_name projectName, final_payment finalPayment, studio_name studioName, apply_for_final_payment applyForFinalPayment, project_description projectDescription FROM company_progress WHERE delete_status = '1' and company_name = ? ORDER BY id LIMIT ?, ? ) co ORDER BY co.id 
2019-05-11 14:28:06.011 DEBUG --- [BaseJdbcLogger.java:159][http-nio-8080-exec-7] - ==> Parameters: 发猿地(String), 0(Integer), 50(Integer)
2019-05-11 14:28:06.027 DEBUG --- [BaseJdbcLogger.java:159][http-nio-8080-exec-7] - <==      Total: 1
2019-05-11 14:28:15.937 DEBUG --- [BaseJdbcLogger.java:159][http-nio-8080-exec-9] - ==>  Preparing: SELECT af.project_name projectName, af.studio_name studioName, af.company_name companyName, af.update_date updateDate FROM apply_for_final_payment af WHERE af.company_name = ? and af.project_name = ? and af.studio_name = ? 
2019-05-11 14:28:15.938 DEBUG --- [BaseJdbcLogger.java:159][http-nio-8080-exec-9] - ==> Parameters: 发猿地(String), 商城网站建设(String), 田丁科技(String)
2019-05-11 14:28:15.954 DEBUG --- [BaseJdbcLogger.java:159][http-nio-8080-exec-9] - <==      Total: 0
2019-05-11 14:28:15.955 DEBUG --- [BaseJdbcLogger.java:159][http-nio-8080-exec-9] - ==>  Preparing: UPDATE company_progress SET apply_for_final_payment = '0' WHERE project_name = ? and company_name = ? and studio_name = ? 
2019-05-11 14:28:15.956 DEBUG --- [BaseJdbcLogger.java:159][http-nio-8080-exec-9] - ==> Parameters: 商城网站建设(String), 发猿地(String), 田丁科技(String)
2019-05-11 14:28:15.984 DEBUG --- [BaseJdbcLogger.java:159][http-nio-8080-exec-9] - <==    Updates: 2
2019-05-11 14:28:16.341 DEBUG --- [BaseJdbcLogger.java:159][http-nio-8080-exec-10] - ==>  Preparing: SELECT count(0) FROM company_progress co WHERE co.delete_status = '1' and company_name = ? 
2019-05-11 14:28:16.341 DEBUG --- [BaseJdbcLogger.java:159][http-nio-8080-exec-10] - ==> Parameters: 发猿地(String)
2019-05-11 14:28:16.357 DEBUG --- [BaseJdbcLogger.java:159][http-nio-8080-exec-10] - <==      Total: 1
2019-05-11 14:28:16.358 DEBUG --- [BaseJdbcLogger.java:159][http-nio-8080-exec-10] - ==>  Preparing: SELECT co.* FROM ( SELECT id id, project_name projectName, final_payment finalPayment, studio_name studioName, apply_for_final_payment applyForFinalPayment, project_description projectDescription FROM company_progress WHERE delete_status = '1' and company_name = ? ORDER BY id LIMIT ?, ? ) co ORDER BY co.id 
2019-05-11 14:28:16.359 DEBUG --- [BaseJdbcLogger.java:159][http-nio-8080-exec-10] - ==> Parameters: 发猿地(String), 0(Integer), 50(Integer)
2019-05-11 14:28:16.375 DEBUG --- [BaseJdbcLogger.java:159][http-nio-8080-exec-10] - <==      Total: 1
2019-05-11 14:29:49.616 DEBUG --- [BaseJdbcLogger.java:159][http-nio-8080-exec-1] - ==>  Preparing: SELECT count(0) FROM company_not_recruited c WHERE c.delete_status = '1' and company_name = ? 
2019-05-11 14:29:49.617 DEBUG --- [BaseJdbcLogger.java:159][http-nio-8080-exec-1] - ==> Parameters: 发猿地(String)
2019-05-11 14:29:49.632 DEBUG --- [BaseJdbcLogger.java:159][http-nio-8080-exec-1] - <==      Total: 1
2019-05-11 14:29:49.633 DEBUG --- [BaseJdbcLogger.java:159][http-nio-8080-exec-1] - ==>  Preparing: SELECT c.* FROM ( SELECT id id, project_name projectName, deposit deposit, tender_status tenderStatus, studio_name studioName, apply_num applyNum, project_description projectDescription FROM company_not_recruited WHERE delete_status = '1' and company_name = ? ORDER BY id LIMIT ?, ? ) c ORDER BY c.id 
2019-05-11 14:29:49.634 DEBUG --- [BaseJdbcLogger.java:159][http-nio-8080-exec-1] - ==> Parameters: 发猿地(String), 0(Integer), 50(Integer)
2019-05-11 14:29:49.650 DEBUG --- [BaseJdbcLogger.java:159][http-nio-8080-exec-1] - <==      Total: 1
2019-05-11 14:31:45.780 DEBUG --- [BaseJdbcLogger.java:159][http-nio-8080-exec-2] - ==>  Preparing: SELECT count(0) FROM company_progress co WHERE co.delete_status = '1' and company_name = ? 
2019-05-11 14:31:45.781 DEBUG --- [BaseJdbcLogger.java:159][http-nio-8080-exec-2] - ==> Parameters: 发猿地(String)
2019-05-11 14:31:45.797 DEBUG --- [BaseJdbcLogger.java:159][http-nio-8080-exec-2] - <==      Total: 1
2019-05-11 14:31:45.798 DEBUG --- [BaseJdbcLogger.java:159][http-nio-8080-exec-2] - ==>  Preparing: SELECT co.* FROM ( SELECT id id, project_name projectName, final_payment finalPayment, studio_name studioName, apply_for_final_payment applyForFinalPayment, project_description projectDescription FROM company_progress WHERE delete_status = '1' and company_name = ? ORDER BY id LIMIT ?, ? ) co ORDER BY co.id 
2019-05-11 14:31:45.798 DEBUG --- [BaseJdbcLogger.java:159][http-nio-8080-exec-2] - ==> Parameters: 发猿地(String), 0(Integer), 50(Integer)
2019-05-11 14:31:45.814 DEBUG --- [BaseJdbcLogger.java:159][http-nio-8080-exec-2] - <==      Total: 1
2019-05-11 14:35:29.767 DEBUG --- [BaseJdbcLogger.java:159][http-nio-8080-exec-3] - ==>  Preparing: SELECT count(0) FROM company_finished f WHERE f.delete_status = '1' and company_name = ? 
2019-05-11 14:35:29.768 DEBUG --- [BaseJdbcLogger.java:159][http-nio-8080-exec-3] - ==> Parameters: 发猿地(String)
2019-05-11 14:35:29.784 DEBUG --- [BaseJdbcLogger.java:159][http-nio-8080-exec-3] - <==      Total: 1
2019-05-11 14:35:29.786 DEBUG --- [BaseJdbcLogger.java:159][http-nio-8080-exec-3] - ==>  Preparing: SELECT f.* FROM ( SELECT id id, project_name projectName, evaluate evaluate, FORMAT(evaluate_demand,2) evaluateDemand, FORMAT(evaluate_ability,2) evaluateAbility, FORMAT(evaluate_plan,2) evaluatePlan, studio_name studioName, project_description projectDescription FROM company_finished WHERE delete_status = '1' and company_name = ? ORDER BY id LIMIT ?, ? ) f ORDER BY f.id 
2019-05-11 14:35:29.786 DEBUG --- [BaseJdbcLogger.java:159][http-nio-8080-exec-3] - ==> Parameters: 发猿地(String), 0(Integer), 50(Integer)
2019-05-11 14:35:29.809 DEBUG --- [BaseJdbcLogger.java:159][http-nio-8080-exec-3] - <==      Total: 4
2019-05-11 14:35:33.976 DEBUG --- [BaseJdbcLogger.java:159][http-nio-8080-exec-4] - ==>  Preparing: SELECT count(0) FROM company_progress co WHERE co.delete_status = '1' and company_name = ? 
2019-05-11 14:35:33.977 DEBUG --- [BaseJdbcLogger.java:159][http-nio-8080-exec-4] - ==> Parameters: 发猿地(String)
2019-05-11 14:35:33.993 DEBUG --- [BaseJdbcLogger.java:159][http-nio-8080-exec-4] - <==      Total: 1
2019-05-11 14:35:33.995 DEBUG --- [BaseJdbcLogger.java:159][http-nio-8080-exec-4] - ==>  Preparing: SELECT co.* FROM ( SELECT id id, project_name projectName, final_payment finalPayment, studio_name studioName, apply_for_final_payment applyForFinalPayment, project_description projectDescription FROM company_progress WHERE delete_status = '1' and company_name = ? ORDER BY id LIMIT ?, ? ) co ORDER BY co.id 
2019-05-11 14:35:33.996 DEBUG --- [BaseJdbcLogger.java:159][http-nio-8080-exec-4] - ==> Parameters: 发猿地(String), 0(Integer), 50(Integer)
2019-05-11 14:35:34.011 DEBUG --- [BaseJdbcLogger.java:159][http-nio-8080-exec-4] - <==      Total: 1
2019-05-11 14:40:01.413 DEBUG --- [BaseJdbcLogger.java:159][http-nio-8080-exec-5] - ==>  Preparing: SELECT count(0) FROM company_finished f WHERE f.delete_status = '1' and company_name = ? 
2019-05-11 14:40:01.414 DEBUG --- [BaseJdbcLogger.java:159][http-nio-8080-exec-5] - ==> Parameters: 发猿地(String)
2019-05-11 14:40:01.431 DEBUG --- [BaseJdbcLogger.java:159][http-nio-8080-exec-5] - <==      Total: 1
2019-05-11 14:40:01.432 DEBUG --- [BaseJdbcLogger.java:159][http-nio-8080-exec-5] - ==>  Preparing: SELECT f.* FROM ( SELECT id id, project_name projectName, evaluate evaluate, FORMAT(evaluate_demand,2) evaluateDemand, FORMAT(evaluate_ability,2) evaluateAbility, FORMAT(evaluate_plan,2) evaluatePlan, studio_name studioName, project_description projectDescription FROM company_finished WHERE delete_status = '1' and company_name = ? ORDER BY id LIMIT ?, ? ) f ORDER BY f.id 
2019-05-11 14:40:01.432 DEBUG --- [BaseJdbcLogger.java:159][http-nio-8080-exec-5] - ==> Parameters: 发猿地(String), 0(Integer), 50(Integer)
2019-05-11 14:40:01.449 DEBUG --- [BaseJdbcLogger.java:159][http-nio-8080-exec-5] - <==      Total: 4
2019-05-11 14:48:03.799 DEBUG --- [BaseJdbcLogger.java:159][http-nio-8080-exec-6] - ==>  Preparing: SELECT u.* FROM account u WHERE u.username = ? AND u.delete_status = '1' 
2019-05-11 14:48:03.799 DEBUG --- [BaseJdbcLogger.java:159][http-nio-8080-exec-6] - ==> Parameters: company(String)
2019-05-11 14:48:03.818 DEBUG --- [BaseJdbcLogger.java:159][http-nio-8080-exec-6] - <==      Total: 1
2019-05-11 14:48:16.976 DEBUG --- [BaseJdbcLogger.java:159][http-nio-8080-exec-8] - ==>  Preparing: SELECT sum(cm.deposit+final_payment) as balance FROM cost_management cm WHERE cm.company_name = ? 
2019-05-11 14:48:16.976 DEBUG --- [BaseJdbcLogger.java:159][http-nio-8080-exec-8] - ==> Parameters: 发猿地(String)
2019-05-11 14:48:16.982 DEBUG --- [BaseJdbcLogger.java:159][http-nio-8080-exec-7] - ==>  Preparing: SELECT cf.project_name projectName, cf.budget budget, cf.studio_name unitName FROM company_finished cf WHERE cf.company_name = ? 
2019-05-11 14:48:16.982 DEBUG --- [BaseJdbcLogger.java:159][http-nio-8080-exec-7] - ==> Parameters: 发猿地(String)
2019-05-11 14:48:16.989 DEBUG --- [BaseJdbcLogger.java:159][http-nio-8080-exec-9] - ==>  Preparing: SELECT cmr.project_name projectName, cmr.studio_name unitName FROM company_not_recruited cmr WHERE cmr.company_name = ? AND cmr.tender_status = '0' 
2019-05-11 14:48:16.990 DEBUG --- [BaseJdbcLogger.java:159][http-nio-8080-exec-9] - ==> Parameters: 发猿地(String)
2019-05-11 14:48:16.993 DEBUG --- [BaseJdbcLogger.java:159][http-nio-8080-exec-8] - <==      Total: 1
2019-05-11 14:48:16.999 DEBUG --- [BaseJdbcLogger.java:159][http-nio-8080-exec-7] - <==      Total: 4
2019-05-11 14:48:17.007 DEBUG --- [BaseJdbcLogger.java:159][http-nio-8080-exec-9] - <==      Total: 0
2019-05-11 14:48:17.008 DEBUG --- [BaseJdbcLogger.java:159][http-nio-8080-exec-9] - ==>  Preparing: SELECT cmp.project_name projectName, cmp.studio_name unitName FROM company_progress cmp WHERE cmp.company_name = ? 
2019-05-11 14:48:17.008 DEBUG --- [BaseJdbcLogger.java:159][http-nio-8080-exec-9] - ==> Parameters: 发猿地(String)
2019-05-11 14:48:17.025 DEBUG --- [BaseJdbcLogger.java:159][http-nio-8080-exec-9] - <==      Total: 3
2019-05-11 14:48:18.272 DEBUG --- [BaseJdbcLogger.java:159][http-nio-8080-exec-10] - ==>  Preparing: SELECT u.* FROM account u WHERE u.username = ? AND u.delete_status = '1' 
2019-05-11 14:48:18.273 DEBUG --- [BaseJdbcLogger.java:159][http-nio-8080-exec-10] - ==> Parameters: company(String)
2019-05-11 14:48:18.292 DEBUG --- [BaseJdbcLogger.java:159][http-nio-8080-exec-10] - <==      Total: 1
2019-05-11 14:52:18.230 DEBUG --- [BaseJdbcLogger.java:159][http-nio-8080-exec-1] - ==>  Preparing: SELECT sum(cm.deposit+final_payment) as balance FROM cost_management cm WHERE cm.company_name = ? 
2019-05-11 14:52:18.231 DEBUG --- [BaseJdbcLogger.java:159][http-nio-8080-exec-1] - ==> Parameters: 发猿地(String)
2019-05-11 14:52:18.235 DEBUG --- [BaseJdbcLogger.java:159][http-nio-8080-exec-3] - ==>  Preparing: SELECT cmr.project_name projectName, cmr.studio_name unitName FROM company_not_recruited cmr WHERE cmr.company_name = ? AND cmr.tender_status = '0' 
2019-05-11 14:52:18.235 DEBUG --- [BaseJdbcLogger.java:159][http-nio-8080-exec-2] - ==>  Preparing: SELECT cf.project_name projectName, cf.budget budget, cf.studio_name unitName FROM company_finished cf WHERE cf.company_name = ? 
2019-05-11 14:52:18.236 DEBUG --- [BaseJdbcLogger.java:159][http-nio-8080-exec-3] - ==> Parameters: 发猿地(String)
2019-05-11 14:52:18.236 DEBUG --- [BaseJdbcLogger.java:159][http-nio-8080-exec-2] - ==> Parameters: 发猿地(String)
2019-05-11 14:52:18.252 DEBUG --- [BaseJdbcLogger.java:159][http-nio-8080-exec-2] - <==      Total: 4
2019-05-11 14:52:18.254 DEBUG --- [BaseJdbcLogger.java:159][http-nio-8080-exec-3] - <==      Total: 0
2019-05-11 14:52:18.255 DEBUG --- [BaseJdbcLogger.java:159][http-nio-8080-exec-1] - <==      Total: 1
2019-05-11 14:52:18.256 DEBUG --- [BaseJdbcLogger.java:159][http-nio-8080-exec-3] - ==>  Preparing: SELECT cmp.project_name projectName, cmp.studio_name unitName FROM company_progress cmp WHERE cmp.company_name = ? 
2019-05-11 14:52:18.258 DEBUG --- [BaseJdbcLogger.java:159][http-nio-8080-exec-3] - ==> Parameters: 发猿地(String)
2019-05-11 14:52:18.275 DEBUG --- [BaseJdbcLogger.java:159][http-nio-8080-exec-3] - <==      Total: 3
2019-05-11 14:56:23.917 DEBUG --- [BaseJdbcLogger.java:159][http-nio-8080-exec-4] - ==>  Preparing: SELECT count(0) FROM account a WHERE a.delete_status = '1'and a.role_id = '2' 
2019-05-11 14:56:23.918 DEBUG --- [BaseJdbcLogger.java:159][http-nio-8080-exec-4] - ==> Parameters: 
2019-05-11 14:56:23.936 DEBUG --- [BaseJdbcLogger.java:159][http-nio-8080-exec-4] - <==      Total: 1
2019-05-11 14:56:23.939 DEBUG --- [BaseJdbcLogger.java:159][http-nio-8080-exec-4] - ==>  Preparing: SELECT a.* FROM ( SELECT account_id id, description description, unit_name unitName, address address, telephone telephone, evaluate evaluate, evaluate_demand evaluateDemand, evaluate_ability evaluateAbility, evaluate_plan evaluatePlan, finished_project_num finishedProjectNum FROM account WHERE delete_status = '1' and role_id = '2' ORDER BY evaluate DESC, account_id ASC LIMIT ?, ? ) a 
2019-05-11 14:56:23.940 DEBUG --- [BaseJdbcLogger.java:159][http-nio-8080-exec-4] - ==> Parameters: 0(Integer), 50(Integer)
2019-05-11 14:56:23.958 DEBUG --- [BaseJdbcLogger.java:159][http-nio-8080-exec-4] - <==      Total: 3
2019-05-11 14:58:49.843 DEBUG --- [BaseJdbcLogger.java:159][http-nio-8080-exec-5] - ==>  Preparing: SELECT a.* FROM ( SELECT account_id id, description description, unit_name unitName, address address, telephone telephone, evaluate evaluate, evaluate_demand evaluateDemand, evaluate_ability evaluateAbility, evaluate_plan evaluatePlan, finished_project_num finishedProjectNum, experienced_project_type experiencedProjectType FROM account WHERE experienced_project_type LIKE ? AND delete_status = '1' AND role_id = '2' AND finished_project_num between ? AND ? ORDER BY evaluate desc LIMIT ?, ? ) a 
2019-05-11 14:58:49.844 DEBUG --- [BaseJdbcLogger.java:159][http-nio-8080-exec-5] - ==> Parameters: HTML5应用(String), 0(Integer), 20(Integer), 0(Integer), 10(Integer)
2019-05-11 14:58:49.861 DEBUG --- [BaseJdbcLogger.java:159][http-nio-8080-exec-5] - <==      Total: 0
2019-05-11 14:58:50.536 DEBUG --- [BaseJdbcLogger.java:159][http-nio-8080-exec-6] - ==>  Preparing: SELECT a.* FROM ( SELECT account_id id, description description, unit_name unitName, address address, telephone telephone, evaluate evaluate, evaluate_demand evaluateDemand, evaluate_ability evaluateAbility, evaluate_plan evaluatePlan, finished_project_num finishedProjectNum, experienced_project_type experiencedProjectType FROM account WHERE delete_status = '1' AND role_id = '2' AND finished_project_num between ? AND ? ORDER BY evaluate desc, account_id asc LIMIT ?, ? ) a 
2019-05-11 14:58:50.537 DEBUG --- [BaseJdbcLogger.java:159][http-nio-8080-exec-6] - ==> Parameters: 0(Integer), 20(Integer), 0(Integer), 10(Integer)
2019-05-11 14:58:50.554 DEBUG --- [BaseJdbcLogger.java:159][http-nio-8080-exec-6] - <==      Total: 2
2019-05-11 14:58:53.436 DEBUG --- [BaseJdbcLogger.java:159][http-nio-8080-exec-8] - ==>  Preparing: SELECT a.* FROM account a WHERE a.unit_name = ? AND a.delete_status = '1' 
2019-05-11 14:58:53.436 DEBUG --- [BaseJdbcLogger.java:159][http-nio-8080-exec-8] - ==> Parameters: 田丁科技(String)
2019-05-11 14:58:53.453 DEBUG --- [BaseJdbcLogger.java:159][http-nio-8080-exec-8] - <==      Total: 1
2019-05-11 14:59:01.487 DEBUG --- [BaseJdbcLogger.java:159][http-nio-8080-exec-7] - ==>  Preparing: SELECT count(0) FROM account a WHERE a.delete_status = '1'and a.role_id = '2' 
2019-05-11 14:59:01.488 DEBUG --- [BaseJdbcLogger.java:159][http-nio-8080-exec-7] - ==> Parameters: 
2019-05-11 14:59:01.505 DEBUG --- [BaseJdbcLogger.java:159][http-nio-8080-exec-7] - <==      Total: 1
2019-05-11 14:59:01.506 DEBUG --- [BaseJdbcLogger.java:159][http-nio-8080-exec-7] - ==>  Preparing: SELECT a.* FROM ( SELECT account_id id, description description, unit_name unitName, address address, telephone telephone, evaluate evaluate, evaluate_demand evaluateDemand, evaluate_ability evaluateAbility, evaluate_plan evaluatePlan, finished_project_num finishedProjectNum FROM account WHERE delete_status = '1' and role_id = '2' ORDER BY evaluate DESC, account_id ASC LIMIT ?, ? ) a 
2019-05-11 14:59:01.507 DEBUG --- [BaseJdbcLogger.java:159][http-nio-8080-exec-7] - ==> Parameters: 0(Integer), 50(Integer)
2019-05-11 14:59:01.526 DEBUG --- [BaseJdbcLogger.java:159][http-nio-8080-exec-7] - <==      Total: 3
2019-05-11 15:04:02.817 DEBUG --- [BaseJdbcLogger.java:159][http-nio-8080-exec-9] - ==>  Preparing: SELECT u.username username, u.password password, u.unit_name unitName FROM account u WHERE u.username = ? AND u.password = ? AND u.delete_status = '1' 
2019-05-11 15:04:02.819 DEBUG --- [BaseJdbcLogger.java:159][http-nio-8080-exec-9] - ==> Parameters: admin(String), 123456(String)
2019-05-11 15:04:02.834 DEBUG --- [BaseJdbcLogger.java:159][http-nio-8080-exec-9] - <==      Total: 1
2019-05-11 15:04:03.074 DEBUG --- [BaseJdbcLogger.java:159][http-nio-8080-exec-10] - ==>  Preparing: SELECT u.account_id userId, u.role_id roleId, r.role_name roleName, p.menu_code menuCode, p.permission_code permissionCode FROM account u LEFT JOIN sys_role r ON r.id = u.role_id LEFT JOIN sys_role_permission rp ON u.role_id = rp.role_id LEFT JOIN sys_permission p ON rp.permission_id = p.id AND rp.delete_status = '1' WHERE u.username = ? AND u.delete_status = '1' 
2019-05-11 15:04:03.075 DEBUG --- [BaseJdbcLogger.java:159][http-nio-8080-exec-10] - ==> Parameters: admin(String)
2019-05-11 15:04:03.094 DEBUG --- [BaseJdbcLogger.java:159][http-nio-8080-exec-10] - <==      Total: 1
2019-05-11 15:04:03.095 DEBUG --- [BaseJdbcLogger.java:159][http-nio-8080-exec-10] - ==>  Preparing: SELECT p.menu_code menuCode FROM sys_permission p ORDER BY p.id 
2019-05-11 15:04:03.096 DEBUG --- [BaseJdbcLogger.java:159][http-nio-8080-exec-10] - ==> Parameters: 
2019-05-11 15:04:03.112 DEBUG --- [BaseJdbcLogger.java:159][http-nio-8080-exec-10] - <==      Total: 10
2019-05-11 15:04:03.113 DEBUG --- [BaseJdbcLogger.java:159][http-nio-8080-exec-10] - ==>  Preparing: SELECT p.permission_code permissionCode FROM sys_permission p ORDER BY p.id 
2019-05-11 15:04:03.114 DEBUG --- [BaseJdbcLogger.java:159][http-nio-8080-exec-10] - ==> Parameters: 
2019-05-11 15:04:03.132 DEBUG --- [BaseJdbcLogger.java:159][http-nio-8080-exec-10] - <==      Total: 10
2019-05-11 15:04:03.184 DEBUG --- [BaseJdbcLogger.java:159][http-nio-8080-exec-2] - ==>  Preparing: SELECT u.* FROM account u WHERE u.username = ? AND u.delete_status = '1' 
2019-05-11 15:04:03.185 DEBUG --- [BaseJdbcLogger.java:159][http-nio-8080-exec-2] - ==> Parameters: admin(String)
2019-05-11 15:04:03.202 DEBUG --- [BaseJdbcLogger.java:159][http-nio-8080-exec-2] - <==      Total: 1
2019-05-11 15:04:06.136 DEBUG --- [BaseJdbcLogger.java:159][http-nio-8080-exec-1] - ==>  Preparing: SELECT count(0) FROM account c WHERE c.delete_status = '1' and role_id = '3' 
2019-05-11 15:04:06.136 DEBUG --- [BaseJdbcLogger.java:159][http-nio-8080-exec-1] - ==> Parameters: 
2019-05-11 15:04:06.154 DEBUG --- [BaseJdbcLogger.java:159][http-nio-8080-exec-1] - <==      Total: 1
2019-05-11 15:04:06.155 DEBUG --- [BaseJdbcLogger.java:159][http-nio-8080-exec-1] - ==>  Preparing: SELECT c.* FROM ( SELECT username username, email email, address address, telephone telephone, unit_name unit_name, is_examined is_examined FROM account WHERE delete_status = '1' and role_id = '3' ORDER BY username ) c ORDER BY c.username 
2019-05-11 15:04:06.156 DEBUG --- [BaseJdbcLogger.java:159][http-nio-8080-exec-1] - ==> Parameters: 
2019-05-11 15:04:06.174 DEBUG --- [BaseJdbcLogger.java:159][http-nio-8080-exec-1] - <==      Total: 3
2019-05-11 15:05:28.263 DEBUG --- [BaseJdbcLogger.java:159][http-nio-8080-exec-3] - ==>  Preparing: SELECT count(0) FROM account c WHERE c.delete_status = '1' and role_id = '2' 
2019-05-11 15:05:28.264 DEBUG --- [BaseJdbcLogger.java:159][http-nio-8080-exec-3] - ==> Parameters: 
2019-05-11 15:05:28.280 DEBUG --- [BaseJdbcLogger.java:159][http-nio-8080-exec-3] - <==      Total: 1
2019-05-11 15:05:28.281 DEBUG --- [BaseJdbcLogger.java:159][http-nio-8080-exec-3] - ==>  Preparing: SELECT c.* FROM ( SELECT username username, email email, address address, telephone telephone, unit_name unit_name, is_examined is_examined FROM account WHERE delete_status = '1' and role_id = '2' ORDER BY username ) c ORDER BY c.username 
2019-05-11 15:05:28.282 DEBUG --- [BaseJdbcLogger.java:159][http-nio-8080-exec-3] - ==> Parameters: 
2019-05-11 15:05:28.298 DEBUG --- [BaseJdbcLogger.java:159][http-nio-8080-exec-3] - <==      Total: 3
2019-05-11 15:05:31.853 DEBUG --- [BaseJdbcLogger.java:159][http-nio-8080-exec-4] - ==>  Preparing: SELECT count(0) FROM account c WHERE c.delete_status = '1' and role_id = '3' 
2019-05-11 15:05:31.854 DEBUG --- [BaseJdbcLogger.java:159][http-nio-8080-exec-4] - ==> Parameters: 
2019-05-11 15:05:31.869 DEBUG --- [BaseJdbcLogger.java:159][http-nio-8080-exec-4] - <==      Total: 1
2019-05-11 15:05:31.870 DEBUG --- [BaseJdbcLogger.java:159][http-nio-8080-exec-4] - ==>  Preparing: SELECT c.* FROM ( SELECT username username, email email, address address, telephone telephone, unit_name unit_name, is_examined is_examined FROM account WHERE delete_status = '1' and role_id = '3' ORDER BY username ) c ORDER BY c.username 
2019-05-11 15:05:31.871 DEBUG --- [BaseJdbcLogger.java:159][http-nio-8080-exec-4] - ==> Parameters: 
2019-05-11 15:05:31.887 DEBUG --- [BaseJdbcLogger.java:159][http-nio-8080-exec-4] - <==      Total: 3
2019-05-11 15:12:43.494 DEBUG --- [BaseJdbcLogger.java:159][http-nio-8080-exec-5] - ==>  Preparing: SELECT count(0) FROM company_not_recruited b 
2019-05-11 15:12:43.496 DEBUG --- [BaseJdbcLogger.java:159][http-nio-8080-exec-5] - ==> Parameters: 
2019-05-11 15:12:43.512 DEBUG --- [BaseJdbcLogger.java:159][http-nio-8080-exec-5] - <==      Total: 1
2019-05-11 15:12:43.514 DEBUG --- [BaseJdbcLogger.java:159][http-nio-8080-exec-5] - ==>  Preparing: SELECT b.* FROM ( SELECT project_name projectName, company_name companyName, studio_name studioName, apply_num applyNum, tender_status tenderStatus FROM company_not_recruited ORDER BY id ) b 
2019-05-11 15:12:43.515 DEBUG --- [BaseJdbcLogger.java:159][http-nio-8080-exec-5] - ==> Parameters: 
2019-05-11 15:12:43.532 DEBUG --- [BaseJdbcLogger.java:159][http-nio-8080-exec-5] - <==      Total: 6
2019-05-11 15:12:53.359 DEBUG --- [BaseJdbcLogger.java:159][http-nio-8080-exec-6] - ==>  Preparing: SELECT count(0) FROM project_progress_log c 
2019-05-11 15:12:53.360 DEBUG --- [BaseJdbcLogger.java:159][http-nio-8080-exec-6] - ==> Parameters: 
2019-05-11 15:12:53.375 DEBUG --- [BaseJdbcLogger.java:159][http-nio-8080-exec-6] - <==      Total: 1
2019-05-11 15:12:53.377 DEBUG --- [BaseJdbcLogger.java:159][http-nio-8080-exec-6] - ==>  Preparing: SELECT c.* FROM ( SELECT project_name projectName, progress_log progressLog, date date, company_name companyName, studio_name studioName FROM project_progress_log ORDER BY project_name ) c 
2019-05-11 15:12:53.377 DEBUG --- [BaseJdbcLogger.java:159][http-nio-8080-exec-6] - ==> Parameters: 
2019-05-11 15:12:53.405 DEBUG --- [BaseJdbcLogger.java:159][http-nio-8080-exec-6] - <==      Total: 11
2019-05-11 15:13:16.868 DEBUG --- [BaseJdbcLogger.java:159][http-nio-8080-exec-8] - ==>  Preparing: SELECT count(0) FROM cost_management c 
2019-05-11 15:13:16.869 DEBUG --- [BaseJdbcLogger.java:159][http-nio-8080-exec-8] - ==> Parameters: 
2019-05-11 15:13:16.885 DEBUG --- [BaseJdbcLogger.java:159][http-nio-8080-exec-8] - <==      Total: 1
2019-05-11 15:13:16.887 DEBUG --- [BaseJdbcLogger.java:159][http-nio-8080-exec-8] - ==>  Preparing: SELECT c.* FROM ( SELECT project_name projectName, company_name companyName, studio_name studioName, deposit deposit, final_payment finalPayment, deposit_isPayed depositIsPayed, final_payment_isPayed finalPaymentIsPayed FROM cost_management ORDER BY project_name ) c 
2019-05-11 15:13:16.888 DEBUG --- [BaseJdbcLogger.java:159][http-nio-8080-exec-8] - ==> Parameters: 
2019-05-11 15:13:16.904 DEBUG --- [BaseJdbcLogger.java:159][http-nio-8080-exec-8] - <==      Total: 4
